mode: set
github.com/waynenilsen/power-pro-v3/internal/domain/cycle/cycle.go:49.46,51.2 1 1
github.com/waynenilsen/power-pro-v3/internal/domain/cycle/cycle.go:55.38,56.35 1 1
github.com/waynenilsen/power-pro-v3/internal/domain/cycle/cycle.go:56.35,58.3 1 1
github.com/waynenilsen/power-pro-v3/internal/domain/cycle/cycle.go:59.2,59.31 1 1
github.com/waynenilsen/power-pro-v3/internal/domain/cycle/cycle.go:59.31,61.3 1 1
github.com/waynenilsen/power-pro-v3/internal/domain/cycle/cycle.go:62.2,62.12 1 1
github.com/waynenilsen/power-pro-v3/internal/domain/cycle/cycle.go:67.49,68.21 1 1
github.com/waynenilsen/power-pro-v3/internal/domain/cycle/cycle.go:68.21,70.3 1 1
github.com/waynenilsen/power-pro-v3/internal/domain/cycle/cycle.go:71.2,71.12 1 1
github.com/waynenilsen/power-pro-v3/internal/domain/cycle/cycle.go:82.81,86.49 2 1
github.com/waynenilsen/power-pro-v3/internal/domain/cycle/cycle.go:86.49,88.3 1 1
github.com/waynenilsen/power-pro-v3/internal/domain/cycle/cycle.go:91.2,91.63 1 1
github.com/waynenilsen/power-pro-v3/internal/domain/cycle/cycle.go:91.63,93.3 1 1
github.com/waynenilsen/power-pro-v3/internal/domain/cycle/cycle.go:95.2,95.19 1 1
github.com/waynenilsen/power-pro-v3/internal/domain/cycle/cycle.go:95.19,97.3 1 1
github.com/waynenilsen/power-pro-v3/internal/domain/cycle/cycle.go:99.2,106.11 2 1
github.com/waynenilsen/power-pro-v3/internal/domain/cycle/cycle.go:117.70,121.23 2 1
github.com/waynenilsen/power-pro-v3/internal/domain/cycle/cycle.go:121.23,122.51 1 1
github.com/waynenilsen/power-pro-v3/internal/domain/cycle/cycle.go:122.51,124.4 1 1
github.com/waynenilsen/power-pro-v3/internal/domain/cycle/cycle.go:124.9,126.4 1 1
github.com/waynenilsen/power-pro-v3/internal/domain/cycle/cycle.go:130.2,130.30 1 1
github.com/waynenilsen/power-pro-v3/internal/domain/cycle/cycle.go:130.30,131.65 1 1
github.com/waynenilsen/power-pro-v3/internal/domain/cycle/cycle.go:131.65,133.4 1 1
github.com/waynenilsen/power-pro-v3/internal/domain/cycle/cycle.go:133.9,135.4 1 1
github.com/waynenilsen/power-pro-v3/internal/domain/cycle/cycle.go:138.2,138.18 1 1
github.com/waynenilsen/power-pro-v3/internal/domain/cycle/cycle.go:138.18,140.3 1 1
github.com/waynenilsen/power-pro-v3/internal/domain/cycle/cycle.go:142.2,142.15 1 1
github.com/waynenilsen/power-pro-v3/internal/domain/cycle/cycle.go:146.46,149.45 2 1
github.com/waynenilsen/power-pro-v3/internal/domain/cycle/cycle.go:149.45,151.3 1 1
github.com/waynenilsen/power-pro-v3/internal/domain/cycle/cycle.go:153.2,153.59 1 1
github.com/waynenilsen/power-pro-v3/internal/domain/cycle/cycle.go:153.59,155.3 1 1
github.com/waynenilsen/power-pro-v3/internal/domain/cycle/cycle.go:157.2,157.15 1 1
github.com/waynenilsen/power-pro-v3/internal/domain/dailylookup/dailylookup.go:40.47,41.45 1 1
github.com/waynenilsen/power-pro-v3/internal/domain/dailylookup/dailylookup.go:41.45,42.54 1 1
github.com/waynenilsen/power-pro-v3/internal/domain/dailylookup/dailylookup.go:42.54,44.4 1 1
github.com/waynenilsen/power-pro-v3/internal/domain/dailylookup/dailylookup.go:46.2,46.14 1 1
github.com/waynenilsen/power-pro-v3/internal/domain/dailylookup/dailylookup.go:71.46,73.2 1 1
github.com/waynenilsen/power-pro-v3/internal/domain/dailylookup/dailylookup.go:77.38,78.35 1 1
github.com/waynenilsen/power-pro-v3/internal/domain/dailylookup/dailylookup.go:78.35,80.3 1 1
github.com/waynenilsen/power-pro-v3/internal/domain/dailylookup/dailylookup.go:81.2,81.31 1 1
github.com/waynenilsen/power-pro-v3/internal/domain/dailylookup/dailylookup.go:81.31,83.3 1 1
github.com/waynenilsen/power-pro-v3/internal/domain/dailylookup/dailylookup.go:84.2,84.12 1 1
github.com/waynenilsen/power-pro-v3/internal/domain/dailylookup/dailylookup.go:89.56,90.23 1 1
github.com/waynenilsen/power-pro-v3/internal/domain/dailylookup/dailylookup.go:90.23,92.3 1 1
github.com/waynenilsen/power-pro-v3/internal/domain/dailylookup/dailylookup.go:94.2,95.32 2 1
github.com/waynenilsen/power-pro-v3/internal/domain/dailylookup/dailylookup.go:95.32,96.51 1 1
github.com/waynenilsen/power-pro-v3/internal/domain/dailylookup/dailylookup.go:96.51,98.4 1 1
github.com/waynenilsen/power-pro-v3/internal/domain/dailylookup/dailylookup.go:99.3,100.35 2 1
github.com/waynenilsen/power-pro-v3/internal/domain/dailylookup/dailylookup.go:100.35,102.4 1 1
github.com/waynenilsen/power-pro-v3/internal/domain/dailylookup/dailylookup.go:103.3,106.65 2 1
github.com/waynenilsen/power-pro-v3/internal/domain/dailylookup/dailylookup.go:106.65,107.53 1 1
github.com/waynenilsen/power-pro-v3/internal/domain/dailylookup/dailylookup.go:107.53,109.5 1 1
github.com/waynenilsen/power-pro-v3/internal/domain/dailylookup/dailylookup.go:112.2,112.12 1 1
github.com/waynenilsen/power-pro-v3/internal/domain/dailylookup/dailylookup.go:124.99,128.49 2 1
github.com/waynenilsen/power-pro-v3/internal/domain/dailylookup/dailylookup.go:128.49,130.3 1 1
github.com/waynenilsen/power-pro-v3/internal/domain/dailylookup/dailylookup.go:133.2,133.55 1 1
github.com/waynenilsen/power-pro-v3/internal/domain/dailylookup/dailylookup.go:133.55,135.3 1 1
github.com/waynenilsen/power-pro-v3/internal/domain/dailylookup/dailylookup.go:137.2,137.19 1 1
github.com/waynenilsen/power-pro-v3/internal/domain/dailylookup/dailylookup.go:137.19,139.3 1 1
github.com/waynenilsen/power-pro-v3/internal/domain/dailylookup/dailylookup.go:141.2,149.11 2 1
github.com/waynenilsen/power-pro-v3/internal/domain/dailylookup/dailylookup.go:161.88,165.23 2 1
github.com/waynenilsen/power-pro-v3/internal/domain/dailylookup/dailylookup.go:165.23,166.51 1 1
github.com/waynenilsen/power-pro-v3/internal/domain/dailylookup/dailylookup.go:166.51,168.4 1 1
github.com/waynenilsen/power-pro-v3/internal/domain/dailylookup/dailylookup.go:168.9,170.4 1 1
github.com/waynenilsen/power-pro-v3/internal/domain/dailylookup/dailylookup.go:174.2,174.26 1 1
github.com/waynenilsen/power-pro-v3/internal/domain/dailylookup/dailylookup.go:174.26,175.57 1 1
github.com/waynenilsen/power-pro-v3/internal/domain/dailylookup/dailylookup.go:175.57,177.4 1 1
github.com/waynenilsen/power-pro-v3/internal/domain/dailylookup/dailylookup.go:177.9,179.4 1 1
github.com/waynenilsen/power-pro-v3/internal/domain/dailylookup/dailylookup.go:183.2,183.28 1 1
github.com/waynenilsen/power-pro-v3/internal/domain/dailylookup/dailylookup.go:183.28,185.3 1 1
github.com/waynenilsen/power-pro-v3/internal/domain/dailylookup/dailylookup.go:187.2,187.18 1 1
github.com/waynenilsen/power-pro-v3/internal/domain/dailylookup/dailylookup.go:187.18,189.3 1 1
github.com/waynenilsen/power-pro-v3/internal/domain/dailylookup/dailylookup.go:191.2,191.15 1 1
github.com/waynenilsen/power-pro-v3/internal/domain/dailylookup/dailylookup.go:195.52,198.45 2 1
github.com/waynenilsen/power-pro-v3/internal/domain/dailylookup/dailylookup.go:198.45,200.3 1 1
github.com/waynenilsen/power-pro-v3/internal/domain/dailylookup/dailylookup.go:202.2,202.51 1 1
github.com/waynenilsen/power-pro-v3/internal/domain/dailylookup/dailylookup.go:202.51,204.3 1 1
github.com/waynenilsen/power-pro-v3/internal/domain/dailylookup/dailylookup.go:206.2,206.15 1 1
github.com/waynenilsen/power-pro-v3/internal/domain/dailylookup/dailylookup.go:211.76,213.27 2 1
github.com/waynenilsen/power-pro-v3/internal/domain/dailylookup/dailylookup.go:213.27,214.68 1 1
github.com/waynenilsen/power-pro-v3/internal/domain/dailylookup/dailylookup.go:214.68,216.4 1 1
github.com/waynenilsen/power-pro-v3/internal/domain/dailylookup/dailylookup.go:218.2,218.12 1 1
github.com/waynenilsen/power-pro-v3/internal/domain/day/day.go:76.46,78.2 1 1
github.com/waynenilsen/power-pro-v3/internal/domain/day/day.go:82.38,84.19 2 1
github.com/waynenilsen/power-pro-v3/internal/domain/day/day.go:84.19,86.3 1 1
github.com/waynenilsen/power-pro-v3/internal/domain/day/day.go:87.2,87.20 1 1
github.com/waynenilsen/power-pro-v3/internal/domain/day/day.go:87.20,89.3 1 1
github.com/waynenilsen/power-pro-v3/internal/domain/day/day.go:90.2,90.12 1 1
github.com/waynenilsen/power-pro-v3/internal/domain/day/day.go:95.38,97.2 1 1
github.com/waynenilsen/power-pro-v3/internal/domain/day/day.go:101.62,102.21 1 1
github.com/waynenilsen/power-pro-v3/internal/domain/day/day.go:102.21,104.3 1 1
github.com/waynenilsen/power-pro-v3/internal/domain/day/day.go:106.2,107.16 2 1
github.com/waynenilsen/power-pro-v3/internal/domain/day/day.go:107.16,109.3 1 0
github.com/waynenilsen/power-pro-v3/internal/domain/day/day.go:110.2,110.12 1 1
github.com/waynenilsen/power-pro-v3/internal/domain/day/day.go:115.37,116.15 1 1
github.com/waynenilsen/power-pro-v3/internal/domain/day/day.go:116.15,118.3 1 1
github.com/waynenilsen/power-pro-v3/internal/domain/day/day.go:119.2,119.12 1 1
github.com/waynenilsen/power-pro-v3/internal/domain/day/day.go:124.39,126.2 1 1
github.com/waynenilsen/power-pro-v3/internal/domain/day/day.go:139.75,143.49 2 1
github.com/waynenilsen/power-pro-v3/internal/domain/day/day.go:143.49,145.3 1 1
github.com/waynenilsen/power-pro-v3/internal/domain/day/day.go:148.2,149.16 2 1
github.com/waynenilsen/power-pro-v3/internal/domain/day/day.go:149.16,151.3 1 1
github.com/waynenilsen/power-pro-v3/internal/domain/day/day.go:154.2,154.43 1 1
github.com/waynenilsen/power-pro-v3/internal/domain/day/day.go:154.43,156.3 1 1
github.com/waynenilsen/power-pro-v3/internal/domain/day/day.go:159.2,159.57 1 1
github.com/waynenilsen/power-pro-v3/internal/domain/day/day.go:159.57,161.3 1 0
github.com/waynenilsen/power-pro-v3/internal/domain/day/day.go:163.2,163.19 1 1
github.com/waynenilsen/power-pro-v3/internal/domain/day/day.go:163.19,165.3 1 1
github.com/waynenilsen/power-pro-v3/internal/domain/day/day.go:167.2,176.11 2 1
github.com/waynenilsen/power-pro-v3/internal/domain/day/day.go:191.66,195.23 2 1
github.com/waynenilsen/power-pro-v3/internal/domain/day/day.go:195.23,196.51 1 1
github.com/waynenilsen/power-pro-v3/internal/domain/day/day.go:196.51,198.4 1 1
github.com/waynenilsen/power-pro-v3/internal/domain/day/day.go:198.9,200.4 1 1
github.com/waynenilsen/power-pro-v3/internal/domain/day/day.go:204.2,204.23 1 1
github.com/waynenilsen/power-pro-v3/internal/domain/day/day.go:204.23,205.51 1 1
github.com/waynenilsen/power-pro-v3/internal/domain/day/day.go:205.51,207.4 1 1
github.com/waynenilsen/power-pro-v3/internal/domain/day/day.go:207.9,209.4 1 1
github.com/waynenilsen/power-pro-v3/internal/domain/day/day.go:213.2,213.25 1 1
github.com/waynenilsen/power-pro-v3/internal/domain/day/day.go:213.25,215.3 1 1
github.com/waynenilsen/power-pro-v3/internal/domain/day/day.go:215.8,215.34 1 1
github.com/waynenilsen/power-pro-v3/internal/domain/day/day.go:215.34,216.58 1 1
github.com/waynenilsen/power-pro-v3/internal/domain/day/day.go:216.58,218.4 1 0
github.com/waynenilsen/power-pro-v3/internal/domain/day/day.go:218.9,220.4 1 1
github.com/waynenilsen/power-pro-v3/internal/domain/day/day.go:224.2,224.26 1 1
github.com/waynenilsen/power-pro-v3/internal/domain/day/day.go:224.26,226.3 1 1
github.com/waynenilsen/power-pro-v3/internal/domain/day/day.go:226.8,226.35 1 1
github.com/waynenilsen/power-pro-v3/internal/domain/day/day.go:226.35,228.3 1 1
github.com/waynenilsen/power-pro-v3/internal/domain/day/day.go:230.2,230.18 1 1
github.com/waynenilsen/power-pro-v3/internal/domain/day/day.go:230.18,232.3 1 1
github.com/waynenilsen/power-pro-v3/internal/domain/day/day.go:234.2,234.15 1 1
github.com/waynenilsen/power-pro-v3/internal/domain/day/day.go:238.44,241.45 2 1
github.com/waynenilsen/power-pro-v3/internal/domain/day/day.go:241.45,243.3 1 1
github.com/waynenilsen/power-pro-v3/internal/domain/day/day.go:245.2,245.45 1 1
github.com/waynenilsen/power-pro-v3/internal/domain/day/day.go:245.45,247.3 1 1
github.com/waynenilsen/power-pro-v3/internal/domain/day/day.go:249.2,249.53 1 1
github.com/waynenilsen/power-pro-v3/internal/domain/day/day.go:249.53,251.3 1 0
github.com/waynenilsen/power-pro-v3/internal/domain/day/day.go:253.2,253.15 1 1
github.com/waynenilsen/power-pro-v3/internal/domain/day/day.go:265.122,268.23 2 1
github.com/waynenilsen/power-pro-v3/internal/domain/day/day.go:268.23,270.3 1 1
github.com/waynenilsen/power-pro-v3/internal/domain/day/day.go:272.2,272.32 1 1
github.com/waynenilsen/power-pro-v3/internal/domain/day/day.go:272.32,274.3 1 1
github.com/waynenilsen/power-pro-v3/internal/domain/day/day.go:276.2,276.45 1 1
github.com/waynenilsen/power-pro-v3/internal/domain/day/day.go:276.45,278.3 1 1
github.com/waynenilsen/power-pro-v3/internal/domain/day/day.go:280.2,280.19 1 1
github.com/waynenilsen/power-pro-v3/internal/domain/day/day.go:280.19,282.3 1 1
github.com/waynenilsen/power-pro-v3/internal/domain/day/day.go:284.2,290.11 1 1
github.com/waynenilsen/power-pro-v3/internal/domain/day/day.go:300.78,303.23 2 1
github.com/waynenilsen/power-pro-v3/internal/domain/day/day.go:303.23,305.3 1 1
github.com/waynenilsen/power-pro-v3/internal/domain/day/day.go:307.2,307.37 1 1
github.com/waynenilsen/power-pro-v3/internal/domain/day/day.go:307.37,309.3 1 1
github.com/waynenilsen/power-pro-v3/internal/domain/day/day.go:312.2,313.43 2 1
github.com/waynenilsen/power-pro-v3/internal/domain/day/day.go:313.43,314.15 1 1
github.com/waynenilsen/power-pro-v3/internal/domain/day/day.go:314.15,316.12 2 1
github.com/waynenilsen/power-pro-v3/internal/domain/day/day.go:318.3,318.15 1 1
github.com/waynenilsen/power-pro-v3/internal/domain/day/day.go:318.15,320.4 1 1
github.com/waynenilsen/power-pro-v3/internal/domain/day/day.go:321.3,321.18 1 1
github.com/waynenilsen/power-pro-v3/internal/domain/day/day.go:324.2,324.15 1 1
github.com/waynenilsen/power-pro-v3/internal/domain/lift/lift.go:55.46,57.2 1 1
github.com/waynenilsen/power-pro-v3/internal/domain/lift/lift.go:61.38,63.19 2 1
github.com/waynenilsen/power-pro-v3/internal/domain/lift/lift.go:63.19,65.3 1 1
github.com/waynenilsen/power-pro-v3/internal/domain/lift/lift.go:66.2,66.21 1 1
github.com/waynenilsen/power-pro-v3/internal/domain/lift/lift.go:66.21,68.3 1 1
github.com/waynenilsen/power-pro-v3/internal/domain/lift/lift.go:69.2,69.12 1 1
github.com/waynenilsen/power-pro-v3/internal/domain/lift/lift.go:74.38,76.2 1 1
github.com/waynenilsen/power-pro-v3/internal/domain/lift/lift.go:80.39,82.2 1 1
github.com/waynenilsen/power-pro-v3/internal/domain/lift/lift.go:86.91,87.25 1 1
github.com/waynenilsen/power-pro-v3/internal/domain/lift/lift.go:87.25,89.3 1 1
github.com/waynenilsen/power-pro-v3/internal/domain/lift/lift.go:92.2,92.29 1 1
github.com/waynenilsen/power-pro-v3/internal/domain/lift/lift.go:92.29,94.3 1 1
github.com/waynenilsen/power-pro-v3/internal/domain/lift/lift.go:97.2,97.17 1 1
github.com/waynenilsen/power-pro-v3/internal/domain/lift/lift.go:97.17,98.78 1 1
github.com/waynenilsen/power-pro-v3/internal/domain/lift/lift.go:98.78,100.4 1 1
github.com/waynenilsen/power-pro-v3/internal/domain/lift/lift.go:103.2,103.12 1 1
github.com/waynenilsen/power-pro-v3/internal/domain/lift/lift.go:108.86,113.22 4 1
github.com/waynenilsen/power-pro-v3/internal/domain/lift/lift.go:113.22,114.25 1 1
github.com/waynenilsen/power-pro-v3/internal/domain/lift/lift.go:114.25,116.4 1 1
github.com/waynenilsen/power-pro-v3/internal/domain/lift/lift.go:117.3,120.17 3 1
github.com/waynenilsen/power-pro-v3/internal/domain/lift/lift.go:120.17,122.4 1 0
github.com/waynenilsen/power-pro-v3/internal/domain/lift/lift.go:123.3,123.24 1 1
github.com/waynenilsen/power-pro-v3/internal/domain/lift/lift.go:123.24,124.9 1 1
github.com/waynenilsen/power-pro-v3/internal/domain/lift/lift.go:126.3,126.37 1 1
github.com/waynenilsen/power-pro-v3/internal/domain/lift/lift.go:126.37,127.9 1 1
github.com/waynenilsen/power-pro-v3/internal/domain/lift/lift.go:129.3,129.39 1 1
github.com/waynenilsen/power-pro-v3/internal/domain/lift/lift.go:132.2,132.12 1 1
github.com/waynenilsen/power-pro-v3/internal/domain/lift/lift.go:146.99,150.49 2 1
github.com/waynenilsen/power-pro-v3/internal/domain/lift/lift.go:150.49,152.3 1 1
github.com/waynenilsen/power-pro-v3/internal/domain/lift/lift.go:155.2,156.16 2 1
github.com/waynenilsen/power-pro-v3/internal/domain/lift/lift.go:156.16,158.3 1 1
github.com/waynenilsen/power-pro-v3/internal/domain/lift/lift.go:161.2,161.43 1 1
github.com/waynenilsen/power-pro-v3/internal/domain/lift/lift.go:161.43,163.3 1 1
github.com/waynenilsen/power-pro-v3/internal/domain/lift/lift.go:166.2,166.75 1 1
github.com/waynenilsen/power-pro-v3/internal/domain/lift/lift.go:166.75,168.3 1 1
github.com/waynenilsen/power-pro-v3/internal/domain/lift/lift.go:170.2,170.19 1 1
github.com/waynenilsen/power-pro-v3/internal/domain/lift/lift.go:170.19,172.3 1 1
github.com/waynenilsen/power-pro-v3/internal/domain/lift/lift.go:174.2,183.11 2 1
github.com/waynenilsen/power-pro-v3/internal/domain/lift/lift.go:197.91,201.23 2 1
github.com/waynenilsen/power-pro-v3/internal/domain/lift/lift.go:201.23,202.51 1 1
github.com/waynenilsen/power-pro-v3/internal/domain/lift/lift.go:202.51,204.4 1 1
github.com/waynenilsen/power-pro-v3/internal/domain/lift/lift.go:204.9,206.4 1 1
github.com/waynenilsen/power-pro-v3/internal/domain/lift/lift.go:210.2,210.23 1 1
github.com/waynenilsen/power-pro-v3/internal/domain/lift/lift.go:210.23,211.51 1 1
github.com/waynenilsen/power-pro-v3/internal/domain/lift/lift.go:211.51,213.4 1 0
github.com/waynenilsen/power-pro-v3/internal/domain/lift/lift.go:213.9,215.4 1 1
github.com/waynenilsen/power-pro-v3/internal/domain/lift/lift.go:219.2,219.36 1 1
github.com/waynenilsen/power-pro-v3/internal/domain/lift/lift.go:219.36,221.3 1 1
github.com/waynenilsen/power-pro-v3/internal/domain/lift/lift.go:224.2,224.27 1 1
github.com/waynenilsen/power-pro-v3/internal/domain/lift/lift.go:224.27,226.3 1 1
github.com/waynenilsen/power-pro-v3/internal/domain/lift/lift.go:226.8,226.38 1 1
github.com/waynenilsen/power-pro-v3/internal/domain/lift/lift.go:226.38,227.81 1 1
github.com/waynenilsen/power-pro-v3/internal/domain/lift/lift.go:227.81,229.4 1 1
github.com/waynenilsen/power-pro-v3/internal/domain/lift/lift.go:229.9,231.4 1 1
github.com/waynenilsen/power-pro-v3/internal/domain/lift/lift.go:234.2,234.18 1 1
github.com/waynenilsen/power-pro-v3/internal/domain/lift/lift.go:234.18,236.3 1 1
github.com/waynenilsen/power-pro-v3/internal/domain/lift/lift.go:238.2,238.15 1 1
github.com/waynenilsen/power-pro-v3/internal/domain/lift/lift.go:242.64,245.45 2 1
github.com/waynenilsen/power-pro-v3/internal/domain/lift/lift.go:245.45,247.3 1 1
github.com/waynenilsen/power-pro-v3/internal/domain/lift/lift.go:249.2,249.45 1 1
github.com/waynenilsen/power-pro-v3/internal/domain/lift/lift.go:249.45,251.3 1 1
github.com/waynenilsen/power-pro-v3/internal/domain/lift/lift.go:253.2,253.73 1 1
github.com/waynenilsen/power-pro-v3/internal/domain/lift/lift.go:253.73,255.3 1 0
github.com/waynenilsen/power-pro-v3/internal/domain/lift/lift.go:257.2,257.15 1 1
github.com/waynenilsen/power-pro-v3/internal/domain/liftmax/liftmax.go:71.46,73.2 1 1
github.com/waynenilsen/power-pro-v3/internal/domain/liftmax/liftmax.go:77.41,78.16 1 1
github.com/waynenilsen/power-pro-v3/internal/domain/liftmax/liftmax.go:78.16,80.3 1 1
github.com/waynenilsen/power-pro-v3/internal/domain/liftmax/liftmax.go:84.2,85.50 2 1
github.com/waynenilsen/power-pro-v3/internal/domain/liftmax/liftmax.go:85.50,87.3 1 1
github.com/waynenilsen/power-pro-v3/internal/domain/liftmax/liftmax.go:89.2,89.12 1 1
github.com/waynenilsen/power-pro-v3/internal/domain/liftmax/liftmax.go:93.42,94.19 1 1
github.com/waynenilsen/power-pro-v3/internal/domain/liftmax/liftmax.go:94.19,96.3 1 1
github.com/waynenilsen/power-pro-v3/internal/domain/liftmax/liftmax.go:97.2,97.48 1 1
github.com/waynenilsen/power-pro-v3/internal/domain/liftmax/liftmax.go:97.48,99.3 1 1
github.com/waynenilsen/power-pro-v3/internal/domain/liftmax/liftmax.go:100.2,100.12 1 1
github.com/waynenilsen/power-pro-v3/internal/domain/liftmax/liftmax.go:104.42,105.37 1 1
github.com/waynenilsen/power-pro-v3/internal/domain/liftmax/liftmax.go:105.37,107.3 1 1
github.com/waynenilsen/power-pro-v3/internal/domain/liftmax/liftmax.go:108.2,108.12 1 1
github.com/waynenilsen/power-pro-v3/internal/domain/liftmax/liftmax.go:112.42,113.37 1 1
github.com/waynenilsen/power-pro-v3/internal/domain/liftmax/liftmax.go:113.37,115.3 1 1
github.com/waynenilsen/power-pro-v3/internal/domain/liftmax/liftmax.go:116.2,116.12 1 1
github.com/waynenilsen/power-pro-v3/internal/domain/liftmax/liftmax.go:122.69,123.18 1 1
github.com/waynenilsen/power-pro-v3/internal/domain/liftmax/liftmax.go:123.18,125.3 1 1
github.com/waynenilsen/power-pro-v3/internal/domain/liftmax/liftmax.go:127.2,129.38 2 1
github.com/waynenilsen/power-pro-v3/internal/domain/liftmax/liftmax.go:129.38,132.3 1 1
github.com/waynenilsen/power-pro-v3/internal/domain/liftmax/liftmax.go:134.2,134.38 1 1
github.com/waynenilsen/power-pro-v3/internal/domain/liftmax/liftmax.go:134.38,137.3 1 1
github.com/waynenilsen/power-pro-v3/internal/domain/liftmax/liftmax.go:139.2,139.11 1 1
github.com/waynenilsen/power-pro-v3/internal/domain/liftmax/liftmax.go:154.111,158.53 2 1
github.com/waynenilsen/power-pro-v3/internal/domain/liftmax/liftmax.go:158.53,160.3 1 1
github.com/waynenilsen/power-pro-v3/internal/domain/liftmax/liftmax.go:163.2,163.53 1 1
github.com/waynenilsen/power-pro-v3/internal/domain/liftmax/liftmax.go:163.53,165.3 1 1
github.com/waynenilsen/power-pro-v3/internal/domain/liftmax/liftmax.go:168.2,168.49 1 1
github.com/waynenilsen/power-pro-v3/internal/domain/liftmax/liftmax.go:168.49,170.3 1 1
github.com/waynenilsen/power-pro-v3/internal/domain/liftmax/liftmax.go:173.2,173.51 1 1
github.com/waynenilsen/power-pro-v3/internal/domain/liftmax/liftmax.go:173.51,175.3 1 1
github.com/waynenilsen/power-pro-v3/internal/domain/liftmax/liftmax.go:178.2,178.19 1 1
github.com/waynenilsen/power-pro-v3/internal/domain/liftmax/liftmax.go:178.19,180.3 1 1
github.com/waynenilsen/power-pro-v3/internal/domain/liftmax/liftmax.go:183.2,183.46 1 1
github.com/waynenilsen/power-pro-v3/internal/domain/liftmax/liftmax.go:183.46,185.17 2 1
github.com/waynenilsen/power-pro-v3/internal/domain/liftmax/liftmax.go:185.17,188.4 1 1
github.com/waynenilsen/power-pro-v3/internal/domain/liftmax/liftmax.go:188.9,188.82 1 1
github.com/waynenilsen/power-pro-v3/internal/domain/liftmax/liftmax.go:188.82,190.4 1 1
github.com/waynenilsen/power-pro-v3/internal/domain/liftmax/liftmax.go:194.2,195.32 2 1
github.com/waynenilsen/power-pro-v3/internal/domain/liftmax/liftmax.go:195.32,197.3 1 1
github.com/waynenilsen/power-pro-v3/internal/domain/liftmax/liftmax.go:199.2,209.11 2 1
github.com/waynenilsen/power-pro-v3/internal/domain/liftmax/liftmax.go:221.106,228.23 4 1
github.com/waynenilsen/power-pro-v3/internal/domain/liftmax/liftmax.go:228.23,229.51 1 1
github.com/waynenilsen/power-pro-v3/internal/domain/liftmax/liftmax.go:229.51,231.4 1 1
github.com/waynenilsen/power-pro-v3/internal/domain/liftmax/liftmax.go:231.9,233.4 1 1
github.com/waynenilsen/power-pro-v3/internal/domain/liftmax/liftmax.go:237.2,237.24 1 1
github.com/waynenilsen/power-pro-v3/internal/domain/liftmax/liftmax.go:237.24,238.53 1 1
github.com/waynenilsen/power-pro-v3/internal/domain/liftmax/liftmax.go:238.53,240.4 1 1
github.com/waynenilsen/power-pro-v3/internal/domain/liftmax/liftmax.go:240.9,242.4 1 1
github.com/waynenilsen/power-pro-v3/internal/domain/liftmax/liftmax.go:246.2,246.19 1 1
github.com/waynenilsen/power-pro-v3/internal/domain/liftmax/liftmax.go:246.19,248.3 1 1
github.com/waynenilsen/power-pro-v3/internal/domain/liftmax/liftmax.go:251.2,251.23 1 1
github.com/waynenilsen/power-pro-v3/internal/domain/liftmax/liftmax.go:251.23,253.3 1 1
github.com/waynenilsen/power-pro-v3/internal/domain/liftmax/liftmax.go:254.2,254.24 1 1
github.com/waynenilsen/power-pro-v3/internal/domain/liftmax/liftmax.go:254.24,256.3 1 1
github.com/waynenilsen/power-pro-v3/internal/domain/liftmax/liftmax.go:257.2,257.32 1 1
github.com/waynenilsen/power-pro-v3/internal/domain/liftmax/liftmax.go:257.32,259.3 1 1
github.com/waynenilsen/power-pro-v3/internal/domain/liftmax/liftmax.go:262.2,262.48 1 1
github.com/waynenilsen/power-pro-v3/internal/domain/liftmax/liftmax.go:262.48,264.17 2 1
github.com/waynenilsen/power-pro-v3/internal/domain/liftmax/liftmax.go:264.17,266.4 1 0
github.com/waynenilsen/power-pro-v3/internal/domain/liftmax/liftmax.go:266.9,266.84 1 1
github.com/waynenilsen/power-pro-v3/internal/domain/liftmax/liftmax.go:266.84,268.4 1 1
github.com/waynenilsen/power-pro-v3/internal/domain/liftmax/liftmax.go:271.2,273.15 2 1
github.com/waynenilsen/power-pro-v3/internal/domain/liftmax/liftmax.go:277.48,280.49 2 1
github.com/waynenilsen/power-pro-v3/internal/domain/liftmax/liftmax.go:280.49,282.3 1 1
github.com/waynenilsen/power-pro-v3/internal/domain/liftmax/liftmax.go:284.2,284.49 1 1
github.com/waynenilsen/power-pro-v3/internal/domain/liftmax/liftmax.go:284.49,286.3 1 1
github.com/waynenilsen/power-pro-v3/internal/domain/liftmax/liftmax.go:288.2,288.45 1 1
github.com/waynenilsen/power-pro-v3/internal/domain/liftmax/liftmax.go:288.45,290.3 1 1
github.com/waynenilsen/power-pro-v3/internal/domain/liftmax/liftmax.go:292.2,292.47 1 1
github.com/waynenilsen/power-pro-v3/internal/domain/liftmax/liftmax.go:292.47,294.3 1 1
github.com/waynenilsen/power-pro-v3/internal/domain/liftmax/liftmax.go:296.2,296.15 1 1
github.com/waynenilsen/power-pro-v3/internal/domain/liftmax/liftmax.go:303.40,305.2 1 1
github.com/waynenilsen/power-pro-v3/internal/domain/liftmax/liftmax.go:310.90,312.23 2 1
github.com/waynenilsen/power-pro-v3/internal/domain/liftmax/liftmax.go:312.23,314.3 1 1
github.com/waynenilsen/power-pro-v3/internal/domain/liftmax/liftmax.go:316.2,316.27 1 1
github.com/waynenilsen/power-pro-v3/internal/domain/liftmax/liftmax.go:316.27,318.3 1 1
github.com/waynenilsen/power-pro-v3/internal/domain/liftmax/liftmax.go:320.2,321.32 2 1
github.com/waynenilsen/power-pro-v3/internal/domain/liftmax/liftmax.go:327.90,329.23 2 1
github.com/waynenilsen/power-pro-v3/internal/domain/liftmax/liftmax.go:329.23,331.3 1 1
github.com/waynenilsen/power-pro-v3/internal/domain/liftmax/liftmax.go:333.2,333.27 1 1
github.com/waynenilsen/power-pro-v3/internal/domain/liftmax/liftmax.go:333.27,335.3 1 1
github.com/waynenilsen/power-pro-v3/internal/domain/liftmax/liftmax.go:337.2,338.35 2 1
github.com/waynenilsen/power-pro-v3/internal/domain/liftmax/liftmax.go:342.44,344.2 1 1
github.com/waynenilsen/power-pro-v3/internal/domain/liftmax/liftmax.go:356.114,358.23 2 1
github.com/waynenilsen/power-pro-v3/internal/domain/liftmax/liftmax.go:358.23,360.3 1 1
github.com/waynenilsen/power-pro-v3/internal/domain/liftmax/liftmax.go:362.2,366.18 4 1
github.com/waynenilsen/power-pro-v3/internal/domain/liftmax/liftmax.go:367.13,369.23 2 1
github.com/waynenilsen/power-pro-v3/internal/domain/liftmax/liftmax.go:370.19,372.17 2 1
github.com/waynenilsen/power-pro-v3/internal/domain/liftmax/liftmax.go:373.10,374.29 1 1
github.com/waynenilsen/power-pro-v3/internal/domain/liftmax/liftmax.go:377.2,377.16 1 1
github.com/waynenilsen/power-pro-v3/internal/domain/liftmax/liftmax.go:377.16,379.3 1 1
github.com/waynenilsen/power-pro-v3/internal/domain/liftmax/liftmax.go:381.2,387.8 1 1
github.com/waynenilsen/power-pro-v3/internal/domain/loadstrategy/loadstrategy.go:59.49,60.20 1 1
github.com/waynenilsen/power-pro-v3/internal/domain/loadstrategy/loadstrategy.go:60.20,62.3 1 1
github.com/waynenilsen/power-pro-v3/internal/domain/loadstrategy/loadstrategy.go:63.2,63.20 1 1
github.com/waynenilsen/power-pro-v3/internal/domain/loadstrategy/loadstrategy.go:63.20,65.3 1 1
github.com/waynenilsen/power-pro-v3/internal/domain/loadstrategy/loadstrategy.go:66.2,66.12 1 1
github.com/waynenilsen/power-pro-v3/internal/domain/loadstrategy/loadstrategy.go:100.58,107.2 2 1
github.com/waynenilsen/power-pro-v3/internal/domain/loadstrategy/loadstrategy.go:111.61,116.56 2 1
github.com/waynenilsen/power-pro-v3/internal/domain/loadstrategy/loadstrategy.go:116.56,118.3 1 0
github.com/waynenilsen/power-pro-v3/internal/domain/loadstrategy/loadstrategy.go:119.2,121.12 3 1
github.com/waynenilsen/power-pro-v3/internal/domain/loadstrategy/loadstrategy.go:133.44,137.2 1 1
github.com/waynenilsen/power-pro-v3/internal/domain/loadstrategy/loadstrategy.go:141.120,143.2 1 1
github.com/waynenilsen/power-pro-v3/internal/domain/loadstrategy/loadstrategy.go:147.109,149.9 2 1
github.com/waynenilsen/power-pro-v3/internal/domain/loadstrategy/loadstrategy.go:149.9,151.3 1 1
github.com/waynenilsen/power-pro-v3/internal/domain/loadstrategy/loadstrategy.go:152.2,152.22 1 1
github.com/waynenilsen/power-pro-v3/internal/domain/loadstrategy/loadstrategy.go:156.86,158.56 2 1
github.com/waynenilsen/power-pro-v3/internal/domain/loadstrategy/loadstrategy.go:158.56,160.3 1 1
github.com/waynenilsen/power-pro-v3/internal/domain/loadstrategy/loadstrategy.go:161.2,161.38 1 1
github.com/waynenilsen/power-pro-v3/internal/domain/loadstrategy/loadstrategy.go:165.76,168.2 2 1
github.com/waynenilsen/power-pro-v3/internal/domain/loadstrategy/loadstrategy.go:171.64,173.28 2 1
github.com/waynenilsen/power-pro-v3/internal/domain/loadstrategy/loadstrategy.go:173.28,175.3 1 1
github.com/waynenilsen/power-pro-v3/internal/domain/loadstrategy/loadstrategy.go:176.2,176.14 1 1
github.com/waynenilsen/power-pro-v3/internal/domain/loadstrategy/loadstrategy.go:181.61,185.2 1 1
github.com/waynenilsen/power-pro-v3/internal/domain/loadstrategy/loadstrategy.go:188.64,189.24 1 1
github.com/waynenilsen/power-pro-v3/internal/domain/loadstrategy/loadstrategy.go:189.24,191.3 1 1
github.com/waynenilsen/power-pro-v3/internal/domain/loadstrategy/loadstrategy.go:192.2,192.39 1 1
github.com/waynenilsen/power-pro-v3/internal/domain/loadstrategy/loadstrategy.go:192.39,194.3 1 1
github.com/waynenilsen/power-pro-v3/internal/domain/loadstrategy/loadstrategy.go:195.2,195.12 1 1
github.com/waynenilsen/power-pro-v3/internal/domain/loadstrategy/lookup_context.go:35.48,37.2 1 1
github.com/waynenilsen/power-pro-v3/internal/domain/loadstrategy/lookup_context.go:40.47,42.2 1 1
github.com/waynenilsen/power-pro-v3/internal/domain/loadstrategy/lookup_context.go:46.74,47.26 1 1
github.com/waynenilsen/power-pro-v3/internal/domain/loadstrategy/lookup_context.go:47.26,49.3 1 1
github.com/waynenilsen/power-pro-v3/internal/domain/loadstrategy/lookup_context.go:50.2,50.53 1 1
github.com/waynenilsen/power-pro-v3/internal/domain/loadstrategy/lookup_context.go:55.71,56.25 1 1
github.com/waynenilsen/power-pro-v3/internal/domain/loadstrategy/lookup_context.go:56.25,58.3 1 1
github.com/waynenilsen/power-pro-v3/internal/domain/loadstrategy/lookup_context.go:59.2,59.52 1 1
github.com/waynenilsen/power-pro-v3/internal/domain/loadstrategy/lookup_context.go:72.72,73.14 1 1
github.com/waynenilsen/power-pro-v3/internal/domain/loadstrategy/lookup_context.go:73.14,75.3 1 1
github.com/waynenilsen/power-pro-v3/internal/domain/loadstrategy/lookup_context.go:77.2,81.24 3 1
github.com/waynenilsen/power-pro-v3/internal/domain/loadstrategy/lookup_context.go:81.24,83.58 1 1
github.com/waynenilsen/power-pro-v3/internal/domain/loadstrategy/lookup_context.go:83.58,86.47 2 1
github.com/waynenilsen/power-pro-v3/internal/domain/loadstrategy/lookup_context.go:86.47,89.5 1 1
github.com/waynenilsen/power-pro-v3/internal/domain/loadstrategy/lookup_context.go:90.9,90.51 1 1
github.com/waynenilsen/power-pro-v3/internal/domain/loadstrategy/lookup_context.go:90.51,93.4 1 1
github.com/waynenilsen/power-pro-v3/internal/domain/loadstrategy/lookup_context.go:97.2,98.23 2 1
github.com/waynenilsen/power-pro-v3/internal/domain/loadstrategy/lookup_context.go:98.23,100.41 1 1
github.com/waynenilsen/power-pro-v3/internal/domain/loadstrategy/lookup_context.go:100.41,102.4 1 1
github.com/waynenilsen/power-pro-v3/internal/domain/loadstrategy/lookup_context.go:105.2,105.25 1 1
github.com/waynenilsen/power-pro-v3/internal/domain/loadstrategy/lookup_context.go:111.45,112.34 1 1
github.com/waynenilsen/power-pro-v3/internal/domain/loadstrategy/lookup_context.go:112.34,114.3 1 1
github.com/waynenilsen/power-pro-v3/internal/domain/loadstrategy/lookup_context.go:116.2,117.24 2 1
github.com/waynenilsen/power-pro-v3/internal/domain/loadstrategy/lookup_context.go:117.24,119.3 1 1
github.com/waynenilsen/power-pro-v3/internal/domain/loadstrategy/lookup_context.go:121.2,122.39 2 1
github.com/waynenilsen/power-pro-v3/internal/domain/loadstrategy/lookup_context.go:122.39,124.3 1 1
github.com/waynenilsen/power-pro-v3/internal/domain/loadstrategy/lookup_context.go:126.2,126.35 1 1
github.com/waynenilsen/power-pro-v3/internal/domain/loadstrategy/percentof.go:77.26,85.2 1 1
github.com/waynenilsen/power-pro-v3/internal/domain/loadstrategy/percentof.go:88.57,90.2 1 1
github.com/waynenilsen/power-pro-v3/internal/domain/loadstrategy/percentof.go:99.115,101.42 1 1
github.com/waynenilsen/power-pro-v3/internal/domain/loadstrategy/percentof.go:101.42,103.3 1 1
github.com/waynenilsen/power-pro-v3/internal/domain/loadstrategy/percentof.go:106.2,106.37 1 1
github.com/waynenilsen/power-pro-v3/internal/domain/loadstrategy/percentof.go:106.37,108.3 1 0
github.com/waynenilsen/power-pro-v3/internal/domain/loadstrategy/percentof.go:111.2,111.24 1 1
github.com/waynenilsen/power-pro-v3/internal/domain/loadstrategy/percentof.go:111.24,113.3 1 1
github.com/waynenilsen/power-pro-v3/internal/domain/loadstrategy/percentof.go:116.2,120.16 3 1
github.com/waynenilsen/power-pro-v3/internal/domain/loadstrategy/percentof.go:120.16,122.3 1 1
github.com/waynenilsen/power-pro-v3/internal/domain/loadstrategy/percentof.go:124.2,124.21 1 1
github.com/waynenilsen/power-pro-v3/internal/domain/loadstrategy/percentof.go:124.21,127.3 1 1
github.com/waynenilsen/power-pro-v3/internal/domain/loadstrategy/percentof.go:130.2,133.33 2 1
github.com/waynenilsen/power-pro-v3/internal/domain/loadstrategy/percentof.go:133.33,135.3 1 1
github.com/waynenilsen/power-pro-v3/internal/domain/loadstrategy/percentof.go:138.2,146.16 5 1
github.com/waynenilsen/power-pro-v3/internal/domain/loadstrategy/percentof.go:146.16,148.3 1 0
github.com/waynenilsen/power-pro-v3/internal/domain/loadstrategy/percentof.go:150.2,150.27 1 1
github.com/waynenilsen/power-pro-v3/internal/domain/loadstrategy/percentof.go:154.50,156.27 1 1
github.com/waynenilsen/power-pro-v3/internal/domain/loadstrategy/percentof.go:156.27,158.3 1 1
github.com/waynenilsen/power-pro-v3/internal/domain/loadstrategy/percentof.go:159.2,159.43 1 1
github.com/waynenilsen/power-pro-v3/internal/domain/loadstrategy/percentof.go:159.43,161.3 1 1
github.com/waynenilsen/power-pro-v3/internal/domain/loadstrategy/percentof.go:164.2,164.23 1 1
github.com/waynenilsen/power-pro-v3/internal/domain/loadstrategy/percentof.go:164.23,166.3 1 1
github.com/waynenilsen/power-pro-v3/internal/domain/loadstrategy/percentof.go:170.2,170.31 1 1
github.com/waynenilsen/power-pro-v3/internal/domain/loadstrategy/percentof.go:170.31,171.72 1 1
github.com/waynenilsen/power-pro-v3/internal/domain/loadstrategy/percentof.go:171.72,173.4 1 1
github.com/waynenilsen/power-pro-v3/internal/domain/loadstrategy/percentof.go:179.2,179.29 1 1
github.com/waynenilsen/power-pro-v3/internal/domain/loadstrategy/percentof.go:179.29,181.3 1 1
github.com/waynenilsen/power-pro-v3/internal/domain/loadstrategy/percentof.go:183.2,183.12 1 1
github.com/waynenilsen/power-pro-v3/internal/domain/loadstrategy/percentof.go:188.67,190.2 1 1
github.com/waynenilsen/power-pro-v3/internal/domain/loadstrategy/percentof.go:194.63,203.2 2 1
github.com/waynenilsen/power-pro-v3/internal/domain/loadstrategy/percentof.go:207.69,209.49 2 1
github.com/waynenilsen/power-pro-v3/internal/domain/loadstrategy/percentof.go:209.49,211.3 1 1
github.com/waynenilsen/power-pro-v3/internal/domain/loadstrategy/percentof.go:214.2,214.37 1 1
github.com/waynenilsen/power-pro-v3/internal/domain/loadstrategy/percentof.go:214.37,216.3 1 1
github.com/waynenilsen/power-pro-v3/internal/domain/loadstrategy/percentof.go:218.2,218.16 1 1
github.com/waynenilsen/power-pro-v3/internal/domain/loadstrategy/percentof.go:223.50,225.2 1 1
github.com/waynenilsen/power-pro-v3/internal/domain/loadstrategy/rounding.go:49.99,51.16 1 1
github.com/waynenilsen/power-pro-v3/internal/domain/loadstrategy/rounding.go:51.16,53.3 1 1
github.com/waynenilsen/power-pro-v3/internal/domain/loadstrategy/rounding.go:56.2,56.20 1 1
github.com/waynenilsen/power-pro-v3/internal/domain/loadstrategy/rounding.go:56.20,58.3 1 1
github.com/waynenilsen/power-pro-v3/internal/domain/loadstrategy/rounding.go:61.2,61.41 1 1
github.com/waynenilsen/power-pro-v3/internal/domain/loadstrategy/rounding.go:61.41,63.3 1 1
github.com/waynenilsen/power-pro-v3/internal/domain/loadstrategy/rounding.go:66.2,66.17 1 1
github.com/waynenilsen/power-pro-v3/internal/domain/loadstrategy/rounding.go:66.17,68.3 1 1
github.com/waynenilsen/power-pro-v3/internal/domain/loadstrategy/rounding.go:71.2,71.19 1 1
github.com/waynenilsen/power-pro-v3/internal/domain/loadstrategy/rounding.go:72.20,73.55 1 1
github.com/waynenilsen/power-pro-v3/internal/domain/loadstrategy/rounding.go:74.17,75.55 1 1
github.com/waynenilsen/power-pro-v3/internal/domain/loadstrategy/rounding.go:76.15,77.54 1 1
github.com/waynenilsen/power-pro-v3/internal/domain/loadstrategy/rounding.go:78.10,80.73 1 0
github.com/waynenilsen/power-pro-v3/internal/domain/loadstrategy/rounding.go:85.77,87.2 1 1
github.com/waynenilsen/power-pro-v3/internal/domain/loadstrategy/rounding.go:90.74,92.2 1 1
github.com/waynenilsen/power-pro-v3/internal/domain/loadstrategy/rounding.go:95.72,97.2 1 1
github.com/waynenilsen/power-pro-v3/internal/domain/loadstrategy/rounding.go:100.67,101.21 1 1
github.com/waynenilsen/power-pro-v3/internal/domain/loadstrategy/rounding.go:101.21,104.3 1 1
github.com/waynenilsen/power-pro-v3/internal/domain/loadstrategy/rounding.go:105.2,105.41 1 1
github.com/waynenilsen/power-pro-v3/internal/domain/loadstrategy/rounding.go:105.41,107.3 1 1
github.com/waynenilsen/power-pro-v3/internal/domain/loadstrategy/rounding.go:108.2,108.12 1 1
github.com/waynenilsen/power-pro-v3/internal/domain/loadstrategy/rounding.go:113.80,114.21 1 1
github.com/waynenilsen/power-pro-v3/internal/domain/loadstrategy/rounding.go:114.21,116.3 1 1
github.com/waynenilsen/power-pro-v3/internal/domain/loadstrategy/rounding.go:117.2,117.18 1 1
github.com/waynenilsen/power-pro-v3/internal/domain/loadstrategy/rounding.go:122.60,123.20 1 1
github.com/waynenilsen/power-pro-v3/internal/domain/loadstrategy/rounding.go:123.20,125.3 1 1
github.com/waynenilsen/power-pro-v3/internal/domain/loadstrategy/rounding.go:126.2,126.18 1 1
github.com/waynenilsen/power-pro-v3/internal/domain/program/program.go:75.46,77.2 1 1
github.com/waynenilsen/power-pro-v3/internal/domain/program/program.go:81.38,82.35 1 1
github.com/waynenilsen/power-pro-v3/internal/domain/program/program.go:82.35,84.3 1 1
github.com/waynenilsen/power-pro-v3/internal/domain/program/program.go:85.2,85.31 1 1
github.com/waynenilsen/power-pro-v3/internal/domain/program/program.go:85.31,87.3 1 1
github.com/waynenilsen/power-pro-v3/internal/domain/program/program.go:88.2,88.12 1 1
github.com/waynenilsen/power-pro-v3/internal/domain/program/program.go:93.38,94.35 1 1
github.com/waynenilsen/power-pro-v3/internal/domain/program/program.go:94.35,96.3 1 1
github.com/waynenilsen/power-pro-v3/internal/domain/program/program.go:97.2,98.16 2 1
github.com/waynenilsen/power-pro-v3/internal/domain/program/program.go:98.16,100.3 1 1
github.com/waynenilsen/power-pro-v3/internal/domain/program/program.go:102.2,102.47 1 1
github.com/waynenilsen/power-pro-v3/internal/domain/program/program.go:102.47,104.3 1 1
github.com/waynenilsen/power-pro-v3/internal/domain/program/program.go:106.2,106.52 1 1
github.com/waynenilsen/power-pro-v3/internal/domain/program/program.go:106.52,108.3 1 1
github.com/waynenilsen/power-pro-v3/internal/domain/program/program.go:109.2,109.23 1 0
github.com/waynenilsen/power-pro-v3/internal/domain/program/program.go:114.44,115.38 1 1
github.com/waynenilsen/power-pro-v3/internal/domain/program/program.go:115.38,117.3 1 1
github.com/waynenilsen/power-pro-v3/internal/domain/program/program.go:118.2,118.12 1 1
github.com/waynenilsen/power-pro-v3/internal/domain/program/program.go:123.55,124.39 1 1
github.com/waynenilsen/power-pro-v3/internal/domain/program/program.go:124.39,126.3 1 1
github.com/waynenilsen/power-pro-v3/internal/domain/program/program.go:127.2,127.12 1 1
github.com/waynenilsen/power-pro-v3/internal/domain/program/program.go:143.87,147.49 2 1
github.com/waynenilsen/power-pro-v3/internal/domain/program/program.go:147.49,149.3 1 1
github.com/waynenilsen/power-pro-v3/internal/domain/program/program.go:152.2,152.49 1 1
github.com/waynenilsen/power-pro-v3/internal/domain/program/program.go:152.49,154.3 1 1
github.com/waynenilsen/power-pro-v3/internal/domain/program/program.go:157.2,157.55 1 1
github.com/waynenilsen/power-pro-v3/internal/domain/program/program.go:157.55,159.3 1 1
github.com/waynenilsen/power-pro-v3/internal/domain/program/program.go:162.2,162.71 1 1
github.com/waynenilsen/power-pro-v3/internal/domain/program/program.go:162.71,164.3 1 1
github.com/waynenilsen/power-pro-v3/internal/domain/program/program.go:166.2,166.19 1 1
github.com/waynenilsen/power-pro-v3/internal/domain/program/program.go:166.19,168.3 1 1
github.com/waynenilsen/power-pro-v3/internal/domain/program/program.go:170.2,182.11 2 1
github.com/waynenilsen/power-pro-v3/internal/domain/program/program.go:198.76,202.23 2 1
github.com/waynenilsen/power-pro-v3/internal/domain/program/program.go:202.23,203.51 1 1
github.com/waynenilsen/power-pro-v3/internal/domain/program/program.go:203.51,205.4 1 1
github.com/waynenilsen/power-pro-v3/internal/domain/program/program.go:205.9,207.4 1 1
github.com/waynenilsen/power-pro-v3/internal/domain/program/program.go:211.2,211.23 1 1
github.com/waynenilsen/power-pro-v3/internal/domain/program/program.go:211.23,212.51 1 1
github.com/waynenilsen/power-pro-v3/internal/domain/program/program.go:212.51,214.4 1 1
github.com/waynenilsen/power-pro-v3/internal/domain/program/program.go:214.9,216.4 1 1
github.com/waynenilsen/power-pro-v3/internal/domain/program/program.go:220.2,220.26 1 1
github.com/waynenilsen/power-pro-v3/internal/domain/program/program.go:220.26,221.57 1 1
github.com/waynenilsen/power-pro-v3/internal/domain/program/program.go:221.57,223.4 1 1
github.com/waynenilsen/power-pro-v3/internal/domain/program/program.go:223.9,225.4 1 1
github.com/waynenilsen/power-pro-v3/internal/domain/program/program.go:229.2,229.30 1 1
github.com/waynenilsen/power-pro-v3/internal/domain/program/program.go:229.30,231.3 1 1
github.com/waynenilsen/power-pro-v3/internal/domain/program/program.go:234.2,234.33 1 1
github.com/waynenilsen/power-pro-v3/internal/domain/program/program.go:234.33,236.3 1 0
github.com/waynenilsen/power-pro-v3/internal/domain/program/program.go:239.2,239.32 1 1
github.com/waynenilsen/power-pro-v3/internal/domain/program/program.go:239.32,241.3 1 0
github.com/waynenilsen/power-pro-v3/internal/domain/program/program.go:244.2,244.34 1 1
github.com/waynenilsen/power-pro-v3/internal/domain/program/program.go:244.34,246.62 2 1
github.com/waynenilsen/power-pro-v3/internal/domain/program/program.go:246.62,248.4 1 1
github.com/waynenilsen/power-pro-v3/internal/domain/program/program.go:248.9,250.4 1 1
github.com/waynenilsen/power-pro-v3/internal/domain/program/program.go:253.2,253.18 1 1
github.com/waynenilsen/power-pro-v3/internal/domain/program/program.go:253.18,255.3 1 1
github.com/waynenilsen/power-pro-v3/internal/domain/program/program.go:257.2,257.15 1 1
github.com/waynenilsen/power-pro-v3/internal/domain/program/program.go:261.48,264.45 2 1
github.com/waynenilsen/power-pro-v3/internal/domain/program/program.go:264.45,266.3 1 1
github.com/waynenilsen/power-pro-v3/internal/domain/program/program.go:268.2,268.45 1 1
github.com/waynenilsen/power-pro-v3/internal/domain/program/program.go:268.45,270.3 1 1
github.com/waynenilsen/power-pro-v3/internal/domain/program/program.go:272.2,272.51 1 1
github.com/waynenilsen/power-pro-v3/internal/domain/program/program.go:272.51,274.3 1 1
github.com/waynenilsen/power-pro-v3/internal/domain/program/program.go:276.2,276.67 1 1
github.com/waynenilsen/power-pro-v3/internal/domain/program/program.go:276.67,278.3 1 1
github.com/waynenilsen/power-pro-v3/internal/domain/program/program.go:280.2,280.15 1 1
github.com/waynenilsen/power-pro-v3/internal/domain/program/program.go:284.39,285.14 1 1
github.com/waynenilsen/power-pro-v3/internal/domain/program/program.go:285.14,287.3 1 1
github.com/waynenilsen/power-pro-v3/internal/domain/program/program.go:288.2,289.19 2 1
github.com/waynenilsen/power-pro-v3/internal/domain/program/program.go:289.19,291.3 1 1
github.com/waynenilsen/power-pro-v3/internal/domain/program/program.go:292.2,292.17 1 1
github.com/waynenilsen/power-pro-v3/internal/domain/prescription/prescription.go:67.46,69.2 1 1
github.com/waynenilsen/power-pro-v3/internal/domain/prescription/prescription.go:73.42,75.19 2 1
github.com/waynenilsen/power-pro-v3/internal/domain/prescription/prescription.go:75.19,77.3 1 1
github.com/waynenilsen/power-pro-v3/internal/domain/prescription/prescription.go:79.2,79.27 1 1
github.com/waynenilsen/power-pro-v3/internal/domain/prescription/prescription.go:79.27,81.3 1 1
github.com/waynenilsen/power-pro-v3/internal/domain/prescription/prescription.go:82.2,82.12 1 1
github.com/waynenilsen/power-pro-v3/internal/domain/prescription/prescription.go:87.33,88.18 1 1
github.com/waynenilsen/power-pro-v3/internal/domain/prescription/prescription.go:88.18,90.3 1 1
github.com/waynenilsen/power-pro-v3/internal/domain/prescription/prescription.go:92.2,92.65 1 1
github.com/waynenilsen/power-pro-v3/internal/domain/prescription/prescription.go:92.65,94.3 1 1
github.com/waynenilsen/power-pro-v3/internal/domain/prescription/prescription.go:96.2,96.22 1 1
github.com/waynenilsen/power-pro-v3/internal/domain/prescription/prescription.go:96.22,97.46 1 1
github.com/waynenilsen/power-pro-v3/internal/domain/prescription/prescription.go:97.46,98.12 1 1
github.com/waynenilsen/power-pro-v3/internal/domain/prescription/prescription.go:100.3,100.84 1 1
github.com/waynenilsen/power-pro-v3/internal/domain/prescription/prescription.go:100.84,102.4 1 1
github.com/waynenilsen/power-pro-v3/internal/domain/prescription/prescription.go:104.2,104.13 1 1
github.com/waynenilsen/power-pro-v3/internal/domain/prescription/prescription.go:108.69,109.21 1 1
github.com/waynenilsen/power-pro-v3/internal/domain/prescription/prescription.go:109.21,111.3 1 1
github.com/waynenilsen/power-pro-v3/internal/domain/prescription/prescription.go:112.2,112.28 1 1
github.com/waynenilsen/power-pro-v3/internal/domain/prescription/prescription.go:116.58,117.19 1 1
github.com/waynenilsen/power-pro-v3/internal/domain/prescription/prescription.go:117.19,119.3 1 1
github.com/waynenilsen/power-pro-v3/internal/domain/prescription/prescription.go:120.2,120.26 1 1
github.com/waynenilsen/power-pro-v3/internal/domain/prescription/prescription.go:124.37,125.15 1 1
github.com/waynenilsen/power-pro-v3/internal/domain/prescription/prescription.go:125.15,127.3 1 1
github.com/waynenilsen/power-pro-v3/internal/domain/prescription/prescription.go:128.2,128.12 1 1
github.com/waynenilsen/power-pro-v3/internal/domain/prescription/prescription.go:132.40,133.33 1 1
github.com/waynenilsen/power-pro-v3/internal/domain/prescription/prescription.go:133.33,135.3 1 1
github.com/waynenilsen/power-pro-v3/internal/domain/prescription/prescription.go:136.2,136.12 1 1
github.com/waynenilsen/power-pro-v3/internal/domain/prescription/prescription.go:140.50,141.44 1 1
github.com/waynenilsen/power-pro-v3/internal/domain/prescription/prescription.go:141.44,143.3 1 1
github.com/waynenilsen/power-pro-v3/internal/domain/prescription/prescription.go:144.2,144.12 1 1
github.com/waynenilsen/power-pro-v3/internal/domain/prescription/prescription.go:159.102,163.53 2 1
github.com/waynenilsen/power-pro-v3/internal/domain/prescription/prescription.go:163.53,165.3 1 1
github.com/waynenilsen/power-pro-v3/internal/domain/prescription/prescription.go:168.2,168.65 1 1
github.com/waynenilsen/power-pro-v3/internal/domain/prescription/prescription.go:168.65,170.3 1 1
github.com/waynenilsen/power-pro-v3/internal/domain/prescription/prescription.go:173.2,173.59 1 1
github.com/waynenilsen/power-pro-v3/internal/domain/prescription/prescription.go:173.59,175.3 1 1
github.com/waynenilsen/power-pro-v3/internal/domain/prescription/prescription.go:178.2,178.51 1 1
github.com/waynenilsen/power-pro-v3/internal/domain/prescription/prescription.go:178.51,180.3 1 1
github.com/waynenilsen/power-pro-v3/internal/domain/prescription/prescription.go:183.2,183.51 1 1
github.com/waynenilsen/power-pro-v3/internal/domain/prescription/prescription.go:183.51,185.3 1 1
github.com/waynenilsen/power-pro-v3/internal/domain/prescription/prescription.go:188.2,188.63 1 1
github.com/waynenilsen/power-pro-v3/internal/domain/prescription/prescription.go:188.63,190.3 1 1
github.com/waynenilsen/power-pro-v3/internal/domain/prescription/prescription.go:192.2,192.19 1 1
github.com/waynenilsen/power-pro-v3/internal/domain/prescription/prescription.go:192.19,194.3 1 1
github.com/waynenilsen/power-pro-v3/internal/domain/prescription/prescription.go:196.2,207.11 2 1
github.com/waynenilsen/power-pro-v3/internal/domain/prescription/prescription.go:223.102,227.25 2 1
github.com/waynenilsen/power-pro-v3/internal/domain/prescription/prescription.go:227.25,228.55 1 1
github.com/waynenilsen/power-pro-v3/internal/domain/prescription/prescription.go:228.55,230.4 1 1
github.com/waynenilsen/power-pro-v3/internal/domain/prescription/prescription.go:230.9,232.4 1 1
github.com/waynenilsen/power-pro-v3/internal/domain/prescription/prescription.go:236.2,236.31 1 1
github.com/waynenilsen/power-pro-v3/internal/domain/prescription/prescription.go:236.31,237.66 1 1
github.com/waynenilsen/power-pro-v3/internal/domain/prescription/prescription.go:237.66,239.4 1 1
github.com/waynenilsen/power-pro-v3/internal/domain/prescription/prescription.go:239.9,241.4 1 1
github.com/waynenilsen/power-pro-v3/internal/domain/prescription/prescription.go:245.2,245.28 1 1
github.com/waynenilsen/power-pro-v3/internal/domain/prescription/prescription.go:245.28,246.60 1 1
github.com/waynenilsen/power-pro-v3/internal/domain/prescription/prescription.go:246.60,248.4 1 1
github.com/waynenilsen/power-pro-v3/internal/domain/prescription/prescription.go:248.9,250.4 1 1
github.com/waynenilsen/power-pro-v3/internal/domain/prescription/prescription.go:254.2,254.24 1 1
github.com/waynenilsen/power-pro-v3/internal/domain/prescription/prescription.go:254.24,255.53 1 1
github.com/waynenilsen/power-pro-v3/internal/domain/prescription/prescription.go:255.53,257.4 1 1
github.com/waynenilsen/power-pro-v3/internal/domain/prescription/prescription.go:257.9,259.4 1 1
github.com/waynenilsen/power-pro-v3/internal/domain/prescription/prescription.go:263.2,263.24 1 1
github.com/waynenilsen/power-pro-v3/internal/domain/prescription/prescription.go:263.24,264.53 1 1
github.com/waynenilsen/power-pro-v3/internal/domain/prescription/prescription.go:264.53,266.4 1 1
github.com/waynenilsen/power-pro-v3/internal/domain/prescription/prescription.go:266.9,268.4 1 1
github.com/waynenilsen/power-pro-v3/internal/domain/prescription/prescription.go:272.2,272.28 1 1
github.com/waynenilsen/power-pro-v3/internal/domain/prescription/prescription.go:272.28,274.3 1 1
github.com/waynenilsen/power-pro-v3/internal/domain/prescription/prescription.go:274.8,274.37 1 1
github.com/waynenilsen/power-pro-v3/internal/domain/prescription/prescription.go:274.37,275.64 1 1
github.com/waynenilsen/power-pro-v3/internal/domain/prescription/prescription.go:275.64,277.4 1 1
github.com/waynenilsen/power-pro-v3/internal/domain/prescription/prescription.go:277.9,279.4 1 1
github.com/waynenilsen/power-pro-v3/internal/domain/prescription/prescription.go:282.2,282.18 1 1
github.com/waynenilsen/power-pro-v3/internal/domain/prescription/prescription.go:282.18,284.3 1 1
github.com/waynenilsen/power-pro-v3/internal/domain/prescription/prescription.go:286.2,286.15 1 1
github.com/waynenilsen/power-pro-v3/internal/domain/prescription/prescription.go:290.53,293.49 2 1
github.com/waynenilsen/power-pro-v3/internal/domain/prescription/prescription.go:293.49,295.3 1 1
github.com/waynenilsen/power-pro-v3/internal/domain/prescription/prescription.go:297.2,297.61 1 1
github.com/waynenilsen/power-pro-v3/internal/domain/prescription/prescription.go:297.61,299.3 1 1
github.com/waynenilsen/power-pro-v3/internal/domain/prescription/prescription.go:301.2,301.55 1 1
github.com/waynenilsen/power-pro-v3/internal/domain/prescription/prescription.go:301.55,303.3 1 1
github.com/waynenilsen/power-pro-v3/internal/domain/prescription/prescription.go:305.2,305.47 1 1
github.com/waynenilsen/power-pro-v3/internal/domain/prescription/prescription.go:305.47,307.3 1 1
github.com/waynenilsen/power-pro-v3/internal/domain/prescription/prescription.go:309.2,309.47 1 1
github.com/waynenilsen/power-pro-v3/internal/domain/prescription/prescription.go:309.47,311.3 1 1
github.com/waynenilsen/power-pro-v3/internal/domain/prescription/prescription.go:313.2,313.59 1 1
github.com/waynenilsen/power-pro-v3/internal/domain/prescription/prescription.go:313.59,315.3 1 1
github.com/waynenilsen/power-pro-v3/internal/domain/prescription/prescription.go:317.2,317.15 1 1
github.com/waynenilsen/power-pro-v3/internal/domain/prescription/prescription.go:340.72,345.2 1 1
github.com/waynenilsen/power-pro-v3/internal/domain/prescription/prescription.go:352.125,354.37 1 1
github.com/waynenilsen/power-pro-v3/internal/domain/prescription/prescription.go:354.37,356.3 1 1
github.com/waynenilsen/power-pro-v3/internal/domain/prescription/prescription.go:359.2,360.30 2 1
github.com/waynenilsen/power-pro-v3/internal/domain/prescription/prescription.go:360.30,362.17 2 1
github.com/waynenilsen/power-pro-v3/internal/domain/prescription/prescription.go:362.17,364.4 1 1
github.com/waynenilsen/power-pro-v3/internal/domain/prescription/prescription.go:365.3,365.18 1 1
github.com/waynenilsen/power-pro-v3/internal/domain/prescription/prescription.go:365.18,367.4 1 1
github.com/waynenilsen/power-pro-v3/internal/domain/prescription/prescription.go:368.3,368.19 1 1
github.com/waynenilsen/power-pro-v3/internal/domain/prescription/prescription.go:369.8,372.3 1 1
github.com/waynenilsen/power-pro-v3/internal/domain/prescription/prescription.go:375.2,381.16 3 1
github.com/waynenilsen/power-pro-v3/internal/domain/prescription/prescription.go:381.16,383.50 1 1
github.com/waynenilsen/power-pro-v3/internal/domain/prescription/prescription.go:383.50,385.4 1 1
github.com/waynenilsen/power-pro-v3/internal/domain/prescription/prescription.go:386.3,386.62 1 1
github.com/waynenilsen/power-pro-v3/internal/domain/prescription/prescription.go:390.2,391.16 2 1
github.com/waynenilsen/power-pro-v3/internal/domain/prescription/prescription.go:391.16,393.3 1 1
github.com/waynenilsen/power-pro-v3/internal/domain/prescription/prescription.go:395.2,401.8 1 1
github.com/waynenilsen/power-pro-v3/internal/domain/progression/cycle.go:34.106,41.38 2 1
github.com/waynenilsen/power-pro-v3/internal/domain/progression/cycle.go:41.38,43.3 1 1
github.com/waynenilsen/power-pro-v3/internal/domain/progression/cycle.go:44.2,44.16 1 1
github.com/waynenilsen/power-pro-v3/internal/domain/progression/cycle.go:49.51,51.2 1 1
github.com/waynenilsen/power-pro-v3/internal/domain/progression/cycle.go:56.54,58.2 1 1
github.com/waynenilsen/power-pro-v3/internal/domain/progression/cycle.go:62.45,63.16 1 1
github.com/waynenilsen/power-pro-v3/internal/domain/progression/cycle.go:63.16,65.3 1 1
github.com/waynenilsen/power-pro-v3/internal/domain/progression/cycle.go:66.2,66.18 1 1
github.com/waynenilsen/power-pro-v3/internal/domain/progression/cycle.go:66.18,68.3 1 1
github.com/waynenilsen/power-pro-v3/internal/domain/progression/cycle.go:69.2,69.22 1 1
github.com/waynenilsen/power-pro-v3/internal/domain/progression/cycle.go:69.22,71.3 1 1
github.com/waynenilsen/power-pro-v3/internal/domain/progression/cycle.go:72.2,72.56 1 1
github.com/waynenilsen/power-pro-v3/internal/domain/progression/cycle.go:72.56,74.3 1 1
github.com/waynenilsen/power-pro-v3/internal/domain/progression/cycle.go:75.2,75.12 1 1
github.com/waynenilsen/power-pro-v3/internal/domain/progression/cycle.go:89.109,91.2 1 1
github.com/waynenilsen/power-pro-v3/internal/domain/progression/cycle.go:99.149,101.42 1 1
github.com/waynenilsen/power-pro-v3/internal/domain/progression/cycle.go:101.42,103.3 1 1
github.com/waynenilsen/power-pro-v3/internal/domain/progression/cycle.go:105.2,108.51 2 1
github.com/waynenilsen/power-pro-v3/internal/domain/progression/cycle.go:108.51,119.3 1 1
github.com/waynenilsen/power-pro-v3/internal/domain/progression/cycle.go:122.2,122.38 1 1
github.com/waynenilsen/power-pro-v3/internal/domain/progression/cycle.go:122.38,133.3 1 1
github.com/waynenilsen/power-pro-v3/internal/domain/progression/cycle.go:136.2,137.30 2 1
github.com/waynenilsen/power-pro-v3/internal/domain/progression/cycle.go:137.30,138.30 1 1
github.com/waynenilsen/power-pro-v3/internal/domain/progression/cycle.go:138.30,140.4 1 1
github.com/waynenilsen/power-pro-v3/internal/domain/progression/cycle.go:141.3,141.33 1 1
github.com/waynenilsen/power-pro-v3/internal/domain/progression/cycle.go:145.2,155.8 2 1
github.com/waynenilsen/power-pro-v3/internal/domain/progression/cycle.go:160.58,169.2 2 1
github.com/waynenilsen/power-pro-v3/internal/domain/progression/cycle.go:173.75,175.50 2 1
github.com/waynenilsen/power-pro-v3/internal/domain/progression/cycle.go:175.50,177.3 1 1
github.com/waynenilsen/power-pro-v3/internal/domain/progression/cycle.go:178.2,178.38 1 1
github.com/waynenilsen/power-pro-v3/internal/domain/progression/cycle.go:178.38,180.3 1 1
github.com/waynenilsen/power-pro-v3/internal/domain/progression/cycle.go:181.2,181.17 1 1
github.com/waynenilsen/power-pro-v3/internal/domain/progression/cycle.go:186.60,188.2 1 1
github.com/waynenilsen/power-pro-v3/internal/domain/progression/linear.go:32.133,40.38 2 1
github.com/waynenilsen/power-pro-v3/internal/domain/progression/linear.go:40.38,42.3 1 1
github.com/waynenilsen/power-pro-v3/internal/domain/progression/linear.go:43.2,43.16 1 1
github.com/waynenilsen/power-pro-v3/internal/domain/progression/linear.go:48.52,50.2 1 1
github.com/waynenilsen/power-pro-v3/internal/domain/progression/linear.go:54.55,56.2 1 1
github.com/waynenilsen/power-pro-v3/internal/domain/progression/linear.go:60.46,61.16 1 1
github.com/waynenilsen/power-pro-v3/internal/domain/progression/linear.go:61.16,63.3 1 1
github.com/waynenilsen/power-pro-v3/internal/domain/progression/linear.go:64.2,64.18 1 1
github.com/waynenilsen/power-pro-v3/internal/domain/progression/linear.go:64.18,66.3 1 1
github.com/waynenilsen/power-pro-v3/internal/domain/progression/linear.go:67.2,67.22 1 1
github.com/waynenilsen/power-pro-v3/internal/domain/progression/linear.go:67.22,69.3 1 1
github.com/waynenilsen/power-pro-v3/internal/domain/progression/linear.go:70.2,70.56 1 1
github.com/waynenilsen/power-pro-v3/internal/domain/progression/linear.go:70.56,72.3 1 1
github.com/waynenilsen/power-pro-v3/internal/domain/progression/linear.go:73.2,73.64 1 1
github.com/waynenilsen/power-pro-v3/internal/domain/progression/linear.go:73.64,75.3 1 1
github.com/waynenilsen/power-pro-v3/internal/domain/progression/linear.go:77.2,77.89 1 1
github.com/waynenilsen/power-pro-v3/internal/domain/progression/linear.go:77.89,79.3 1 1
github.com/waynenilsen/power-pro-v3/internal/domain/progression/linear.go:80.2,80.12 1 1
github.com/waynenilsen/power-pro-v3/internal/domain/progression/linear.go:97.110,99.42 1 1
github.com/waynenilsen/power-pro-v3/internal/domain/progression/linear.go:99.42,101.3 1 1
github.com/waynenilsen/power-pro-v3/internal/domain/progression/linear.go:103.2,106.52 2 1
github.com/waynenilsen/power-pro-v3/internal/domain/progression/linear.go:106.52,117.3 1 1
github.com/waynenilsen/power-pro-v3/internal/domain/progression/linear.go:120.2,120.38 1 1
github.com/waynenilsen/power-pro-v3/internal/domain/progression/linear.go:120.38,131.3 1 1
github.com/waynenilsen/power-pro-v3/internal/domain/progression/linear.go:134.2,134.47 1 1
github.com/waynenilsen/power-pro-v3/internal/domain/progression/linear.go:134.47,136.30 2 1
github.com/waynenilsen/power-pro-v3/internal/domain/progression/linear.go:136.30,138.42 2 1
github.com/waynenilsen/power-pro-v3/internal/domain/progression/linear.go:138.42,139.32 1 1
github.com/waynenilsen/power-pro-v3/internal/domain/progression/linear.go:139.32,141.11 2 1
github.com/waynenilsen/power-pro-v3/internal/domain/progression/linear.go:144.4,144.18 1 1
github.com/waynenilsen/power-pro-v3/internal/domain/progression/linear.go:144.18,155.5 1 1
github.com/waynenilsen/power-pro-v3/internal/domain/progression/linear.go:160.2,170.8 2 1
github.com/waynenilsen/power-pro-v3/internal/domain/progression/linear.go:175.59,184.2 2 1
github.com/waynenilsen/power-pro-v3/internal/domain/progression/linear.go:188.76,190.50 2 1
github.com/waynenilsen/power-pro-v3/internal/domain/progression/linear.go:190.50,192.3 1 1
github.com/waynenilsen/power-pro-v3/internal/domain/progression/linear.go:193.2,193.38 1 1
github.com/waynenilsen/power-pro-v3/internal/domain/progression/linear.go:193.38,195.3 1 1
github.com/waynenilsen/power-pro-v3/internal/domain/progression/linear.go:196.2,196.17 1 1
github.com/waynenilsen/power-pro-v3/internal/domain/progression/linear.go:201.61,203.2 1 1
github.com/waynenilsen/power-pro-v3/internal/domain/progression/progression.go:103.40,104.18 1 1
github.com/waynenilsen/power-pro-v3/internal/domain/progression/progression.go:104.18,106.3 1 1
github.com/waynenilsen/power-pro-v3/internal/domain/progression/progression.go:107.2,107.32 1 1
github.com/waynenilsen/power-pro-v3/internal/domain/progression/progression.go:107.32,109.3 1 1
github.com/waynenilsen/power-pro-v3/internal/domain/progression/progression.go:110.2,110.26 1 1
github.com/waynenilsen/power-pro-v3/internal/domain/progression/progression.go:110.26,112.3 1 1
github.com/waynenilsen/power-pro-v3/internal/domain/progression/progression.go:113.2,113.12 1 1
github.com/waynenilsen/power-pro-v3/internal/domain/progression/progression.go:131.46,132.20 1 1
github.com/waynenilsen/power-pro-v3/internal/domain/progression/progression.go:132.20,134.3 1 1
github.com/waynenilsen/power-pro-v3/internal/domain/progression/progression.go:135.2,135.20 1 1
github.com/waynenilsen/power-pro-v3/internal/domain/progression/progression.go:135.20,137.3 1 1
github.com/waynenilsen/power-pro-v3/internal/domain/progression/progression.go:138.2,138.21 1 1
github.com/waynenilsen/power-pro-v3/internal/domain/progression/progression.go:138.21,140.3 1 1
github.com/waynenilsen/power-pro-v3/internal/domain/progression/progression.go:141.2,141.31 1 1
github.com/waynenilsen/power-pro-v3/internal/domain/progression/progression.go:141.31,143.3 1 1
github.com/waynenilsen/power-pro-v3/internal/domain/progression/progression.go:144.2,144.25 1 1
github.com/waynenilsen/power-pro-v3/internal/domain/progression/progression.go:144.25,146.3 1 1
github.com/waynenilsen/power-pro-v3/internal/domain/progression/progression.go:147.2,147.50 1 1
github.com/waynenilsen/power-pro-v3/internal/domain/progression/progression.go:147.50,149.3 1 1
github.com/waynenilsen/power-pro-v3/internal/domain/progression/progression.go:150.2,150.12 1 1
github.com/waynenilsen/power-pro-v3/internal/domain/progression/progression.go:208.61,215.2 2 1
github.com/waynenilsen/power-pro-v3/internal/domain/progression/progression.go:219.64,224.56 2 1
github.com/waynenilsen/power-pro-v3/internal/domain/progression/progression.go:224.56,226.3 1 0
github.com/waynenilsen/power-pro-v3/internal/domain/progression/progression.go:227.2,229.12 3 1
github.com/waynenilsen/power-pro-v3/internal/domain/progression/progression.go:241.50,245.2 1 1
github.com/waynenilsen/power-pro-v3/internal/domain/progression/progression.go:249.124,251.2 1 1
github.com/waynenilsen/power-pro-v3/internal/domain/progression/progression.go:255.113,257.9 2 1
github.com/waynenilsen/power-pro-v3/internal/domain/progression/progression.go:257.9,259.3 1 1
github.com/waynenilsen/power-pro-v3/internal/domain/progression/progression.go:260.2,260.22 1 1
github.com/waynenilsen/power-pro-v3/internal/domain/progression/progression.go:264.88,266.56 2 1
github.com/waynenilsen/power-pro-v3/internal/domain/progression/progression.go:266.56,268.3 1 1
github.com/waynenilsen/power-pro-v3/internal/domain/progression/progression.go:269.2,269.38 1 1
github.com/waynenilsen/power-pro-v3/internal/domain/progression/progression.go:273.81,276.2 2 1
github.com/waynenilsen/power-pro-v3/internal/domain/progression/progression.go:279.66,281.28 2 1
github.com/waynenilsen/power-pro-v3/internal/domain/progression/progression.go:281.28,283.3 1 1
github.com/waynenilsen/power-pro-v3/internal/domain/progression/progression.go:284.2,284.14 1 1
github.com/waynenilsen/power-pro-v3/internal/domain/progression/progression.go:289.66,293.2 1 1
github.com/waynenilsen/power-pro-v3/internal/domain/progression/progression.go:296.69,297.27 1 1
github.com/waynenilsen/power-pro-v3/internal/domain/progression/progression.go:297.27,299.3 1 1
github.com/waynenilsen/power-pro-v3/internal/domain/progression/progression.go:300.2,300.45 1 1
github.com/waynenilsen/power-pro-v3/internal/domain/progression/progression.go:300.45,302.3 1 1
github.com/waynenilsen/power-pro-v3/internal/domain/progression/progression.go:303.2,303.12 1 1
github.com/waynenilsen/power-pro-v3/internal/domain/progression/progression.go:307.57,308.23 1 1
github.com/waynenilsen/power-pro-v3/internal/domain/progression/progression.go:308.23,310.3 1 1
github.com/waynenilsen/power-pro-v3/internal/domain/progression/progression.go:311.2,311.37 1 1
github.com/waynenilsen/power-pro-v3/internal/domain/progression/progression.go:311.37,313.3 1 1
github.com/waynenilsen/power-pro-v3/internal/domain/progression/progression.go:314.2,314.12 1 1
github.com/waynenilsen/power-pro-v3/internal/domain/progression/progression.go:318.45,319.19 1 1
github.com/waynenilsen/power-pro-v3/internal/domain/progression/progression.go:319.19,321.3 1 1
github.com/waynenilsen/power-pro-v3/internal/domain/progression/progression.go:322.2,322.29 1 1
github.com/waynenilsen/power-pro-v3/internal/domain/progression/progression.go:322.29,324.3 1 1
github.com/waynenilsen/power-pro-v3/internal/domain/progression/progression.go:325.2,325.12 1 1
github.com/waynenilsen/power-pro-v3/internal/domain/progression/progression.go:332.119,334.52 2 1
github.com/waynenilsen/power-pro-v3/internal/domain/progression/progression.go:334.52,336.3 1 1
github.com/waynenilsen/power-pro-v3/internal/domain/progression/progression.go:337.2,337.35 1 1
github.com/waynenilsen/power-pro-v3/internal/domain/progression/trigger.go:36.58,38.2 1 1
github.com/waynenilsen/power-pro-v3/internal/domain/progression/trigger.go:41.49,42.23 1 1
github.com/waynenilsen/power-pro-v3/internal/domain/progression/trigger.go:42.23,44.3 1 1
github.com/waynenilsen/power-pro-v3/internal/domain/progression/trigger.go:45.2,45.21 1 1
github.com/waynenilsen/power-pro-v3/internal/domain/progression/trigger.go:45.21,47.3 1 1
github.com/waynenilsen/power-pro-v3/internal/domain/progression/trigger.go:48.2,48.22 1 1
github.com/waynenilsen/power-pro-v3/internal/domain/progression/trigger.go:48.22,50.3 1 1
github.com/waynenilsen/power-pro-v3/internal/domain/progression/trigger.go:51.2,51.12 1 1
github.com/waynenilsen/power-pro-v3/internal/domain/progression/trigger.go:66.55,68.2 1 1
github.com/waynenilsen/power-pro-v3/internal/domain/progression/trigger.go:71.46,72.24 1 1
github.com/waynenilsen/power-pro-v3/internal/domain/progression/trigger.go:72.24,74.3 1 1
github.com/waynenilsen/power-pro-v3/internal/domain/progression/trigger.go:75.2,75.19 1 1
github.com/waynenilsen/power-pro-v3/internal/domain/progression/trigger.go:75.19,77.3 1 1
github.com/waynenilsen/power-pro-v3/internal/domain/progression/trigger.go:78.2,78.33 1 1
github.com/waynenilsen/power-pro-v3/internal/domain/progression/trigger.go:78.33,80.3 1 1
github.com/waynenilsen/power-pro-v3/internal/domain/progression/trigger.go:81.2,81.26 1 1
github.com/waynenilsen/power-pro-v3/internal/domain/progression/trigger.go:81.26,83.3 1 1
github.com/waynenilsen/power-pro-v3/internal/domain/progression/trigger.go:84.2,84.12 1 1
github.com/waynenilsen/power-pro-v3/internal/domain/progression/trigger.go:99.56,101.2 1 1
github.com/waynenilsen/power-pro-v3/internal/domain/progression/trigger.go:104.47,105.26 1 1
github.com/waynenilsen/power-pro-v3/internal/domain/progression/trigger.go:105.26,107.3 1 1
github.com/waynenilsen/power-pro-v3/internal/domain/progression/trigger.go:108.2,108.20 1 1
github.com/waynenilsen/power-pro-v3/internal/domain/progression/trigger.go:108.20,110.3 1 1
github.com/waynenilsen/power-pro-v3/internal/domain/progression/trigger.go:111.2,111.38 1 1
github.com/waynenilsen/power-pro-v3/internal/domain/progression/trigger.go:111.38,113.3 1 1
github.com/waynenilsen/power-pro-v3/internal/domain/progression/trigger.go:114.2,114.22 1 1
github.com/waynenilsen/power-pro-v3/internal/domain/progression/trigger.go:114.22,116.3 1 1
github.com/waynenilsen/power-pro-v3/internal/domain/progression/trigger.go:117.2,117.12 1 1
github.com/waynenilsen/power-pro-v3/internal/domain/progression/trigger.go:138.43,139.18 1 1
github.com/waynenilsen/power-pro-v3/internal/domain/progression/trigger.go:139.18,141.3 1 1
github.com/waynenilsen/power-pro-v3/internal/domain/progression/trigger.go:142.2,142.32 1 1
github.com/waynenilsen/power-pro-v3/internal/domain/progression/trigger.go:142.32,144.3 1 1
github.com/waynenilsen/power-pro-v3/internal/domain/progression/trigger.go:145.2,145.20 1 1
github.com/waynenilsen/power-pro-v3/internal/domain/progression/trigger.go:145.20,147.3 1 1
github.com/waynenilsen/power-pro-v3/internal/domain/progression/trigger.go:148.2,148.26 1 1
github.com/waynenilsen/power-pro-v3/internal/domain/progression/trigger.go:148.26,150.3 1 1
github.com/waynenilsen/power-pro-v3/internal/domain/progression/trigger.go:151.2,151.22 1 1
github.com/waynenilsen/power-pro-v3/internal/domain/progression/trigger.go:151.22,153.3 1 1
github.com/waynenilsen/power-pro-v3/internal/domain/progression/trigger.go:155.2,155.39 1 1
github.com/waynenilsen/power-pro-v3/internal/domain/progression/trigger.go:155.39,158.3 1 1
github.com/waynenilsen/power-pro-v3/internal/domain/progression/trigger.go:159.2,159.29 1 1
github.com/waynenilsen/power-pro-v3/internal/domain/progression/trigger.go:164.55,169.22 3 1
github.com/waynenilsen/power-pro-v3/internal/domain/progression/trigger.go:169.22,171.17 2 1
github.com/waynenilsen/power-pro-v3/internal/domain/progression/trigger.go:171.17,173.4 1 0
github.com/waynenilsen/power-pro-v3/internal/domain/progression/trigger.go:174.3,174.33 1 1
github.com/waynenilsen/power-pro-v3/internal/domain/progression/trigger.go:177.2,177.28 1 1
github.com/waynenilsen/power-pro-v3/internal/domain/progression/trigger.go:182.59,185.53 3 1
github.com/waynenilsen/power-pro-v3/internal/domain/progression/trigger.go:185.53,187.3 1 0
github.com/waynenilsen/power-pro-v3/internal/domain/progression/trigger.go:189.2,195.31 5 1
github.com/waynenilsen/power-pro-v3/internal/domain/progression/trigger.go:195.31,197.17 2 1
github.com/waynenilsen/power-pro-v3/internal/domain/progression/trigger.go:197.17,199.4 1 0
github.com/waynenilsen/power-pro-v3/internal/domain/progression/trigger.go:200.3,200.18 1 1
github.com/waynenilsen/power-pro-v3/internal/domain/progression/trigger.go:203.2,203.12 1 1
github.com/waynenilsen/power-pro-v3/internal/domain/progression/trigger.go:207.101,208.21 1 1
github.com/waynenilsen/power-pro-v3/internal/domain/progression/trigger.go:209.27,211.52 2 1
github.com/waynenilsen/power-pro-v3/internal/domain/progression/trigger.go:211.52,213.4 1 1
github.com/waynenilsen/power-pro-v3/internal/domain/progression/trigger.go:214.3,214.18 1 1
github.com/waynenilsen/power-pro-v3/internal/domain/progression/trigger.go:215.24,217.52 2 1
github.com/waynenilsen/power-pro-v3/internal/domain/progression/trigger.go:217.52,219.4 1 0
github.com/waynenilsen/power-pro-v3/internal/domain/progression/trigger.go:220.3,220.18 1 1
github.com/waynenilsen/power-pro-v3/internal/domain/progression/trigger.go:221.25,223.52 2 1
github.com/waynenilsen/power-pro-v3/internal/domain/progression/trigger.go:223.52,225.4 1 0
github.com/waynenilsen/power-pro-v3/internal/domain/progression/trigger.go:226.3,226.18 1 1
github.com/waynenilsen/power-pro-v3/internal/domain/progression/trigger.go:227.10,228.71 1 1
github.com/waynenilsen/power-pro-v3/internal/domain/progression/trigger.go:233.121,245.2 1 1
github.com/waynenilsen/power-pro-v3/internal/domain/progression/trigger.go:248.100,259.2 1 1
github.com/waynenilsen/power-pro-v3/internal/domain/progression/trigger.go:262.90,273.2 1 1
github.com/waynenilsen/power-pro-v3/internal/domain/progression/trigger.go:286.64,288.16 2 1
github.com/waynenilsen/power-pro-v3/internal/domain/progression/trigger.go:288.16,290.3 1 0
github.com/waynenilsen/power-pro-v3/internal/domain/progression/trigger.go:291.2,295.31 2 1
github.com/waynenilsen/power-pro-v3/internal/domain/progression/trigger.go:299.75,301.56 2 1
github.com/waynenilsen/power-pro-v3/internal/domain/progression/trigger.go:301.56,303.3 1 1
github.com/waynenilsen/power-pro-v3/internal/domain/progression/trigger.go:304.2,304.62 1 1
github.com/waynenilsen/power-pro-v3/internal/domain/progression/trigger.go:326.57,328.2 1 1
github.com/waynenilsen/power-pro-v3/internal/domain/progression/trigger.go:331.48,334.2 1 1
github.com/waynenilsen/power-pro-v3/internal/domain/progression/trigger.go:337.61,342.32 3 1
github.com/waynenilsen/power-pro-v3/internal/domain/progression/trigger.go:342.32,344.17 2 1
github.com/waynenilsen/power-pro-v3/internal/domain/progression/trigger.go:344.17,346.4 1 0
github.com/waynenilsen/power-pro-v3/internal/domain/progression/trigger.go:347.3,348.61 2 1
github.com/waynenilsen/power-pro-v3/internal/domain/progression/trigger.go:351.2,351.28 1 1
github.com/waynenilsen/power-pro-v3/internal/domain/progression/trigger.go:355.113,363.2 1 1
github.com/waynenilsen/power-pro-v3/internal/domain/userprogramstate/userprogramstate.go:48.46,50.2 1 1
github.com/waynenilsen/power-pro-v3/internal/domain/userprogramstate/userprogramstate.go:53.42,54.37 1 1
github.com/waynenilsen/power-pro-v3/internal/domain/userprogramstate/userprogramstate.go:54.37,56.3 1 1
github.com/waynenilsen/power-pro-v3/internal/domain/userprogramstate/userprogramstate.go:57.2,57.12 1 1
github.com/waynenilsen/power-pro-v3/internal/domain/userprogramstate/userprogramstate.go:61.48,62.40 1 1
github.com/waynenilsen/power-pro-v3/internal/domain/userprogramstate/userprogramstate.go:62.40,64.3 1 1
github.com/waynenilsen/power-pro-v3/internal/domain/userprogramstate/userprogramstate.go:65.2,65.12 1 1
github.com/waynenilsen/power-pro-v3/internal/domain/userprogramstate/userprogramstate.go:69.42,70.14 1 1
github.com/waynenilsen/power-pro-v3/internal/domain/userprogramstate/userprogramstate.go:70.14,72.3 1 1
github.com/waynenilsen/power-pro-v3/internal/domain/userprogramstate/userprogramstate.go:73.2,73.12 1 1
github.com/waynenilsen/power-pro-v3/internal/domain/userprogramstate/userprogramstate.go:77.57,78.19 1 1
github.com/waynenilsen/power-pro-v3/internal/domain/userprogramstate/userprogramstate.go:78.19,80.3 1 1
github.com/waynenilsen/power-pro-v3/internal/domain/userprogramstate/userprogramstate.go:81.2,81.12 1 1
github.com/waynenilsen/power-pro-v3/internal/domain/userprogramstate/userprogramstate.go:85.51,86.38 1 1
github.com/waynenilsen/power-pro-v3/internal/domain/userprogramstate/userprogramstate.go:86.38,88.3 1 1
github.com/waynenilsen/power-pro-v3/internal/domain/userprogramstate/userprogramstate.go:89.2,89.12 1 1
github.com/waynenilsen/power-pro-v3/internal/domain/userprogramstate/userprogramstate.go:100.90,104.53 2 1
github.com/waynenilsen/power-pro-v3/internal/domain/userprogramstate/userprogramstate.go:104.53,106.3 1 1
github.com/waynenilsen/power-pro-v3/internal/domain/userprogramstate/userprogramstate.go:109.2,109.59 1 1
github.com/waynenilsen/power-pro-v3/internal/domain/userprogramstate/userprogramstate.go:109.59,111.3 1 1
github.com/waynenilsen/power-pro-v3/internal/domain/userprogramstate/userprogramstate.go:113.2,113.19 1 1
github.com/waynenilsen/power-pro-v3/internal/domain/userprogramstate/userprogramstate.go:113.19,115.3 1 1
github.com/waynenilsen/power-pro-v3/internal/domain/userprogramstate/userprogramstate.go:117.2,127.11 2 1
github.com/waynenilsen/power-pro-v3/internal/domain/userprogramstate/userprogramstate.go:138.91,141.30 2 1
github.com/waynenilsen/power-pro-v3/internal/domain/userprogramstate/userprogramstate.go:141.30,142.65 1 1
github.com/waynenilsen/power-pro-v3/internal/domain/userprogramstate/userprogramstate.go:142.65,144.4 1 1
github.com/waynenilsen/power-pro-v3/internal/domain/userprogramstate/userprogramstate.go:144.9,146.4 1 1
github.com/waynenilsen/power-pro-v3/internal/domain/userprogramstate/userprogramstate.go:149.2,149.40 1 1
github.com/waynenilsen/power-pro-v3/internal/domain/userprogramstate/userprogramstate.go:149.40,150.85 1 1
github.com/waynenilsen/power-pro-v3/internal/domain/userprogramstate/userprogramstate.go:150.85,152.4 1 1
github.com/waynenilsen/power-pro-v3/internal/domain/userprogramstate/userprogramstate.go:152.9,154.4 1 1
github.com/waynenilsen/power-pro-v3/internal/domain/userprogramstate/userprogramstate.go:157.2,157.34 1 1
github.com/waynenilsen/power-pro-v3/internal/domain/userprogramstate/userprogramstate.go:157.34,159.62 2 1
github.com/waynenilsen/power-pro-v3/internal/domain/userprogramstate/userprogramstate.go:159.62,161.4 1 1
github.com/waynenilsen/power-pro-v3/internal/domain/userprogramstate/userprogramstate.go:161.9,163.4 1 1
github.com/waynenilsen/power-pro-v3/internal/domain/userprogramstate/userprogramstate.go:166.2,166.18 1 1
github.com/waynenilsen/power-pro-v3/internal/domain/userprogramstate/userprogramstate.go:166.18,168.3 1 1
github.com/waynenilsen/power-pro-v3/internal/domain/userprogramstate/userprogramstate.go:170.2,170.15 1 1
github.com/waynenilsen/power-pro-v3/internal/domain/userprogramstate/userprogramstate.go:174.57,177.49 2 1
github.com/waynenilsen/power-pro-v3/internal/domain/userprogramstate/userprogramstate.go:177.49,179.3 1 1
github.com/waynenilsen/power-pro-v3/internal/domain/userprogramstate/userprogramstate.go:181.2,181.55 1 1
github.com/waynenilsen/power-pro-v3/internal/domain/userprogramstate/userprogramstate.go:181.55,183.3 1 1
github.com/waynenilsen/power-pro-v3/internal/domain/userprogramstate/userprogramstate.go:185.2,185.59 1 1
github.com/waynenilsen/power-pro-v3/internal/domain/userprogramstate/userprogramstate.go:185.59,187.3 1 1
github.com/waynenilsen/power-pro-v3/internal/domain/userprogramstate/userprogramstate.go:189.2,189.79 1 1
github.com/waynenilsen/power-pro-v3/internal/domain/userprogramstate/userprogramstate.go:189.79,191.3 1 1
github.com/waynenilsen/power-pro-v3/internal/domain/userprogramstate/userprogramstate.go:193.2,193.67 1 1
github.com/waynenilsen/power-pro-v3/internal/domain/userprogramstate/userprogramstate.go:193.67,195.3 1 1
github.com/waynenilsen/power-pro-v3/internal/domain/userprogramstate/userprogramstate.go:197.2,197.15 1 1
github.com/waynenilsen/power-pro-v3/internal/domain/userprogramstate/userprogramstate.go:217.108,221.31 2 1
github.com/waynenilsen/power-pro-v3/internal/domain/userprogramstate/userprogramstate.go:221.31,224.3 2 1
github.com/waynenilsen/power-pro-v3/internal/domain/userprogramstate/userprogramstate.go:225.2,225.30 1 1
github.com/waynenilsen/power-pro-v3/internal/domain/userprogramstate/userprogramstate.go:225.30,228.3 2 1
github.com/waynenilsen/power-pro-v3/internal/domain/userprogramstate/userprogramstate.go:231.2,246.37 4 1
github.com/waynenilsen/power-pro-v3/internal/domain/userprogramstate/userprogramstate.go:246.37,248.3 1 1
github.com/waynenilsen/power-pro-v3/internal/domain/userprogramstate/userprogramstate.go:251.2,254.46 2 1
github.com/waynenilsen/power-pro-v3/internal/domain/userprogramstate/userprogramstate.go:254.46,262.50 3 1
github.com/waynenilsen/power-pro-v3/internal/domain/userprogramstate/userprogramstate.go:262.50,271.4 3 1
github.com/waynenilsen/power-pro-v3/internal/domain/userprogramstate/userprogramstate.go:275.2,280.11 2 1
github.com/waynenilsen/power-pro-v3/internal/domain/userprogramstate/userprogramstate.go:284.30,285.14 1 1
github.com/waynenilsen/power-pro-v3/internal/domain/userprogramstate/userprogramstate.go:285.14,287.3 1 1
github.com/waynenilsen/power-pro-v3/internal/domain/userprogramstate/userprogramstate.go:288.2,289.11 2 1
github.com/waynenilsen/power-pro-v3/internal/domain/setscheme/fixed.go:21.65,26.42 2 1
github.com/waynenilsen/power-pro-v3/internal/domain/setscheme/fixed.go:26.42,28.3 1 1
github.com/waynenilsen/power-pro-v3/internal/domain/setscheme/fixed.go:29.2,29.20 1 1
github.com/waynenilsen/power-pro-v3/internal/domain/setscheme/fixed.go:33.47,35.2 1 1
github.com/waynenilsen/power-pro-v3/internal/domain/setscheme/fixed.go:43.107,44.37 1 1
github.com/waynenilsen/power-pro-v3/internal/domain/setscheme/fixed.go:44.37,46.3 1 1
github.com/waynenilsen/power-pro-v3/internal/domain/setscheme/fixed.go:48.2,49.30 2 1
github.com/waynenilsen/power-pro-v3/internal/domain/setscheme/fixed.go:49.30,56.3 1 1
github.com/waynenilsen/power-pro-v3/internal/domain/setscheme/fixed.go:57.2,57.18 1 1
github.com/waynenilsen/power-pro-v3/internal/domain/setscheme/fixed.go:64.43,65.16 1 1
github.com/waynenilsen/power-pro-v3/internal/domain/setscheme/fixed.go:65.16,67.3 1 1
github.com/waynenilsen/power-pro-v3/internal/domain/setscheme/fixed.go:68.2,68.16 1 1
github.com/waynenilsen/power-pro-v3/internal/domain/setscheme/fixed.go:68.16,70.3 1 1
github.com/waynenilsen/power-pro-v3/internal/domain/setscheme/fixed.go:71.2,71.12 1 1
github.com/waynenilsen/power-pro-v3/internal/domain/setscheme/fixed.go:76.56,85.2 2 1
github.com/waynenilsen/power-pro-v3/internal/domain/setscheme/fixed.go:89.71,91.54 2 1
github.com/waynenilsen/power-pro-v3/internal/domain/setscheme/fixed.go:91.54,93.3 1 1
github.com/waynenilsen/power-pro-v3/internal/domain/setscheme/fixed.go:94.2,94.42 1 1
github.com/waynenilsen/power-pro-v3/internal/domain/setscheme/fixed.go:94.42,96.3 1 1
github.com/waynenilsen/power-pro-v3/internal/domain/setscheme/fixed.go:97.2,97.21 1 1
github.com/waynenilsen/power-pro-v3/internal/domain/setscheme/fixed.go:101.50,103.2 1 1
github.com/waynenilsen/power-pro-v3/internal/domain/setscheme/ramp.go:36.65,38.2 1 1
github.com/waynenilsen/power-pro-v3/internal/domain/setscheme/ramp.go:42.104,47.42 2 1
github.com/waynenilsen/power-pro-v3/internal/domain/setscheme/ramp.go:47.42,49.3 1 1
github.com/waynenilsen/power-pro-v3/internal/domain/setscheme/ramp.go:50.2,50.20 1 1
github.com/waynenilsen/power-pro-v3/internal/domain/setscheme/ramp.go:54.46,56.2 1 1
github.com/waynenilsen/power-pro-v3/internal/domain/setscheme/ramp.go:64.108,65.37 1 1
github.com/waynenilsen/power-pro-v3/internal/domain/setscheme/ramp.go:65.37,67.3 1 1
github.com/waynenilsen/power-pro-v3/internal/domain/setscheme/ramp.go:70.2,71.20 2 1
github.com/waynenilsen/power-pro-v3/internal/domain/setscheme/ramp.go:71.20,73.3 1 1
github.com/waynenilsen/power-pro-v3/internal/domain/setscheme/ramp.go:75.2,76.31 2 1
github.com/waynenilsen/power-pro-v3/internal/domain/setscheme/ramp.go:76.31,84.3 2 1
github.com/waynenilsen/power-pro-v3/internal/domain/setscheme/ramp.go:85.2,85.18 1 1
github.com/waynenilsen/power-pro-v3/internal/domain/setscheme/ramp.go:94.42,96.22 1 1
github.com/waynenilsen/power-pro-v3/internal/domain/setscheme/ramp.go:96.22,98.3 1 1
github.com/waynenilsen/power-pro-v3/internal/domain/setscheme/ramp.go:102.2,102.28 1 1
github.com/waynenilsen/power-pro-v3/internal/domain/setscheme/ramp.go:102.28,104.3 1 1
github.com/waynenilsen/power-pro-v3/internal/domain/setscheme/ramp.go:105.2,105.30 1 1
github.com/waynenilsen/power-pro-v3/internal/domain/setscheme/ramp.go:105.30,107.3 1 1
github.com/waynenilsen/power-pro-v3/internal/domain/setscheme/ramp.go:110.2,110.31 1 1
github.com/waynenilsen/power-pro-v3/internal/domain/setscheme/ramp.go:110.31,111.27 1 1
github.com/waynenilsen/power-pro-v3/internal/domain/setscheme/ramp.go:111.27,113.4 1 1
github.com/waynenilsen/power-pro-v3/internal/domain/setscheme/ramp.go:114.3,114.20 1 1
github.com/waynenilsen/power-pro-v3/internal/domain/setscheme/ramp.go:114.20,116.4 1 1
github.com/waynenilsen/power-pro-v3/internal/domain/setscheme/ramp.go:119.2,119.12 1 1
github.com/waynenilsen/power-pro-v3/internal/domain/setscheme/ramp.go:124.55,133.2 2 1
github.com/waynenilsen/power-pro-v3/internal/domain/setscheme/ramp.go:137.70,139.54 2 1
github.com/waynenilsen/power-pro-v3/internal/domain/setscheme/ramp.go:139.54,141.3 1 1
github.com/waynenilsen/power-pro-v3/internal/domain/setscheme/ramp.go:144.2,144.42 1 1
github.com/waynenilsen/power-pro-v3/internal/domain/setscheme/ramp.go:144.42,146.3 1 1
github.com/waynenilsen/power-pro-v3/internal/domain/setscheme/ramp.go:147.2,147.21 1 1
github.com/waynenilsen/power-pro-v3/internal/domain/setscheme/ramp.go:151.49,153.2 1 1
github.com/waynenilsen/power-pro-v3/internal/domain/setscheme/setscheme.go:65.57,69.2 1 1
github.com/waynenilsen/power-pro-v3/internal/domain/setscheme/setscheme.go:101.56,108.2 2 1
github.com/waynenilsen/power-pro-v3/internal/domain/setscheme/setscheme.go:112.59,117.56 2 1
github.com/waynenilsen/power-pro-v3/internal/domain/setscheme/setscheme.go:117.56,119.3 1 0
github.com/waynenilsen/power-pro-v3/internal/domain/setscheme/setscheme.go:120.2,122.12 3 1
github.com/waynenilsen/power-pro-v3/internal/domain/setscheme/setscheme.go:134.40,138.2 1 1
github.com/waynenilsen/power-pro-v3/internal/domain/setscheme/setscheme.go:142.110,144.2 1 1
github.com/waynenilsen/power-pro-v3/internal/domain/setscheme/setscheme.go:148.99,150.9 2 1
github.com/waynenilsen/power-pro-v3/internal/domain/setscheme/setscheme.go:150.9,152.3 1 1
github.com/waynenilsen/power-pro-v3/internal/domain/setscheme/setscheme.go:153.2,153.22 1 1
github.com/waynenilsen/power-pro-v3/internal/domain/setscheme/setscheme.go:157.81,159.56 2 1
github.com/waynenilsen/power-pro-v3/internal/domain/setscheme/setscheme.go:159.56,161.3 1 1
github.com/waynenilsen/power-pro-v3/internal/domain/setscheme/setscheme.go:162.2,162.38 1 1
github.com/waynenilsen/power-pro-v3/internal/domain/setscheme/setscheme.go:166.69,169.2 2 1
github.com/waynenilsen/power-pro-v3/internal/domain/setscheme/setscheme.go:172.59,174.28 2 1
github.com/waynenilsen/power-pro-v3/internal/domain/setscheme/setscheme.go:174.28,176.3 1 1
github.com/waynenilsen/power-pro-v3/internal/domain/setscheme/setscheme.go:177.2,177.14 1 1
github.com/waynenilsen/power-pro-v3/internal/domain/setscheme/setscheme.go:182.54,186.2 1 1
github.com/waynenilsen/power-pro-v3/internal/domain/setscheme/setscheme.go:189.57,190.22 1 1
github.com/waynenilsen/power-pro-v3/internal/domain/setscheme/setscheme.go:190.22,192.3 1 1
github.com/waynenilsen/power-pro-v3/internal/domain/setscheme/setscheme.go:193.2,193.35 1 1
github.com/waynenilsen/power-pro-v3/internal/domain/setscheme/setscheme.go:193.35,195.3 1 1
github.com/waynenilsen/power-pro-v3/internal/domain/setscheme/setscheme.go:196.2,196.12 1 1
github.com/waynenilsen/power-pro-v3/internal/domain/week/week.go:81.46,83.2 1 1
github.com/waynenilsen/power-pro-v3/internal/domain/week/week.go:87.47,88.20 1 1
github.com/waynenilsen/power-pro-v3/internal/domain/week/week.go:88.20,90.3 1 1
github.com/waynenilsen/power-pro-v3/internal/domain/week/week.go:91.2,91.12 1 1
github.com/waynenilsen/power-pro-v3/internal/domain/week/week.go:96.44,97.38 1 1
github.com/waynenilsen/power-pro-v3/internal/domain/week/week.go:97.38,99.3 1 1
github.com/waynenilsen/power-pro-v3/internal/domain/week/week.go:100.2,100.12 1 1
github.com/waynenilsen/power-pro-v3/internal/domain/week/week.go:105.45,106.20 1 1
github.com/waynenilsen/power-pro-v3/internal/domain/week/week.go:106.20,108.3 1 1
github.com/waynenilsen/power-pro-v3/internal/domain/week/week.go:109.2,110.80 2 1
github.com/waynenilsen/power-pro-v3/internal/domain/week/week.go:110.80,112.3 1 1
github.com/waynenilsen/power-pro-v3/internal/domain/week/week.go:113.2,113.12 1 1
github.com/waynenilsen/power-pro-v3/internal/domain/week/week.go:118.48,119.21 1 1
github.com/waynenilsen/power-pro-v3/internal/domain/week/week.go:119.21,121.3 1 1
github.com/waynenilsen/power-pro-v3/internal/domain/week/week.go:122.2,122.40 1 1
github.com/waynenilsen/power-pro-v3/internal/domain/week/week.go:122.40,123.33 1 1
github.com/waynenilsen/power-pro-v3/internal/domain/week/week.go:123.33,125.4 1 1
github.com/waynenilsen/power-pro-v3/internal/domain/week/week.go:127.2,127.28 1 1
github.com/waynenilsen/power-pro-v3/internal/domain/week/week.go:139.78,143.61 2 1
github.com/waynenilsen/power-pro-v3/internal/domain/week/week.go:143.61,145.3 1 1
github.com/waynenilsen/power-pro-v3/internal/domain/week/week.go:148.2,148.55 1 1
github.com/waynenilsen/power-pro-v3/internal/domain/week/week.go:148.55,150.3 1 1
github.com/waynenilsen/power-pro-v3/internal/domain/week/week.go:153.2,153.55 1 1
github.com/waynenilsen/power-pro-v3/internal/domain/week/week.go:153.55,155.3 1 1
github.com/waynenilsen/power-pro-v3/internal/domain/week/week.go:157.2,157.19 1 1
github.com/waynenilsen/power-pro-v3/internal/domain/week/week.go:157.19,159.3 1 1
github.com/waynenilsen/power-pro-v3/internal/domain/week/week.go:162.2,163.50 2 1
github.com/waynenilsen/power-pro-v3/internal/domain/week/week.go:163.50,165.3 1 1
github.com/waynenilsen/power-pro-v3/internal/domain/week/week.go:167.2,175.11 2 1
github.com/waynenilsen/power-pro-v3/internal/domain/week/week.go:188.67,192.29 2 1
github.com/waynenilsen/power-pro-v3/internal/domain/week/week.go:192.29,193.63 1 1
github.com/waynenilsen/power-pro-v3/internal/domain/week/week.go:193.63,195.4 1 1
github.com/waynenilsen/power-pro-v3/internal/domain/week/week.go:195.9,197.4 1 1
github.com/waynenilsen/power-pro-v3/internal/domain/week/week.go:201.2,201.24 1 1
github.com/waynenilsen/power-pro-v3/internal/domain/week/week.go:201.24,203.3 1 1
github.com/waynenilsen/power-pro-v3/internal/domain/week/week.go:203.8,203.33 1 1
github.com/waynenilsen/power-pro-v3/internal/domain/week/week.go:203.33,204.56 1 1
github.com/waynenilsen/power-pro-v3/internal/domain/week/week.go:204.56,206.4 1 1
github.com/waynenilsen/power-pro-v3/internal/domain/week/week.go:206.9,208.28 1 1
github.com/waynenilsen/power-pro-v3/internal/domain/week/week.go:208.28,210.5 1 1
github.com/waynenilsen/power-pro-v3/internal/domain/week/week.go:210.10,212.5 1 1
github.com/waynenilsen/power-pro-v3/internal/domain/week/week.go:217.2,217.26 1 1
github.com/waynenilsen/power-pro-v3/internal/domain/week/week.go:217.26,218.57 1 1
github.com/waynenilsen/power-pro-v3/internal/domain/week/week.go:218.57,220.4 1 1
github.com/waynenilsen/power-pro-v3/internal/domain/week/week.go:220.9,222.4 1 1
github.com/waynenilsen/power-pro-v3/internal/domain/week/week.go:225.2,225.18 1 1
github.com/waynenilsen/power-pro-v3/internal/domain/week/week.go:225.18,227.3 1 1
github.com/waynenilsen/power-pro-v3/internal/domain/week/week.go:229.2,229.15 1 1
github.com/waynenilsen/power-pro-v3/internal/domain/week/week.go:233.45,236.57 2 1
github.com/waynenilsen/power-pro-v3/internal/domain/week/week.go:236.57,238.3 1 1
github.com/waynenilsen/power-pro-v3/internal/domain/week/week.go:240.2,240.51 1 1
github.com/waynenilsen/power-pro-v3/internal/domain/week/week.go:240.51,242.3 1 1
github.com/waynenilsen/power-pro-v3/internal/domain/week/week.go:244.2,244.51 1 1
github.com/waynenilsen/power-pro-v3/internal/domain/week/week.go:244.51,246.3 1 1
github.com/waynenilsen/power-pro-v3/internal/domain/week/week.go:248.2,248.15 1 1
github.com/waynenilsen/power-pro-v3/internal/domain/week/week.go:260.87,263.24 2 1
github.com/waynenilsen/power-pro-v3/internal/domain/week/week.go:263.24,265.3 1 1
github.com/waynenilsen/power-pro-v3/internal/domain/week/week.go:267.2,267.23 1 1
github.com/waynenilsen/power-pro-v3/internal/domain/week/week.go:267.23,269.3 1 1
github.com/waynenilsen/power-pro-v3/internal/domain/week/week.go:271.2,271.59 1 1
github.com/waynenilsen/power-pro-v3/internal/domain/week/week.go:271.59,273.3 1 1
github.com/waynenilsen/power-pro-v3/internal/domain/week/week.go:275.2,275.19 1 1
github.com/waynenilsen/power-pro-v3/internal/domain/week/week.go:275.19,277.3 1 1
github.com/waynenilsen/power-pro-v3/internal/domain/week/week.go:279.2,285.11 1 1
github.com/waynenilsen/power-pro-v3/internal/domain/week/week.go:289.40,290.13 1 1
github.com/waynenilsen/power-pro-v3/internal/domain/week/week.go:291.14,292.11 1 1
github.com/waynenilsen/power-pro-v3/internal/domain/week/week.go:293.15,294.11 1 1
github.com/waynenilsen/power-pro-v3/internal/domain/week/week.go:295.17,296.11 1 1
github.com/waynenilsen/power-pro-v3/internal/domain/week/week.go:297.16,298.11 1 1
github.com/waynenilsen/power-pro-v3/internal/domain/week/week.go:299.14,300.11 1 1
github.com/waynenilsen/power-pro-v3/internal/domain/week/week.go:301.16,302.11 1 1
github.com/waynenilsen/power-pro-v3/internal/domain/week/week.go:303.14,304.11 1 1
github.com/waynenilsen/power-pro-v3/internal/domain/week/week.go:305.10,306.11 1 1
github.com/waynenilsen/power-pro-v3/internal/domain/weeklylookup/weeklylookup.go:52.46,54.2 1 1
github.com/waynenilsen/power-pro-v3/internal/domain/weeklylookup/weeklylookup.go:58.38,59.35 1 1
github.com/waynenilsen/power-pro-v3/internal/domain/weeklylookup/weeklylookup.go:59.35,61.3 1 1
github.com/waynenilsen/power-pro-v3/internal/domain/weeklylookup/weeklylookup.go:62.2,62.31 1 1
github.com/waynenilsen/power-pro-v3/internal/domain/weeklylookup/weeklylookup.go:62.31,64.3 1 1
github.com/waynenilsen/power-pro-v3/internal/domain/weeklylookup/weeklylookup.go:65.2,65.12 1 1
github.com/waynenilsen/power-pro-v3/internal/domain/weeklylookup/weeklylookup.go:70.57,71.23 1 1
github.com/waynenilsen/power-pro-v3/internal/domain/weeklylookup/weeklylookup.go:71.23,73.3 1 1
github.com/waynenilsen/power-pro-v3/internal/domain/weeklylookup/weeklylookup.go:75.2,76.32 2 1
github.com/waynenilsen/power-pro-v3/internal/domain/weeklylookup/weeklylookup.go:76.32,77.27 1 1
github.com/waynenilsen/power-pro-v3/internal/domain/weeklylookup/weeklylookup.go:77.27,79.4 1 1
github.com/waynenilsen/power-pro-v3/internal/domain/weeklylookup/weeklylookup.go:80.3,80.36 1 1
github.com/waynenilsen/power-pro-v3/internal/domain/weeklylookup/weeklylookup.go:80.36,82.4 1 1
github.com/waynenilsen/power-pro-v3/internal/domain/weeklylookup/weeklylookup.go:83.3,85.34 2 1
github.com/waynenilsen/power-pro-v3/internal/domain/weeklylookup/weeklylookup.go:85.34,87.4 1 1
github.com/waynenilsen/power-pro-v3/internal/domain/weeklylookup/weeklylookup.go:88.3,88.27 1 1
github.com/waynenilsen/power-pro-v3/internal/domain/weeklylookup/weeklylookup.go:88.27,90.4 1 1
github.com/waynenilsen/power-pro-v3/internal/domain/weeklylookup/weeklylookup.go:91.3,91.48 1 1
github.com/waynenilsen/power-pro-v3/internal/domain/weeklylookup/weeklylookup.go:91.48,93.4 1 1
github.com/waynenilsen/power-pro-v3/internal/domain/weeklylookup/weeklylookup.go:95.2,95.12 1 1
github.com/waynenilsen/power-pro-v3/internal/domain/weeklylookup/weeklylookup.go:107.102,111.49 2 1
github.com/waynenilsen/power-pro-v3/internal/domain/weeklylookup/weeklylookup.go:111.49,113.3 1 1
github.com/waynenilsen/power-pro-v3/internal/domain/weeklylookup/weeklylookup.go:116.2,116.55 1 1
github.com/waynenilsen/power-pro-v3/internal/domain/weeklylookup/weeklylookup.go:116.55,118.3 1 1
github.com/waynenilsen/power-pro-v3/internal/domain/weeklylookup/weeklylookup.go:120.2,120.19 1 1
github.com/waynenilsen/power-pro-v3/internal/domain/weeklylookup/weeklylookup.go:120.19,122.3 1 1
github.com/waynenilsen/power-pro-v3/internal/domain/weeklylookup/weeklylookup.go:124.2,132.11 2 1
github.com/waynenilsen/power-pro-v3/internal/domain/weeklylookup/weeklylookup.go:144.91,148.23 2 1
github.com/waynenilsen/power-pro-v3/internal/domain/weeklylookup/weeklylookup.go:148.23,149.51 1 1
github.com/waynenilsen/power-pro-v3/internal/domain/weeklylookup/weeklylookup.go:149.51,151.4 1 1
github.com/waynenilsen/power-pro-v3/internal/domain/weeklylookup/weeklylookup.go:151.9,153.4 1 1
github.com/waynenilsen/power-pro-v3/internal/domain/weeklylookup/weeklylookup.go:157.2,157.26 1 1
github.com/waynenilsen/power-pro-v3/internal/domain/weeklylookup/weeklylookup.go:157.26,158.57 1 1
github.com/waynenilsen/power-pro-v3/internal/domain/weeklylookup/weeklylookup.go:158.57,160.4 1 1
github.com/waynenilsen/power-pro-v3/internal/domain/weeklylookup/weeklylookup.go:160.9,162.4 1 1
github.com/waynenilsen/power-pro-v3/internal/domain/weeklylookup/weeklylookup.go:166.2,166.28 1 1
github.com/waynenilsen/power-pro-v3/internal/domain/weeklylookup/weeklylookup.go:166.28,168.3 1 1
github.com/waynenilsen/power-pro-v3/internal/domain/weeklylookup/weeklylookup.go:170.2,170.18 1 1
github.com/waynenilsen/power-pro-v3/internal/domain/weeklylookup/weeklylookup.go:170.18,172.3 1 1
github.com/waynenilsen/power-pro-v3/internal/domain/weeklylookup/weeklylookup.go:174.2,174.15 1 1
github.com/waynenilsen/power-pro-v3/internal/domain/weeklylookup/weeklylookup.go:178.53,181.45 2 1
github.com/waynenilsen/power-pro-v3/internal/domain/weeklylookup/weeklylookup.go:181.45,183.3 1 1
github.com/waynenilsen/power-pro-v3/internal/domain/weeklylookup/weeklylookup.go:185.2,185.51 1 1
github.com/waynenilsen/power-pro-v3/internal/domain/weeklylookup/weeklylookup.go:185.51,187.3 1 1
github.com/waynenilsen/power-pro-v3/internal/domain/weeklylookup/weeklylookup.go:189.2,189.15 1 1
github.com/waynenilsen/power-pro-v3/internal/domain/weeklylookup/weeklylookup.go:193.72,194.27 1 1
github.com/waynenilsen/power-pro-v3/internal/domain/weeklylookup/weeklylookup.go:194.27,195.41 1 1
github.com/waynenilsen/power-pro-v3/internal/domain/weeklylookup/weeklylookup.go:195.41,197.4 1 1
github.com/waynenilsen/power-pro-v3/internal/domain/weeklylookup/weeklylookup.go:199.2,199.12 1 1
github.com/waynenilsen/power-pro-v3/internal/domain/workout/workout.go:116.85,121.2 1 1
github.com/waynenilsen/power-pro-v3/internal/domain/workout/workout.go:133.21,134.29 1 1
github.com/waynenilsen/power-pro-v3/internal/domain/workout/workout.go:134.29,136.3 1 1
github.com/waynenilsen/power-pro-v3/internal/domain/workout/workout.go:138.2,140.34 2 1
github.com/waynenilsen/power-pro-v3/internal/domain/workout/workout.go:140.34,149.17 3 1
github.com/waynenilsen/power-pro-v3/internal/domain/workout/workout.go:149.17,151.4 1 1
github.com/waynenilsen/power-pro-v3/internal/domain/workout/workout.go:154.3,166.42 2 1
github.com/waynenilsen/power-pro-v3/internal/domain/workout/workout.go:169.2,177.8 1 1
github.com/waynenilsen/power-pro-v3/internal/domain/workout/workout.go:181.59,183.25 2 1
github.com/waynenilsen/power-pro-v3/internal/domain/workout/workout.go:183.25,190.3 1 1
github.com/waynenilsen/power-pro-v3/internal/domain/workout/workout.go:191.2,191.15 1 1
github.com/waynenilsen/power-pro-v3/internal/domain/workout/workout.go:195.29,197.2 1 1
github.com/waynenilsen/power-pro-v3/internal/domain/workout/workout.go:200.62,201.56 1 1
github.com/waynenilsen/power-pro-v3/internal/domain/workout/workout.go:201.56,203.3 1 1
github.com/waynenilsen/power-pro-v3/internal/domain/workout/workout.go:204.2,204.12 1 1
github.com/waynenilsen/power-pro-v3/internal/domain/workout/workout.go:208.56,209.27 1 1
github.com/waynenilsen/power-pro-v3/internal/domain/workout/workout.go:209.27,211.3 1 1
github.com/waynenilsen/power-pro-v3/internal/domain/workout/workout.go:212.2,212.26 1 1
github.com/waynenilsen/power-pro-v3/internal/domain/workout/workout.go:212.26,214.3 1 1
github.com/waynenilsen/power-pro-v3/internal/domain/workout/workout.go:215.2,215.12 1 1
