mode: set
github.com/waynenilsen/power-pro-v3/internal/api/cycle_handler.go:20.70,24.2 1 1
github.com/waynenilsen/power-pro-v3/internal/api/cycle_handler.go:63.52,71.2 1 1
github.com/waynenilsen/power-pro-v3/internal/api/cycle_handler.go:73.95,75.26 2 1
github.com/waynenilsen/power-pro-v3/internal/api/cycle_handler.go:75.26,80.3 1 1
github.com/waynenilsen/power-pro-v3/internal/api/cycle_handler.go:82.2,89.3 1 1
github.com/waynenilsen/power-pro-v3/internal/api/cycle_handler.go:93.69,100.37 4 1
github.com/waynenilsen/power-pro-v3/internal/api/cycle_handler.go:100.37,101.63 1 1
github.com/waynenilsen/power-pro-v3/internal/api/cycle_handler.go:101.63,103.4 1 1
github.com/waynenilsen/power-pro-v3/internal/api/cycle_handler.go:105.2,105.43 1 1
github.com/waynenilsen/power-pro-v3/internal/api/cycle_handler.go:105.43,106.81 1 1
github.com/waynenilsen/power-pro-v3/internal/api/cycle_handler.go:106.81,108.4 1 1
github.com/waynenilsen/power-pro-v3/internal/api/cycle_handler.go:112.2,114.39 3 1
github.com/waynenilsen/power-pro-v3/internal/api/cycle_handler.go:114.39,115.29 1 1
github.com/waynenilsen/power-pro-v3/internal/api/cycle_handler.go:116.15,117.39 1 1
github.com/waynenilsen/power-pro-v3/internal/api/cycle_handler.go:118.34,119.44 1 0
github.com/waynenilsen/power-pro-v3/internal/api/cycle_handler.go:120.38,121.46 1 1
github.com/waynenilsen/power-pro-v3/internal/api/cycle_handler.go:124.2,124.42 1 1
github.com/waynenilsen/power-pro-v3/internal/api/cycle_handler.go:124.42,125.29 1 1
github.com/waynenilsen/power-pro-v3/internal/api/cycle_handler.go:126.14,127.34 1 1
github.com/waynenilsen/power-pro-v3/internal/api/cycle_handler.go:128.15,129.35 1 1
github.com/waynenilsen/power-pro-v3/internal/api/cycle_handler.go:133.2,141.16 3 1
github.com/waynenilsen/power-pro-v3/internal/api/cycle_handler.go:141.16,144.3 2 0
github.com/waynenilsen/power-pro-v3/internal/api/cycle_handler.go:147.2,148.27 2 1
github.com/waynenilsen/power-pro-v3/internal/api/cycle_handler.go:148.27,150.3 1 1
github.com/waynenilsen/power-pro-v3/internal/api/cycle_handler.go:153.2,154.31 2 1
github.com/waynenilsen/power-pro-v3/internal/api/cycle_handler.go:154.31,156.3 1 1
github.com/waynenilsen/power-pro-v3/internal/api/cycle_handler.go:158.2,166.35 2 1
github.com/waynenilsen/power-pro-v3/internal/api/cycle_handler.go:170.68,172.14 2 1
github.com/waynenilsen/power-pro-v3/internal/api/cycle_handler.go:172.14,175.3 2 0
github.com/waynenilsen/power-pro-v3/internal/api/cycle_handler.go:177.2,178.16 2 1
github.com/waynenilsen/power-pro-v3/internal/api/cycle_handler.go:178.16,181.3 2 0
github.com/waynenilsen/power-pro-v3/internal/api/cycle_handler.go:182.2,182.14 1 1
github.com/waynenilsen/power-pro-v3/internal/api/cycle_handler.go:182.14,185.3 2 1
github.com/waynenilsen/power-pro-v3/internal/api/cycle_handler.go:188.2,189.16 2 1
github.com/waynenilsen/power-pro-v3/internal/api/cycle_handler.go:189.16,192.3 2 0
github.com/waynenilsen/power-pro-v3/internal/api/cycle_handler.go:194.2,194.65 1 1
github.com/waynenilsen/power-pro-v3/internal/api/cycle_handler.go:198.71,200.42 2 1
github.com/waynenilsen/power-pro-v3/internal/api/cycle_handler.go:200.42,203.3 2 0
github.com/waynenilsen/power-pro-v3/internal/api/cycle_handler.go:206.2,215.19 4 1
github.com/waynenilsen/power-pro-v3/internal/api/cycle_handler.go:215.19,217.37 2 1
github.com/waynenilsen/power-pro-v3/internal/api/cycle_handler.go:217.37,219.4 1 1
github.com/waynenilsen/power-pro-v3/internal/api/cycle_handler.go:220.3,221.9 2 1
github.com/waynenilsen/power-pro-v3/internal/api/cycle_handler.go:225.2,225.48 1 1
github.com/waynenilsen/power-pro-v3/internal/api/cycle_handler.go:225.48,228.3 2 0
github.com/waynenilsen/power-pro-v3/internal/api/cycle_handler.go:230.2,230.61 1 1
github.com/waynenilsen/power-pro-v3/internal/api/cycle_handler.go:234.71,236.14 2 1
github.com/waynenilsen/power-pro-v3/internal/api/cycle_handler.go:236.14,239.3 2 0
github.com/waynenilsen/power-pro-v3/internal/api/cycle_handler.go:242.2,243.16 2 1
github.com/waynenilsen/power-pro-v3/internal/api/cycle_handler.go:243.16,246.3 2 0
github.com/waynenilsen/power-pro-v3/internal/api/cycle_handler.go:247.2,247.21 1 1
github.com/waynenilsen/power-pro-v3/internal/api/cycle_handler.go:247.21,250.3 2 1
github.com/waynenilsen/power-pro-v3/internal/api/cycle_handler.go:252.2,253.42 2 1
github.com/waynenilsen/power-pro-v3/internal/api/cycle_handler.go:253.42,256.3 2 0
github.com/waynenilsen/power-pro-v3/internal/api/cycle_handler.go:259.2,265.19 3 1
github.com/waynenilsen/power-pro-v3/internal/api/cycle_handler.go:265.19,267.37 2 0
github.com/waynenilsen/power-pro-v3/internal/api/cycle_handler.go:267.37,269.4 1 0
github.com/waynenilsen/power-pro-v3/internal/api/cycle_handler.go:270.3,271.9 2 0
github.com/waynenilsen/power-pro-v3/internal/api/cycle_handler.go:275.2,275.48 1 1
github.com/waynenilsen/power-pro-v3/internal/api/cycle_handler.go:275.48,278.3 2 0
github.com/waynenilsen/power-pro-v3/internal/api/cycle_handler.go:280.2,280.56 1 1
github.com/waynenilsen/power-pro-v3/internal/api/cycle_handler.go:284.71,286.14 2 1
github.com/waynenilsen/power-pro-v3/internal/api/cycle_handler.go:286.14,289.3 2 0
github.com/waynenilsen/power-pro-v3/internal/api/cycle_handler.go:292.2,293.16 2 1
github.com/waynenilsen/power-pro-v3/internal/api/cycle_handler.go:293.16,296.3 2 0
github.com/waynenilsen/power-pro-v3/internal/api/cycle_handler.go:297.2,297.21 1 1
github.com/waynenilsen/power-pro-v3/internal/api/cycle_handler.go:297.21,300.3 2 1
github.com/waynenilsen/power-pro-v3/internal/api/cycle_handler.go:303.2,304.16 2 1
github.com/waynenilsen/power-pro-v3/internal/api/cycle_handler.go:304.16,307.3 2 0
github.com/waynenilsen/power-pro-v3/internal/api/cycle_handler.go:308.2,308.12 1 1
github.com/waynenilsen/power-pro-v3/internal/api/cycle_handler.go:308.12,311.3 2 0
github.com/waynenilsen/power-pro-v3/internal/api/cycle_handler.go:314.2,314.42 1 1
github.com/waynenilsen/power-pro-v3/internal/api/cycle_handler.go:314.42,317.3 2 0
github.com/waynenilsen/power-pro-v3/internal/api/cycle_handler.go:319.2,319.37 1 1
github.com/waynenilsen/power-pro-v3/internal/api/daily_lookup_handler.go:20.88,24.2 1 1
github.com/waynenilsen/power-pro-v3/internal/api/daily_lookup_handler.go:64.76,66.30 2 1
github.com/waynenilsen/power-pro-v3/internal/api/daily_lookup_handler.go:66.30,72.3 1 1
github.com/waynenilsen/power-pro-v3/internal/api/daily_lookup_handler.go:74.2,81.3 1 1
github.com/waynenilsen/power-pro-v3/internal/api/daily_lookup_handler.go:84.100,86.28 2 1
github.com/waynenilsen/power-pro-v3/internal/api/daily_lookup_handler.go:86.28,92.3 1 1
github.com/waynenilsen/power-pro-v3/internal/api/daily_lookup_handler.go:93.2,93.15 1 1
github.com/waynenilsen/power-pro-v3/internal/api/daily_lookup_handler.go:97.75,104.37 4 1
github.com/waynenilsen/power-pro-v3/internal/api/daily_lookup_handler.go:104.37,105.63 1 0
github.com/waynenilsen/power-pro-v3/internal/api/daily_lookup_handler.go:105.63,107.4 1 0
github.com/waynenilsen/power-pro-v3/internal/api/daily_lookup_handler.go:109.2,109.43 1 1
github.com/waynenilsen/power-pro-v3/internal/api/daily_lookup_handler.go:109.43,110.81 1 0
github.com/waynenilsen/power-pro-v3/internal/api/daily_lookup_handler.go:110.81,112.4 1 0
github.com/waynenilsen/power-pro-v3/internal/api/daily_lookup_handler.go:116.2,118.39 3 1
github.com/waynenilsen/power-pro-v3/internal/api/daily_lookup_handler.go:118.39,119.29 1 0
github.com/waynenilsen/power-pro-v3/internal/api/daily_lookup_handler.go:120.15,121.45 1 0
github.com/waynenilsen/power-pro-v3/internal/api/daily_lookup_handler.go:122.34,123.50 1 0
github.com/waynenilsen/power-pro-v3/internal/api/daily_lookup_handler.go:126.2,126.42 1 1
github.com/waynenilsen/power-pro-v3/internal/api/daily_lookup_handler.go:126.42,127.29 1 0
github.com/waynenilsen/power-pro-v3/internal/api/daily_lookup_handler.go:128.14,129.34 1 0
github.com/waynenilsen/power-pro-v3/internal/api/daily_lookup_handler.go:130.15,131.35 1 0
github.com/waynenilsen/power-pro-v3/internal/api/daily_lookup_handler.go:135.2,143.16 3 1
github.com/waynenilsen/power-pro-v3/internal/api/daily_lookup_handler.go:143.16,146.3 2 0
github.com/waynenilsen/power-pro-v3/internal/api/daily_lookup_handler.go:149.2,150.28 2 1
github.com/waynenilsen/power-pro-v3/internal/api/daily_lookup_handler.go:150.28,152.3 1 1
github.com/waynenilsen/power-pro-v3/internal/api/daily_lookup_handler.go:155.2,156.31 2 1
github.com/waynenilsen/power-pro-v3/internal/api/daily_lookup_handler.go:156.31,158.3 1 1
github.com/waynenilsen/power-pro-v3/internal/api/daily_lookup_handler.go:160.2,168.35 2 1
github.com/waynenilsen/power-pro-v3/internal/api/daily_lookup_handler.go:172.74,174.14 2 1
github.com/waynenilsen/power-pro-v3/internal/api/daily_lookup_handler.go:174.14,177.3 2 0
github.com/waynenilsen/power-pro-v3/internal/api/daily_lookup_handler.go:179.2,180.16 2 1
github.com/waynenilsen/power-pro-v3/internal/api/daily_lookup_handler.go:180.16,183.3 2 0
github.com/waynenilsen/power-pro-v3/internal/api/daily_lookup_handler.go:184.2,184.19 1 1
github.com/waynenilsen/power-pro-v3/internal/api/daily_lookup_handler.go:184.19,187.3 2 1
github.com/waynenilsen/power-pro-v3/internal/api/daily_lookup_handler.go:189.2,189.60 1 1
github.com/waynenilsen/power-pro-v3/internal/api/daily_lookup_handler.go:193.77,195.42 2 1
github.com/waynenilsen/power-pro-v3/internal/api/daily_lookup_handler.go:195.42,198.3 2 0
github.com/waynenilsen/power-pro-v3/internal/api/daily_lookup_handler.go:201.2,211.19 4 1
github.com/waynenilsen/power-pro-v3/internal/api/daily_lookup_handler.go:211.19,213.37 2 1
github.com/waynenilsen/power-pro-v3/internal/api/daily_lookup_handler.go:213.37,215.4 1 1
github.com/waynenilsen/power-pro-v3/internal/api/daily_lookup_handler.go:216.3,217.9 2 1
github.com/waynenilsen/power-pro-v3/internal/api/daily_lookup_handler.go:221.2,221.49 1 1
github.com/waynenilsen/power-pro-v3/internal/api/daily_lookup_handler.go:221.49,224.3 2 0
github.com/waynenilsen/power-pro-v3/internal/api/daily_lookup_handler.go:226.2,226.68 1 1
github.com/waynenilsen/power-pro-v3/internal/api/daily_lookup_handler.go:230.77,232.14 2 1
github.com/waynenilsen/power-pro-v3/internal/api/daily_lookup_handler.go:232.14,235.3 2 0
github.com/waynenilsen/power-pro-v3/internal/api/daily_lookup_handler.go:238.2,239.16 2 1
github.com/waynenilsen/power-pro-v3/internal/api/daily_lookup_handler.go:239.16,242.3 2 0
github.com/waynenilsen/power-pro-v3/internal/api/daily_lookup_handler.go:243.2,243.21 1 1
github.com/waynenilsen/power-pro-v3/internal/api/daily_lookup_handler.go:243.21,246.3 2 1
github.com/waynenilsen/power-pro-v3/internal/api/daily_lookup_handler.go:248.2,249.42 2 1
github.com/waynenilsen/power-pro-v3/internal/api/daily_lookup_handler.go:249.42,252.3 2 0
github.com/waynenilsen/power-pro-v3/internal/api/daily_lookup_handler.go:255.2,259.24 2 1
github.com/waynenilsen/power-pro-v3/internal/api/daily_lookup_handler.go:259.24,262.3 2 1
github.com/waynenilsen/power-pro-v3/internal/api/daily_lookup_handler.go:264.2,265.19 2 1
github.com/waynenilsen/power-pro-v3/internal/api/daily_lookup_handler.go:265.19,267.37 2 0
github.com/waynenilsen/power-pro-v3/internal/api/daily_lookup_handler.go:267.37,269.4 1 0
github.com/waynenilsen/power-pro-v3/internal/api/daily_lookup_handler.go:270.3,271.9 2 0
github.com/waynenilsen/power-pro-v3/internal/api/daily_lookup_handler.go:275.2,275.48 1 1
github.com/waynenilsen/power-pro-v3/internal/api/daily_lookup_handler.go:275.48,278.3 2 0
github.com/waynenilsen/power-pro-v3/internal/api/daily_lookup_handler.go:280.2,280.62 1 1
github.com/waynenilsen/power-pro-v3/internal/api/daily_lookup_handler.go:284.77,286.14 2 1
github.com/waynenilsen/power-pro-v3/internal/api/daily_lookup_handler.go:286.14,289.3 2 0
github.com/waynenilsen/power-pro-v3/internal/api/daily_lookup_handler.go:292.2,293.16 2 1
github.com/waynenilsen/power-pro-v3/internal/api/daily_lookup_handler.go:293.16,296.3 2 0
github.com/waynenilsen/power-pro-v3/internal/api/daily_lookup_handler.go:297.2,297.21 1 1
github.com/waynenilsen/power-pro-v3/internal/api/daily_lookup_handler.go:297.21,300.3 2 1
github.com/waynenilsen/power-pro-v3/internal/api/daily_lookup_handler.go:303.2,304.16 2 1
github.com/waynenilsen/power-pro-v3/internal/api/daily_lookup_handler.go:304.16,307.3 2 0
github.com/waynenilsen/power-pro-v3/internal/api/daily_lookup_handler.go:308.2,308.12 1 1
github.com/waynenilsen/power-pro-v3/internal/api/daily_lookup_handler.go:308.12,311.3 2 0
github.com/waynenilsen/power-pro-v3/internal/api/daily_lookup_handler.go:314.2,314.42 1 1
github.com/waynenilsen/power-pro-v3/internal/api/daily_lookup_handler.go:314.42,317.3 2 0
github.com/waynenilsen/power-pro-v3/internal/api/daily_lookup_handler.go:319.2,319.37 1 1
github.com/waynenilsen/power-pro-v3/internal/api/day_handler.go:22.117,27.2 1 1
github.com/waynenilsen/power-pro-v3/internal/api/day_handler.go:89.44,99.2 1 1
github.com/waynenilsen/power-pro-v3/internal/api/day_handler.go:101.115,103.34 2 1
github.com/waynenilsen/power-pro-v3/internal/api/day_handler.go:103.34,110.3 1 1
github.com/waynenilsen/power-pro-v3/internal/api/day_handler.go:112.2,121.3 1 1
github.com/waynenilsen/power-pro-v3/internal/api/day_handler.go:125.67,132.37 4 1
github.com/waynenilsen/power-pro-v3/internal/api/day_handler.go:132.37,133.63 1 1
github.com/waynenilsen/power-pro-v3/internal/api/day_handler.go:133.63,135.4 1 1
github.com/waynenilsen/power-pro-v3/internal/api/day_handler.go:137.2,137.43 1 1
github.com/waynenilsen/power-pro-v3/internal/api/day_handler.go:137.43,138.81 1 1
github.com/waynenilsen/power-pro-v3/internal/api/day_handler.go:138.81,140.4 1 1
github.com/waynenilsen/power-pro-v3/internal/api/day_handler.go:144.2,146.39 3 1
github.com/waynenilsen/power-pro-v3/internal/api/day_handler.go:146.39,147.29 1 1
github.com/waynenilsen/power-pro-v3/internal/api/day_handler.go:148.15,149.37 1 1
github.com/waynenilsen/power-pro-v3/internal/api/day_handler.go:150.34,151.42 1 0
github.com/waynenilsen/power-pro-v3/internal/api/day_handler.go:154.2,154.42 1 1
github.com/waynenilsen/power-pro-v3/internal/api/day_handler.go:154.42,155.29 1 1
github.com/waynenilsen/power-pro-v3/internal/api/day_handler.go:156.14,157.34 1 1
github.com/waynenilsen/power-pro-v3/internal/api/day_handler.go:158.15,159.35 1 1
github.com/waynenilsen/power-pro-v3/internal/api/day_handler.go:164.2,165.59 2 1
github.com/waynenilsen/power-pro-v3/internal/api/day_handler.go:165.59,167.3 1 0
github.com/waynenilsen/power-pro-v3/internal/api/day_handler.go:169.2,178.16 3 1
github.com/waynenilsen/power-pro-v3/internal/api/day_handler.go:178.16,181.3 2 0
github.com/waynenilsen/power-pro-v3/internal/api/day_handler.go:184.2,185.25 2 1
github.com/waynenilsen/power-pro-v3/internal/api/day_handler.go:185.25,187.3 1 1
github.com/waynenilsen/power-pro-v3/internal/api/day_handler.go:190.2,191.31 2 1
github.com/waynenilsen/power-pro-v3/internal/api/day_handler.go:191.31,193.3 1 1
github.com/waynenilsen/power-pro-v3/internal/api/day_handler.go:195.2,203.35 2 1
github.com/waynenilsen/power-pro-v3/internal/api/day_handler.go:207.66,209.14 2 1
github.com/waynenilsen/power-pro-v3/internal/api/day_handler.go:209.14,212.3 2 0
github.com/waynenilsen/power-pro-v3/internal/api/day_handler.go:214.2,215.16 2 1
github.com/waynenilsen/power-pro-v3/internal/api/day_handler.go:215.16,218.3 2 0
github.com/waynenilsen/power-pro-v3/internal/api/day_handler.go:219.2,219.14 1 1
github.com/waynenilsen/power-pro-v3/internal/api/day_handler.go:219.14,222.3 2 1
github.com/waynenilsen/power-pro-v3/internal/api/day_handler.go:225.2,226.16 2 1
github.com/waynenilsen/power-pro-v3/internal/api/day_handler.go:226.16,229.3 2 0
github.com/waynenilsen/power-pro-v3/internal/api/day_handler.go:231.2,231.79 1 1
github.com/waynenilsen/power-pro-v3/internal/api/day_handler.go:235.72,237.16 2 1
github.com/waynenilsen/power-pro-v3/internal/api/day_handler.go:237.16,240.3 2 0
github.com/waynenilsen/power-pro-v3/internal/api/day_handler.go:243.2,244.55 2 1
github.com/waynenilsen/power-pro-v3/internal/api/day_handler.go:244.55,246.3 1 0
github.com/waynenilsen/power-pro-v3/internal/api/day_handler.go:248.2,249.16 2 1
github.com/waynenilsen/power-pro-v3/internal/api/day_handler.go:249.16,252.3 2 0
github.com/waynenilsen/power-pro-v3/internal/api/day_handler.go:253.2,253.14 1 1
github.com/waynenilsen/power-pro-v3/internal/api/day_handler.go:253.14,256.3 2 1
github.com/waynenilsen/power-pro-v3/internal/api/day_handler.go:259.2,260.16 2 1
github.com/waynenilsen/power-pro-v3/internal/api/day_handler.go:260.16,263.3 2 0
github.com/waynenilsen/power-pro-v3/internal/api/day_handler.go:265.2,265.79 1 1
github.com/waynenilsen/power-pro-v3/internal/api/day_handler.go:269.69,271.42 2 1
github.com/waynenilsen/power-pro-v3/internal/api/day_handler.go:271.42,274.3 2 0
github.com/waynenilsen/power-pro-v3/internal/api/day_handler.go:277.2,277.25 1 1
github.com/waynenilsen/power-pro-v3/internal/api/day_handler.go:277.25,278.55 1 1
github.com/waynenilsen/power-pro-v3/internal/api/day_handler.go:278.55,281.4 2 0
github.com/waynenilsen/power-pro-v3/internal/api/day_handler.go:285.2,296.19 4 1
github.com/waynenilsen/power-pro-v3/internal/api/day_handler.go:296.19,298.37 2 1
github.com/waynenilsen/power-pro-v3/internal/api/day_handler.go:298.37,300.4 1 1
github.com/waynenilsen/power-pro-v3/internal/api/day_handler.go:301.3,302.9 2 1
github.com/waynenilsen/power-pro-v3/internal/api/day_handler.go:306.2,307.16 2 1
github.com/waynenilsen/power-pro-v3/internal/api/day_handler.go:307.16,310.3 2 0
github.com/waynenilsen/power-pro-v3/internal/api/day_handler.go:311.2,311.12 1 1
github.com/waynenilsen/power-pro-v3/internal/api/day_handler.go:311.12,314.3 2 1
github.com/waynenilsen/power-pro-v3/internal/api/day_handler.go:317.2,317.46 1 1
github.com/waynenilsen/power-pro-v3/internal/api/day_handler.go:317.46,320.3 2 0
github.com/waynenilsen/power-pro-v3/internal/api/day_handler.go:322.2,322.57 1 1
github.com/waynenilsen/power-pro-v3/internal/api/day_handler.go:326.69,328.14 2 1
github.com/waynenilsen/power-pro-v3/internal/api/day_handler.go:328.14,331.3 2 0
github.com/waynenilsen/power-pro-v3/internal/api/day_handler.go:334.2,335.16 2 1
github.com/waynenilsen/power-pro-v3/internal/api/day_handler.go:335.16,338.3 2 0
github.com/waynenilsen/power-pro-v3/internal/api/day_handler.go:339.2,339.21 1 1
github.com/waynenilsen/power-pro-v3/internal/api/day_handler.go:339.21,342.3 2 1
github.com/waynenilsen/power-pro-v3/internal/api/day_handler.go:344.2,345.42 2 1
github.com/waynenilsen/power-pro-v3/internal/api/day_handler.go:345.42,348.3 2 0
github.com/waynenilsen/power-pro-v3/internal/api/day_handler.go:351.2,351.25 1 1
github.com/waynenilsen/power-pro-v3/internal/api/day_handler.go:351.25,352.55 1 1
github.com/waynenilsen/power-pro-v3/internal/api/day_handler.go:352.55,355.4 2 0
github.com/waynenilsen/power-pro-v3/internal/api/day_handler.go:359.2,360.24 2 1
github.com/waynenilsen/power-pro-v3/internal/api/day_handler.go:360.24,362.3 1 0
github.com/waynenilsen/power-pro-v3/internal/api/day_handler.go:362.8,362.33 1 1
github.com/waynenilsen/power-pro-v3/internal/api/day_handler.go:362.33,364.3 1 0
github.com/waynenilsen/power-pro-v3/internal/api/day_handler.go:367.2,368.21 2 1
github.com/waynenilsen/power-pro-v3/internal/api/day_handler.go:368.21,370.3 1 1
github.com/waynenilsen/power-pro-v3/internal/api/day_handler.go:371.2,371.83 1 1
github.com/waynenilsen/power-pro-v3/internal/api/day_handler.go:371.83,373.17 2 1
github.com/waynenilsen/power-pro-v3/internal/api/day_handler.go:373.17,376.4 2 0
github.com/waynenilsen/power-pro-v3/internal/api/day_handler.go:377.3,377.13 1 1
github.com/waynenilsen/power-pro-v3/internal/api/day_handler.go:377.13,380.4 2 1
github.com/waynenilsen/power-pro-v3/internal/api/day_handler.go:384.2,394.19 3 1
github.com/waynenilsen/power-pro-v3/internal/api/day_handler.go:394.19,396.37 2 1
github.com/waynenilsen/power-pro-v3/internal/api/day_handler.go:396.37,398.4 1 1
github.com/waynenilsen/power-pro-v3/internal/api/day_handler.go:399.3,400.9 2 1
github.com/waynenilsen/power-pro-v3/internal/api/day_handler.go:404.2,404.48 1 1
github.com/waynenilsen/power-pro-v3/internal/api/day_handler.go:404.48,407.3 2 0
github.com/waynenilsen/power-pro-v3/internal/api/day_handler.go:409.2,409.54 1 1
github.com/waynenilsen/power-pro-v3/internal/api/day_handler.go:413.69,415.14 2 1
github.com/waynenilsen/power-pro-v3/internal/api/day_handler.go:415.14,418.3 2 0
github.com/waynenilsen/power-pro-v3/internal/api/day_handler.go:421.2,422.16 2 1
github.com/waynenilsen/power-pro-v3/internal/api/day_handler.go:422.16,425.3 2 0
github.com/waynenilsen/power-pro-v3/internal/api/day_handler.go:426.2,426.21 1 1
github.com/waynenilsen/power-pro-v3/internal/api/day_handler.go:426.21,429.3 2 1
github.com/waynenilsen/power-pro-v3/internal/api/day_handler.go:432.2,433.16 2 1
github.com/waynenilsen/power-pro-v3/internal/api/day_handler.go:433.16,436.3 2 0
github.com/waynenilsen/power-pro-v3/internal/api/day_handler.go:437.2,437.12 1 1
github.com/waynenilsen/power-pro-v3/internal/api/day_handler.go:437.12,440.3 2 0
github.com/waynenilsen/power-pro-v3/internal/api/day_handler.go:443.2,443.42 1 1
github.com/waynenilsen/power-pro-v3/internal/api/day_handler.go:443.42,446.3 2 0
github.com/waynenilsen/power-pro-v3/internal/api/day_handler.go:448.2,448.37 1 1
github.com/waynenilsen/power-pro-v3/internal/api/day_handler.go:452.78,454.17 2 1
github.com/waynenilsen/power-pro-v3/internal/api/day_handler.go:454.17,457.3 2 0
github.com/waynenilsen/power-pro-v3/internal/api/day_handler.go:460.2,461.16 2 1
github.com/waynenilsen/power-pro-v3/internal/api/day_handler.go:461.16,464.3 2 0
github.com/waynenilsen/power-pro-v3/internal/api/day_handler.go:465.2,465.14 1 1
github.com/waynenilsen/power-pro-v3/internal/api/day_handler.go:465.14,468.3 2 0
github.com/waynenilsen/power-pro-v3/internal/api/day_handler.go:470.2,471.42 2 1
github.com/waynenilsen/power-pro-v3/internal/api/day_handler.go:471.42,474.3 2 0
github.com/waynenilsen/power-pro-v3/internal/api/day_handler.go:476.2,476.49 1 1
github.com/waynenilsen/power-pro-v3/internal/api/day_handler.go:476.49,479.3 2 0
github.com/waynenilsen/power-pro-v3/internal/api/day_handler.go:482.2,483.16 2 1
github.com/waynenilsen/power-pro-v3/internal/api/day_handler.go:483.16,486.3 2 0
github.com/waynenilsen/power-pro-v3/internal/api/day_handler.go:487.2,487.25 1 1
github.com/waynenilsen/power-pro-v3/internal/api/day_handler.go:487.25,490.3 2 0
github.com/waynenilsen/power-pro-v3/internal/api/day_handler.go:493.2,494.16 2 1
github.com/waynenilsen/power-pro-v3/internal/api/day_handler.go:494.16,497.3 2 0
github.com/waynenilsen/power-pro-v3/internal/api/day_handler.go:498.2,498.21 1 1
github.com/waynenilsen/power-pro-v3/internal/api/day_handler.go:498.21,501.3 2 1
github.com/waynenilsen/power-pro-v3/internal/api/day_handler.go:504.2,505.22 2 1
github.com/waynenilsen/power-pro-v3/internal/api/day_handler.go:505.22,506.21 1 0
github.com/waynenilsen/power-pro-v3/internal/api/day_handler.go:506.21,509.4 2 0
github.com/waynenilsen/power-pro-v3/internal/api/day_handler.go:510.3,510.21 1 0
github.com/waynenilsen/power-pro-v3/internal/api/day_handler.go:511.8,514.17 2 1
github.com/waynenilsen/power-pro-v3/internal/api/day_handler.go:514.17,517.4 2 0
github.com/waynenilsen/power-pro-v3/internal/api/day_handler.go:518.3,518.23 1 1
github.com/waynenilsen/power-pro-v3/internal/api/day_handler.go:522.2,532.19 4 1
github.com/waynenilsen/power-pro-v3/internal/api/day_handler.go:532.19,534.37 2 0
github.com/waynenilsen/power-pro-v3/internal/api/day_handler.go:534.37,536.4 1 0
github.com/waynenilsen/power-pro-v3/internal/api/day_handler.go:537.3,538.9 2 0
github.com/waynenilsen/power-pro-v3/internal/api/day_handler.go:542.2,542.73 1 1
github.com/waynenilsen/power-pro-v3/internal/api/day_handler.go:542.73,545.3 2 0
github.com/waynenilsen/power-pro-v3/internal/api/day_handler.go:547.2,554.40 2 1
github.com/waynenilsen/power-pro-v3/internal/api/day_handler.go:558.81,562.17 3 1
github.com/waynenilsen/power-pro-v3/internal/api/day_handler.go:562.17,565.3 2 0
github.com/waynenilsen/power-pro-v3/internal/api/day_handler.go:566.2,566.26 1 1
github.com/waynenilsen/power-pro-v3/internal/api/day_handler.go:566.26,569.3 2 0
github.com/waynenilsen/power-pro-v3/internal/api/day_handler.go:572.2,573.16 2 1
github.com/waynenilsen/power-pro-v3/internal/api/day_handler.go:573.16,576.3 2 0
github.com/waynenilsen/power-pro-v3/internal/api/day_handler.go:577.2,577.14 1 1
github.com/waynenilsen/power-pro-v3/internal/api/day_handler.go:577.14,580.3 2 0
github.com/waynenilsen/power-pro-v3/internal/api/day_handler.go:583.2,584.16 2 1
github.com/waynenilsen/power-pro-v3/internal/api/day_handler.go:584.16,587.3 2 0
github.com/waynenilsen/power-pro-v3/internal/api/day_handler.go:588.2,588.21 1 1
github.com/waynenilsen/power-pro-v3/internal/api/day_handler.go:588.21,591.3 2 1
github.com/waynenilsen/power-pro-v3/internal/api/day_handler.go:594.2,594.66 1 1
github.com/waynenilsen/power-pro-v3/internal/api/day_handler.go:594.66,597.3 2 0
github.com/waynenilsen/power-pro-v3/internal/api/day_handler.go:599.2,599.37 1 1
github.com/waynenilsen/power-pro-v3/internal/api/day_handler.go:603.83,605.17 2 1
github.com/waynenilsen/power-pro-v3/internal/api/day_handler.go:605.17,608.3 2 0
github.com/waynenilsen/power-pro-v3/internal/api/day_handler.go:611.2,612.16 2 1
github.com/waynenilsen/power-pro-v3/internal/api/day_handler.go:612.16,615.3 2 0
github.com/waynenilsen/power-pro-v3/internal/api/day_handler.go:616.2,616.14 1 1
github.com/waynenilsen/power-pro-v3/internal/api/day_handler.go:616.14,619.3 2 0
github.com/waynenilsen/power-pro-v3/internal/api/day_handler.go:621.2,622.42 2 1
github.com/waynenilsen/power-pro-v3/internal/api/day_handler.go:622.42,625.3 2 0
github.com/waynenilsen/power-pro-v3/internal/api/day_handler.go:628.2,633.19 3 1
github.com/waynenilsen/power-pro-v3/internal/api/day_handler.go:633.19,635.37 2 0
github.com/waynenilsen/power-pro-v3/internal/api/day_handler.go:635.37,637.4 1 0
github.com/waynenilsen/power-pro-v3/internal/api/day_handler.go:638.3,639.9 2 0
github.com/waynenilsen/power-pro-v3/internal/api/day_handler.go:643.2,644.16 2 1
github.com/waynenilsen/power-pro-v3/internal/api/day_handler.go:644.16,647.3 2 0
github.com/waynenilsen/power-pro-v3/internal/api/day_handler.go:650.2,651.38 2 1
github.com/waynenilsen/power-pro-v3/internal/api/day_handler.go:651.38,653.3 1 1
github.com/waynenilsen/power-pro-v3/internal/api/day_handler.go:656.2,656.53 1 1
github.com/waynenilsen/power-pro-v3/internal/api/day_handler.go:656.53,657.52 1 1
github.com/waynenilsen/power-pro-v3/internal/api/day_handler.go:657.52,660.4 2 0
github.com/waynenilsen/power-pro-v3/internal/api/day_handler.go:664.2,664.59 1 1
github.com/waynenilsen/power-pro-v3/internal/api/day_handler.go:664.59,667.3 2 0
github.com/waynenilsen/power-pro-v3/internal/api/day_handler.go:670.2,670.60 1 1
github.com/waynenilsen/power-pro-v3/internal/api/day_handler.go:670.60,672.40 2 1
github.com/waynenilsen/power-pro-v3/internal/api/day_handler.go:672.40,673.90 1 1
github.com/waynenilsen/power-pro-v3/internal/api/day_handler.go:673.90,676.5 2 0
github.com/waynenilsen/power-pro-v3/internal/api/day_handler.go:681.2,682.16 2 1
github.com/waynenilsen/power-pro-v3/internal/api/day_handler.go:682.16,685.3 2 0
github.com/waynenilsen/power-pro-v3/internal/api/day_handler.go:687.2,687.86 1 1
github.com/waynenilsen/power-pro-v3/internal/api/day_handler.go:691.40,692.26 1 1
github.com/waynenilsen/power-pro-v3/internal/api/day_handler.go:692.26,694.3 1 1
github.com/waynenilsen/power-pro-v3/internal/api/day_handler.go:695.2,695.26 1 0
github.com/waynenilsen/power-pro-v3/internal/api/day_handler.go:695.26,697.3 1 0
github.com/waynenilsen/power-pro-v3/internal/api/day_handler.go:698.2,698.17 1 0
github.com/waynenilsen/power-pro-v3/internal/api/enrollment_handler.go:20.139,25.2 1 1
github.com/waynenilsen/power-pro-v3/internal/api/enrollment_handler.go:58.89,77.2 1 1
github.com/waynenilsen/power-pro-v3/internal/api/enrollment_handler.go:80.76,82.18 2 1
github.com/waynenilsen/power-pro-v3/internal/api/enrollment_handler.go:82.18,85.3 2 0
github.com/waynenilsen/power-pro-v3/internal/api/enrollment_handler.go:88.2,90.38 3 1
github.com/waynenilsen/power-pro-v3/internal/api/enrollment_handler.go:90.38,93.3 2 1
github.com/waynenilsen/power-pro-v3/internal/api/enrollment_handler.go:95.2,96.42 2 1
github.com/waynenilsen/power-pro-v3/internal/api/enrollment_handler.go:96.42,99.3 2 0
github.com/waynenilsen/power-pro-v3/internal/api/enrollment_handler.go:102.2,103.16 2 1
github.com/waynenilsen/power-pro-v3/internal/api/enrollment_handler.go:103.16,106.3 2 0
github.com/waynenilsen/power-pro-v3/internal/api/enrollment_handler.go:107.2,107.20 1 1
github.com/waynenilsen/power-pro-v3/internal/api/enrollment_handler.go:107.20,110.3 2 1
github.com/waynenilsen/power-pro-v3/internal/api/enrollment_handler.go:113.2,114.16 2 1
github.com/waynenilsen/power-pro-v3/internal/api/enrollment_handler.go:114.16,117.3 2 0
github.com/waynenilsen/power-pro-v3/internal/api/enrollment_handler.go:120.2,120.16 1 1
github.com/waynenilsen/power-pro-v3/internal/api/enrollment_handler.go:120.16,122.60 1 1
github.com/waynenilsen/power-pro-v3/internal/api/enrollment_handler.go:122.60,125.4 2 0
github.com/waynenilsen/power-pro-v3/internal/api/enrollment_handler.go:129.2,138.19 4 1
github.com/waynenilsen/power-pro-v3/internal/api/enrollment_handler.go:138.19,140.37 2 0
github.com/waynenilsen/power-pro-v3/internal/api/enrollment_handler.go:140.37,142.4 1 0
github.com/waynenilsen/power-pro-v3/internal/api/enrollment_handler.go:143.3,144.9 2 0
github.com/waynenilsen/power-pro-v3/internal/api/enrollment_handler.go:148.2,148.53 1 1
github.com/waynenilsen/power-pro-v3/internal/api/enrollment_handler.go:148.53,151.3 2 0
github.com/waynenilsen/power-pro-v3/internal/api/enrollment_handler.go:154.2,155.16 2 1
github.com/waynenilsen/power-pro-v3/internal/api/enrollment_handler.go:155.16,158.3 2 0
github.com/waynenilsen/power-pro-v3/internal/api/enrollment_handler.go:159.2,159.23 1 1
github.com/waynenilsen/power-pro-v3/internal/api/enrollment_handler.go:159.23,162.3 2 0
github.com/waynenilsen/power-pro-v3/internal/api/enrollment_handler.go:164.2,164.68 1 1
github.com/waynenilsen/power-pro-v3/internal/api/enrollment_handler.go:168.73,170.18 2 1
github.com/waynenilsen/power-pro-v3/internal/api/enrollment_handler.go:170.18,173.3 2 0
github.com/waynenilsen/power-pro-v3/internal/api/enrollment_handler.go:176.2,178.38 3 1
github.com/waynenilsen/power-pro-v3/internal/api/enrollment_handler.go:178.38,181.3 2 1
github.com/waynenilsen/power-pro-v3/internal/api/enrollment_handler.go:183.2,184.16 2 1
github.com/waynenilsen/power-pro-v3/internal/api/enrollment_handler.go:184.16,187.3 2 0
github.com/waynenilsen/power-pro-v3/internal/api/enrollment_handler.go:188.2,188.23 1 1
github.com/waynenilsen/power-pro-v3/internal/api/enrollment_handler.go:188.23,191.3 2 1
github.com/waynenilsen/power-pro-v3/internal/api/enrollment_handler.go:193.2,193.63 1 1
github.com/waynenilsen/power-pro-v3/internal/api/enrollment_handler.go:197.78,199.18 2 1
github.com/waynenilsen/power-pro-v3/internal/api/enrollment_handler.go:199.18,202.3 2 0
github.com/waynenilsen/power-pro-v3/internal/api/enrollment_handler.go:205.2,207.38 3 1
github.com/waynenilsen/power-pro-v3/internal/api/enrollment_handler.go:207.38,210.3 2 1
github.com/waynenilsen/power-pro-v3/internal/api/enrollment_handler.go:213.2,214.16 2 1
github.com/waynenilsen/power-pro-v3/internal/api/enrollment_handler.go:214.16,217.3 2 0
github.com/waynenilsen/power-pro-v3/internal/api/enrollment_handler.go:218.2,218.17 1 1
github.com/waynenilsen/power-pro-v3/internal/api/enrollment_handler.go:218.17,221.3 2 1
github.com/waynenilsen/power-pro-v3/internal/api/enrollment_handler.go:224.2,224.59 1 1
github.com/waynenilsen/power-pro-v3/internal/api/enrollment_handler.go:224.59,227.3 2 0
github.com/waynenilsen/power-pro-v3/internal/api/enrollment_handler.go:229.2,229.37 1 1
github.com/waynenilsen/power-pro-v3/internal/api/lift_handler.go:21.67,23.2 1 1
github.com/waynenilsen/power-pro-v3/internal/api/lift_handler.go:53.48,63.2 1 1
github.com/waynenilsen/power-pro-v3/internal/api/lift_handler.go:66.68,73.37 4 1
github.com/waynenilsen/power-pro-v3/internal/api/lift_handler.go:73.37,74.63 1 1
github.com/waynenilsen/power-pro-v3/internal/api/lift_handler.go:74.63,76.4 1 1
github.com/waynenilsen/power-pro-v3/internal/api/lift_handler.go:78.2,78.43 1 1
github.com/waynenilsen/power-pro-v3/internal/api/lift_handler.go:78.43,79.81 1 1
github.com/waynenilsen/power-pro-v3/internal/api/lift_handler.go:79.81,81.4 1 1
github.com/waynenilsen/power-pro-v3/internal/api/lift_handler.go:85.2,87.39 3 1
github.com/waynenilsen/power-pro-v3/internal/api/lift_handler.go:87.39,88.29 1 1
github.com/waynenilsen/power-pro-v3/internal/api/lift_handler.go:89.15,90.34 1 1
github.com/waynenilsen/power-pro-v3/internal/api/lift_handler.go:91.34,92.39 1 0
github.com/waynenilsen/power-pro-v3/internal/api/lift_handler.go:95.2,95.42 1 1
github.com/waynenilsen/power-pro-v3/internal/api/lift_handler.go:95.42,96.29 1 1
github.com/waynenilsen/power-pro-v3/internal/api/lift_handler.go:97.14,98.34 1 1
github.com/waynenilsen/power-pro-v3/internal/api/lift_handler.go:99.15,100.35 1 1
github.com/waynenilsen/power-pro-v3/internal/api/lift_handler.go:105.2,106.52 2 1
github.com/waynenilsen/power-pro-v3/internal/api/lift_handler.go:106.52,109.3 2 1
github.com/waynenilsen/power-pro-v3/internal/api/lift_handler.go:111.2,120.16 3 1
github.com/waynenilsen/power-pro-v3/internal/api/lift_handler.go:120.16,123.3 2 0
github.com/waynenilsen/power-pro-v3/internal/api/lift_handler.go:126.2,127.26 2 1
github.com/waynenilsen/power-pro-v3/internal/api/lift_handler.go:127.26,129.3 1 1
github.com/waynenilsen/power-pro-v3/internal/api/lift_handler.go:132.2,133.31 2 1
github.com/waynenilsen/power-pro-v3/internal/api/lift_handler.go:133.31,135.3 1 1
github.com/waynenilsen/power-pro-v3/internal/api/lift_handler.go:137.2,145.35 2 1
github.com/waynenilsen/power-pro-v3/internal/api/lift_handler.go:149.67,151.14 2 1
github.com/waynenilsen/power-pro-v3/internal/api/lift_handler.go:151.14,154.3 2 0
github.com/waynenilsen/power-pro-v3/internal/api/lift_handler.go:156.2,157.16 2 1
github.com/waynenilsen/power-pro-v3/internal/api/lift_handler.go:157.16,160.3 2 0
github.com/waynenilsen/power-pro-v3/internal/api/lift_handler.go:161.2,161.14 1 1
github.com/waynenilsen/power-pro-v3/internal/api/lift_handler.go:161.14,164.3 2 1
github.com/waynenilsen/power-pro-v3/internal/api/lift_handler.go:166.2,166.48 1 1
github.com/waynenilsen/power-pro-v3/internal/api/lift_handler.go:170.73,172.16 2 1
github.com/waynenilsen/power-pro-v3/internal/api/lift_handler.go:172.16,175.3 2 0
github.com/waynenilsen/power-pro-v3/internal/api/lift_handler.go:177.2,178.16 2 1
github.com/waynenilsen/power-pro-v3/internal/api/lift_handler.go:178.16,181.3 2 0
github.com/waynenilsen/power-pro-v3/internal/api/lift_handler.go:182.2,182.14 1 1
github.com/waynenilsen/power-pro-v3/internal/api/lift_handler.go:182.14,185.3 2 1
github.com/waynenilsen/power-pro-v3/internal/api/lift_handler.go:187.2,187.48 1 1
github.com/waynenilsen/power-pro-v3/internal/api/lift_handler.go:191.70,193.42 2 1
github.com/waynenilsen/power-pro-v3/internal/api/lift_handler.go:193.42,196.3 2 0
github.com/waynenilsen/power-pro-v3/internal/api/lift_handler.go:199.2,210.19 4 1
github.com/waynenilsen/power-pro-v3/internal/api/lift_handler.go:210.19,212.37 2 1
github.com/waynenilsen/power-pro-v3/internal/api/lift_handler.go:212.37,214.4 1 1
github.com/waynenilsen/power-pro-v3/internal/api/lift_handler.go:215.3,216.9 2 1
github.com/waynenilsen/power-pro-v3/internal/api/lift_handler.go:220.2,221.16 2 1
github.com/waynenilsen/power-pro-v3/internal/api/lift_handler.go:221.16,224.3 2 0
github.com/waynenilsen/power-pro-v3/internal/api/lift_handler.go:225.2,225.12 1 1
github.com/waynenilsen/power-pro-v3/internal/api/lift_handler.go:225.12,228.3 2 1
github.com/waynenilsen/power-pro-v3/internal/api/lift_handler.go:231.2,231.29 1 1
github.com/waynenilsen/power-pro-v3/internal/api/lift_handler.go:231.29,233.17 2 1
github.com/waynenilsen/power-pro-v3/internal/api/lift_handler.go:233.17,236.4 2 0
github.com/waynenilsen/power-pro-v3/internal/api/lift_handler.go:237.3,237.20 1 1
github.com/waynenilsen/power-pro-v3/internal/api/lift_handler.go:237.20,240.4 2 1
github.com/waynenilsen/power-pro-v3/internal/api/lift_handler.go:244.2,244.47 1 1
github.com/waynenilsen/power-pro-v3/internal/api/lift_handler.go:244.47,247.3 2 0
github.com/waynenilsen/power-pro-v3/internal/api/lift_handler.go:249.2,249.59 1 1
github.com/waynenilsen/power-pro-v3/internal/api/lift_handler.go:253.70,255.14 2 1
github.com/waynenilsen/power-pro-v3/internal/api/lift_handler.go:255.14,258.3 2 0
github.com/waynenilsen/power-pro-v3/internal/api/lift_handler.go:261.2,262.16 2 1
github.com/waynenilsen/power-pro-v3/internal/api/lift_handler.go:262.16,265.3 2 0
github.com/waynenilsen/power-pro-v3/internal/api/lift_handler.go:266.2,266.21 1 1
github.com/waynenilsen/power-pro-v3/internal/api/lift_handler.go:266.21,269.3 2 1
github.com/waynenilsen/power-pro-v3/internal/api/lift_handler.go:271.2,272.42 2 1
github.com/waynenilsen/power-pro-v3/internal/api/lift_handler.go:272.42,275.3 2 0
github.com/waynenilsen/power-pro-v3/internal/api/lift_handler.go:278.2,278.51 1 1
github.com/waynenilsen/power-pro-v3/internal/api/lift_handler.go:278.51,280.17 2 1
github.com/waynenilsen/power-pro-v3/internal/api/lift_handler.go:280.17,283.4 2 0
github.com/waynenilsen/power-pro-v3/internal/api/lift_handler.go:284.3,284.13 1 1
github.com/waynenilsen/power-pro-v3/internal/api/lift_handler.go:284.13,287.4 2 1
github.com/waynenilsen/power-pro-v3/internal/api/lift_handler.go:291.2,291.53 1 1
github.com/waynenilsen/power-pro-v3/internal/api/lift_handler.go:291.53,293.17 2 1
github.com/waynenilsen/power-pro-v3/internal/api/lift_handler.go:293.17,296.4 2 0
github.com/waynenilsen/power-pro-v3/internal/api/lift_handler.go:297.3,297.20 1 1
github.com/waynenilsen/power-pro-v3/internal/api/lift_handler.go:297.20,300.4 2 0
github.com/waynenilsen/power-pro-v3/internal/api/lift_handler.go:304.2,313.19 3 1
github.com/waynenilsen/power-pro-v3/internal/api/lift_handler.go:313.19,315.37 2 1
github.com/waynenilsen/power-pro-v3/internal/api/lift_handler.go:315.37,317.4 1 1
github.com/waynenilsen/power-pro-v3/internal/api/lift_handler.go:318.3,319.9 2 1
github.com/waynenilsen/power-pro-v3/internal/api/lift_handler.go:323.2,323.48 1 1
github.com/waynenilsen/power-pro-v3/internal/api/lift_handler.go:323.48,326.3 2 0
github.com/waynenilsen/power-pro-v3/internal/api/lift_handler.go:328.2,328.55 1 1
github.com/waynenilsen/power-pro-v3/internal/api/lift_handler.go:332.70,334.14 2 1
github.com/waynenilsen/power-pro-v3/internal/api/lift_handler.go:334.14,337.3 2 0
github.com/waynenilsen/power-pro-v3/internal/api/lift_handler.go:340.2,341.16 2 1
github.com/waynenilsen/power-pro-v3/internal/api/lift_handler.go:341.16,344.3 2 0
github.com/waynenilsen/power-pro-v3/internal/api/lift_handler.go:345.2,345.21 1 1
github.com/waynenilsen/power-pro-v3/internal/api/lift_handler.go:345.21,348.3 2 1
github.com/waynenilsen/power-pro-v3/internal/api/lift_handler.go:351.2,352.16 2 1
github.com/waynenilsen/power-pro-v3/internal/api/lift_handler.go:352.16,355.3 2 0
github.com/waynenilsen/power-pro-v3/internal/api/lift_handler.go:356.2,356.13 1 1
github.com/waynenilsen/power-pro-v3/internal/api/lift_handler.go:356.13,359.3 2 1
github.com/waynenilsen/power-pro-v3/internal/api/lift_handler.go:365.2,365.42 1 1
github.com/waynenilsen/power-pro-v3/internal/api/lift_handler.go:365.42,366.66 1 0
github.com/waynenilsen/power-pro-v3/internal/api/lift_handler.go:366.66,369.4 2 0
github.com/waynenilsen/power-pro-v3/internal/api/lift_handler.go:370.3,371.9 2 0
github.com/waynenilsen/power-pro-v3/internal/api/lift_handler.go:374.2,374.37 1 1
github.com/waynenilsen/power-pro-v3/internal/api/liftmax_handler.go:22.113,24.2 1 1
github.com/waynenilsen/power-pro-v3/internal/api/liftmax_handler.go:52.60,63.2 1 1
github.com/waynenilsen/power-pro-v3/internal/api/liftmax_handler.go:66.71,68.18 2 1
github.com/waynenilsen/power-pro-v3/internal/api/liftmax_handler.go:68.18,71.3 2 0
github.com/waynenilsen/power-pro-v3/internal/api/liftmax_handler.go:74.2,79.37 4 1
github.com/waynenilsen/power-pro-v3/internal/api/liftmax_handler.go:79.37,80.63 1 1
github.com/waynenilsen/power-pro-v3/internal/api/liftmax_handler.go:80.63,82.4 1 1
github.com/waynenilsen/power-pro-v3/internal/api/liftmax_handler.go:84.2,84.43 1 1
github.com/waynenilsen/power-pro-v3/internal/api/liftmax_handler.go:84.43,85.81 1 1
github.com/waynenilsen/power-pro-v3/internal/api/liftmax_handler.go:85.81,87.4 1 1
github.com/waynenilsen/power-pro-v3/internal/api/liftmax_handler.go:91.2,92.42 2 1
github.com/waynenilsen/power-pro-v3/internal/api/liftmax_handler.go:92.42,93.29 1 0
github.com/waynenilsen/power-pro-v3/internal/api/liftmax_handler.go:94.14,95.34 1 0
github.com/waynenilsen/power-pro-v3/internal/api/liftmax_handler.go:96.15,97.35 1 0
github.com/waynenilsen/power-pro-v3/internal/api/liftmax_handler.go:102.2,105.50 3 1
github.com/waynenilsen/power-pro-v3/internal/api/liftmax_handler.go:105.50,107.3 1 1
github.com/waynenilsen/power-pro-v3/internal/api/liftmax_handler.go:108.2,108.49 1 1
github.com/waynenilsen/power-pro-v3/internal/api/liftmax_handler.go:108.49,111.85 2 1
github.com/waynenilsen/power-pro-v3/internal/api/liftmax_handler.go:111.85,114.4 2 1
github.com/waynenilsen/power-pro-v3/internal/api/liftmax_handler.go:115.3,115.26 1 1
github.com/waynenilsen/power-pro-v3/internal/api/liftmax_handler.go:118.2,128.16 3 1
github.com/waynenilsen/power-pro-v3/internal/api/liftmax_handler.go:128.16,131.3 2 0
github.com/waynenilsen/power-pro-v3/internal/api/liftmax_handler.go:134.2,135.26 2 1
github.com/waynenilsen/power-pro-v3/internal/api/liftmax_handler.go:135.26,137.3 1 1
github.com/waynenilsen/power-pro-v3/internal/api/liftmax_handler.go:140.2,141.31 2 1
github.com/waynenilsen/power-pro-v3/internal/api/liftmax_handler.go:141.31,143.3 1 1
github.com/waynenilsen/power-pro-v3/internal/api/liftmax_handler.go:145.2,153.35 2 1
github.com/waynenilsen/power-pro-v3/internal/api/liftmax_handler.go:157.70,159.14 2 1
github.com/waynenilsen/power-pro-v3/internal/api/liftmax_handler.go:159.14,162.3 2 0
github.com/waynenilsen/power-pro-v3/internal/api/liftmax_handler.go:164.2,165.16 2 1
github.com/waynenilsen/power-pro-v3/internal/api/liftmax_handler.go:165.16,168.3 2 0
github.com/waynenilsen/power-pro-v3/internal/api/liftmax_handler.go:169.2,169.14 1 1
github.com/waynenilsen/power-pro-v3/internal/api/liftmax_handler.go:169.14,172.3 2 1
github.com/waynenilsen/power-pro-v3/internal/api/liftmax_handler.go:175.2,177.46 3 1
github.com/waynenilsen/power-pro-v3/internal/api/liftmax_handler.go:177.46,180.3 2 1
github.com/waynenilsen/power-pro-v3/internal/api/liftmax_handler.go:182.2,182.51 1 1
github.com/waynenilsen/power-pro-v3/internal/api/liftmax_handler.go:186.73,188.18 2 1
github.com/waynenilsen/power-pro-v3/internal/api/liftmax_handler.go:188.18,191.3 2 0
github.com/waynenilsen/power-pro-v3/internal/api/liftmax_handler.go:193.2,194.42 2 1
github.com/waynenilsen/power-pro-v3/internal/api/liftmax_handler.go:194.42,197.3 2 0
github.com/waynenilsen/power-pro-v3/internal/api/liftmax_handler.go:200.2,201.16 2 1
github.com/waynenilsen/power-pro-v3/internal/api/liftmax_handler.go:201.16,204.3 2 0
github.com/waynenilsen/power-pro-v3/internal/api/liftmax_handler.go:205.2,205.17 1 1
github.com/waynenilsen/power-pro-v3/internal/api/liftmax_handler.go:205.17,208.3 2 1
github.com/waynenilsen/power-pro-v3/internal/api/liftmax_handler.go:211.2,223.19 4 1
github.com/waynenilsen/power-pro-v3/internal/api/liftmax_handler.go:223.19,225.37 2 1
github.com/waynenilsen/power-pro-v3/internal/api/liftmax_handler.go:225.37,227.4 1 1
github.com/waynenilsen/power-pro-v3/internal/api/liftmax_handler.go:228.3,229.9 2 1
github.com/waynenilsen/power-pro-v3/internal/api/liftmax_handler.go:233.2,234.16 2 1
github.com/waynenilsen/power-pro-v3/internal/api/liftmax_handler.go:234.16,237.3 2 0
github.com/waynenilsen/power-pro-v3/internal/api/liftmax_handler.go:238.2,238.12 1 1
github.com/waynenilsen/power-pro-v3/internal/api/liftmax_handler.go:238.12,241.3 2 1
github.com/waynenilsen/power-pro-v3/internal/api/liftmax_handler.go:244.2,244.46 1 1
github.com/waynenilsen/power-pro-v3/internal/api/liftmax_handler.go:244.46,247.3 2 0
github.com/waynenilsen/power-pro-v3/internal/api/liftmax_handler.go:250.2,251.26 2 1
github.com/waynenilsen/power-pro-v3/internal/api/liftmax_handler.go:251.26,257.3 2 1
github.com/waynenilsen/power-pro-v3/internal/api/liftmax_handler.go:259.2,259.44 1 1
github.com/waynenilsen/power-pro-v3/internal/api/liftmax_handler.go:263.73,265.14 2 1
github.com/waynenilsen/power-pro-v3/internal/api/liftmax_handler.go:265.14,268.3 2 0
github.com/waynenilsen/power-pro-v3/internal/api/liftmax_handler.go:271.2,272.16 2 1
github.com/waynenilsen/power-pro-v3/internal/api/liftmax_handler.go:272.16,275.3 2 0
github.com/waynenilsen/power-pro-v3/internal/api/liftmax_handler.go:276.2,276.21 1 1
github.com/waynenilsen/power-pro-v3/internal/api/liftmax_handler.go:276.21,279.3 2 1
github.com/waynenilsen/power-pro-v3/internal/api/liftmax_handler.go:282.2,284.53 3 1
github.com/waynenilsen/power-pro-v3/internal/api/liftmax_handler.go:284.53,287.3 2 1
github.com/waynenilsen/power-pro-v3/internal/api/liftmax_handler.go:289.2,290.42 2 1
github.com/waynenilsen/power-pro-v3/internal/api/liftmax_handler.go:290.42,293.3 2 0
github.com/waynenilsen/power-pro-v3/internal/api/liftmax_handler.go:296.2,303.19 3 1
github.com/waynenilsen/power-pro-v3/internal/api/liftmax_handler.go:303.19,305.37 2 1
github.com/waynenilsen/power-pro-v3/internal/api/liftmax_handler.go:305.37,307.4 1 1
github.com/waynenilsen/power-pro-v3/internal/api/liftmax_handler.go:308.3,309.9 2 1
github.com/waynenilsen/power-pro-v3/internal/api/liftmax_handler.go:313.2,313.30 1 1
github.com/waynenilsen/power-pro-v3/internal/api/liftmax_handler.go:313.30,315.17 2 1
github.com/waynenilsen/power-pro-v3/internal/api/liftmax_handler.go:315.17,318.4 2 0
github.com/waynenilsen/power-pro-v3/internal/api/liftmax_handler.go:319.3,319.13 1 1
github.com/waynenilsen/power-pro-v3/internal/api/liftmax_handler.go:319.13,322.4 2 0
github.com/waynenilsen/power-pro-v3/internal/api/liftmax_handler.go:326.2,326.48 1 1
github.com/waynenilsen/power-pro-v3/internal/api/liftmax_handler.go:326.48,329.3 2 0
github.com/waynenilsen/power-pro-v3/internal/api/liftmax_handler.go:332.2,333.26 2 1
github.com/waynenilsen/power-pro-v3/internal/api/liftmax_handler.go:333.26,339.3 2 0
github.com/waynenilsen/power-pro-v3/internal/api/liftmax_handler.go:341.2,341.39 1 1
github.com/waynenilsen/power-pro-v3/internal/api/liftmax_handler.go:345.73,347.14 2 1
github.com/waynenilsen/power-pro-v3/internal/api/liftmax_handler.go:347.14,350.3 2 0
github.com/waynenilsen/power-pro-v3/internal/api/liftmax_handler.go:353.2,354.16 2 1
github.com/waynenilsen/power-pro-v3/internal/api/liftmax_handler.go:354.16,357.3 2 0
github.com/waynenilsen/power-pro-v3/internal/api/liftmax_handler.go:358.2,358.21 1 1
github.com/waynenilsen/power-pro-v3/internal/api/liftmax_handler.go:358.21,361.3 2 1
github.com/waynenilsen/power-pro-v3/internal/api/liftmax_handler.go:364.2,366.53 3 1
github.com/waynenilsen/power-pro-v3/internal/api/liftmax_handler.go:366.53,369.3 2 1
github.com/waynenilsen/power-pro-v3/internal/api/liftmax_handler.go:372.2,372.42 1 1
github.com/waynenilsen/power-pro-v3/internal/api/liftmax_handler.go:372.42,375.3 2 0
github.com/waynenilsen/power-pro-v3/internal/api/liftmax_handler.go:377.2,377.37 1 1
github.com/waynenilsen/power-pro-v3/internal/api/liftmax_handler.go:391.77,393.18 2 1
github.com/waynenilsen/power-pro-v3/internal/api/liftmax_handler.go:393.18,396.3 2 0
github.com/waynenilsen/power-pro-v3/internal/api/liftmax_handler.go:402.2,406.18 3 1
github.com/waynenilsen/power-pro-v3/internal/api/liftmax_handler.go:406.18,409.3 2 1
github.com/waynenilsen/power-pro-v3/internal/api/liftmax_handler.go:412.2,412.46 1 1
github.com/waynenilsen/power-pro-v3/internal/api/liftmax_handler.go:412.46,415.3 2 1
github.com/waynenilsen/power-pro-v3/internal/api/liftmax_handler.go:418.2,419.19 2 1
github.com/waynenilsen/power-pro-v3/internal/api/liftmax_handler.go:419.19,422.3 2 1
github.com/waynenilsen/power-pro-v3/internal/api/liftmax_handler.go:425.2,425.80 1 1
github.com/waynenilsen/power-pro-v3/internal/api/liftmax_handler.go:425.80,428.3 2 1
github.com/waynenilsen/power-pro-v3/internal/api/liftmax_handler.go:431.2,432.16 2 1
github.com/waynenilsen/power-pro-v3/internal/api/liftmax_handler.go:432.16,435.3 2 0
github.com/waynenilsen/power-pro-v3/internal/api/liftmax_handler.go:436.2,436.14 1 1
github.com/waynenilsen/power-pro-v3/internal/api/liftmax_handler.go:436.14,439.3 2 1
github.com/waynenilsen/power-pro-v3/internal/api/liftmax_handler.go:441.2,441.51 1 1
github.com/waynenilsen/power-pro-v3/internal/api/liftmax_handler.go:446.74,448.14 2 1
github.com/waynenilsen/power-pro-v3/internal/api/liftmax_handler.go:448.14,451.3 2 0
github.com/waynenilsen/power-pro-v3/internal/api/liftmax_handler.go:454.2,455.16 2 1
github.com/waynenilsen/power-pro-v3/internal/api/liftmax_handler.go:455.16,458.3 2 0
github.com/waynenilsen/power-pro-v3/internal/api/liftmax_handler.go:459.2,459.21 1 1
github.com/waynenilsen/power-pro-v3/internal/api/liftmax_handler.go:459.21,462.3 2 1
github.com/waynenilsen/power-pro-v3/internal/api/liftmax_handler.go:465.2,467.53 3 1
github.com/waynenilsen/power-pro-v3/internal/api/liftmax_handler.go:467.53,470.3 2 1
github.com/waynenilsen/power-pro-v3/internal/api/liftmax_handler.go:473.2,477.18 3 1
github.com/waynenilsen/power-pro-v3/internal/api/liftmax_handler.go:477.18,480.3 2 1
github.com/waynenilsen/power-pro-v3/internal/api/liftmax_handler.go:483.2,483.78 1 1
github.com/waynenilsen/power-pro-v3/internal/api/liftmax_handler.go:483.78,486.3 2 1
github.com/waynenilsen/power-pro-v3/internal/api/liftmax_handler.go:489.2,489.37 1 1
github.com/waynenilsen/power-pro-v3/internal/api/liftmax_handler.go:489.37,492.3 2 1
github.com/waynenilsen/power-pro-v3/internal/api/liftmax_handler.go:495.2,496.53 2 1
github.com/waynenilsen/power-pro-v3/internal/api/liftmax_handler.go:496.53,498.17 2 1
github.com/waynenilsen/power-pro-v3/internal/api/liftmax_handler.go:498.17,501.4 2 1
github.com/waynenilsen/power-pro-v3/internal/api/liftmax_handler.go:502.3,502.27 1 1
github.com/waynenilsen/power-pro-v3/internal/api/liftmax_handler.go:502.27,505.4 2 1
github.com/waynenilsen/power-pro-v3/internal/api/liftmax_handler.go:506.3,506.19 1 1
github.com/waynenilsen/power-pro-v3/internal/api/liftmax_handler.go:510.2,513.36 3 1
github.com/waynenilsen/power-pro-v3/internal/api/liftmax_handler.go:513.36,516.3 1 1
github.com/waynenilsen/power-pro-v3/internal/api/liftmax_handler.go:516.8,519.3 1 1
github.com/waynenilsen/power-pro-v3/internal/api/liftmax_handler.go:521.2,521.16 1 1
github.com/waynenilsen/power-pro-v3/internal/api/liftmax_handler.go:521.16,524.3 2 0
github.com/waynenilsen/power-pro-v3/internal/api/liftmax_handler.go:526.2,534.39 2 1
github.com/waynenilsen/power-pro-v3/internal/api/prescription_handler.go:36.24,44.2 1 1
github.com/waynenilsen/power-pro-v3/internal/api/prescription_handler.go:80.114,82.16 2 1
github.com/waynenilsen/power-pro-v3/internal/api/prescription_handler.go:82.16,84.3 1 0
github.com/waynenilsen/power-pro-v3/internal/api/prescription_handler.go:86.2,87.16 2 1
github.com/waynenilsen/power-pro-v3/internal/api/prescription_handler.go:87.16,89.3 1 0
github.com/waynenilsen/power-pro-v3/internal/api/prescription_handler.go:91.2,101.8 1 1
github.com/waynenilsen/power-pro-v3/internal/api/prescription_handler.go:105.76,112.37 4 1
github.com/waynenilsen/power-pro-v3/internal/api/prescription_handler.go:112.37,113.63 1 1
github.com/waynenilsen/power-pro-v3/internal/api/prescription_handler.go:113.63,115.4 1 1
github.com/waynenilsen/power-pro-v3/internal/api/prescription_handler.go:117.2,117.43 1 1
github.com/waynenilsen/power-pro-v3/internal/api/prescription_handler.go:117.43,118.81 1 1
github.com/waynenilsen/power-pro-v3/internal/api/prescription_handler.go:118.81,120.4 1 1
github.com/waynenilsen/power-pro-v3/internal/api/prescription_handler.go:124.2,126.39 3 1
github.com/waynenilsen/power-pro-v3/internal/api/prescription_handler.go:126.39,127.29 1 1
github.com/waynenilsen/power-pro-v3/internal/api/prescription_handler.go:128.16,129.47 1 1
github.com/waynenilsen/power-pro-v3/internal/api/prescription_handler.go:130.34,131.51 1 0
github.com/waynenilsen/power-pro-v3/internal/api/prescription_handler.go:134.2,134.42 1 1
github.com/waynenilsen/power-pro-v3/internal/api/prescription_handler.go:134.42,135.29 1 1
github.com/waynenilsen/power-pro-v3/internal/api/prescription_handler.go:136.14,137.34 1 0
github.com/waynenilsen/power-pro-v3/internal/api/prescription_handler.go:138.15,139.35 1 1
github.com/waynenilsen/power-pro-v3/internal/api/prescription_handler.go:144.2,145.50 2 1
github.com/waynenilsen/power-pro-v3/internal/api/prescription_handler.go:145.50,147.3 1 1
github.com/waynenilsen/power-pro-v3/internal/api/prescription_handler.go:149.2,158.16 3 1
github.com/waynenilsen/power-pro-v3/internal/api/prescription_handler.go:158.16,161.3 2 0
github.com/waynenilsen/power-pro-v3/internal/api/prescription_handler.go:164.2,165.34 2 1
github.com/waynenilsen/power-pro-v3/internal/api/prescription_handler.go:165.34,167.17 2 1
github.com/waynenilsen/power-pro-v3/internal/api/prescription_handler.go:167.17,170.4 2 0
github.com/waynenilsen/power-pro-v3/internal/api/prescription_handler.go:171.3,171.28 1 1
github.com/waynenilsen/power-pro-v3/internal/api/prescription_handler.go:175.2,176.31 2 1
github.com/waynenilsen/power-pro-v3/internal/api/prescription_handler.go:176.31,178.3 1 1
github.com/waynenilsen/power-pro-v3/internal/api/prescription_handler.go:180.2,188.35 2 1
github.com/waynenilsen/power-pro-v3/internal/api/prescription_handler.go:192.75,194.14 2 1
github.com/waynenilsen/power-pro-v3/internal/api/prescription_handler.go:194.14,197.3 2 0
github.com/waynenilsen/power-pro-v3/internal/api/prescription_handler.go:199.2,200.16 2 1
github.com/waynenilsen/power-pro-v3/internal/api/prescription_handler.go:200.16,203.3 2 0
github.com/waynenilsen/power-pro-v3/internal/api/prescription_handler.go:204.2,204.14 1 1
github.com/waynenilsen/power-pro-v3/internal/api/prescription_handler.go:204.14,207.3 2 1
github.com/waynenilsen/power-pro-v3/internal/api/prescription_handler.go:209.2,210.16 2 1
github.com/waynenilsen/power-pro-v3/internal/api/prescription_handler.go:210.16,213.3 2 0
github.com/waynenilsen/power-pro-v3/internal/api/prescription_handler.go:215.2,215.35 1 1
github.com/waynenilsen/power-pro-v3/internal/api/prescription_handler.go:219.78,221.42 2 1
github.com/waynenilsen/power-pro-v3/internal/api/prescription_handler.go:221.42,224.3 2 1
github.com/waynenilsen/power-pro-v3/internal/api/prescription_handler.go:227.2,228.16 2 1
github.com/waynenilsen/power-pro-v3/internal/api/prescription_handler.go:228.16,231.3 2 1
github.com/waynenilsen/power-pro-v3/internal/api/prescription_handler.go:234.2,235.16 2 1
github.com/waynenilsen/power-pro-v3/internal/api/prescription_handler.go:235.16,238.3 2 1
github.com/waynenilsen/power-pro-v3/internal/api/prescription_handler.go:241.2,242.22 2 1
github.com/waynenilsen/power-pro-v3/internal/api/prescription_handler.go:242.22,244.3 1 1
github.com/waynenilsen/power-pro-v3/internal/api/prescription_handler.go:247.2,260.19 4 1
github.com/waynenilsen/power-pro-v3/internal/api/prescription_handler.go:260.19,262.37 2 1
github.com/waynenilsen/power-pro-v3/internal/api/prescription_handler.go:262.37,264.4 1 1
github.com/waynenilsen/power-pro-v3/internal/api/prescription_handler.go:265.3,266.9 2 1
github.com/waynenilsen/power-pro-v3/internal/api/prescription_handler.go:270.2,271.16 2 1
github.com/waynenilsen/power-pro-v3/internal/api/prescription_handler.go:271.16,274.3 2 0
github.com/waynenilsen/power-pro-v3/internal/api/prescription_handler.go:275.2,275.17 1 1
github.com/waynenilsen/power-pro-v3/internal/api/prescription_handler.go:275.17,278.3 2 0
github.com/waynenilsen/power-pro-v3/internal/api/prescription_handler.go:281.2,281.55 1 1
github.com/waynenilsen/power-pro-v3/internal/api/prescription_handler.go:281.55,284.3 2 0
github.com/waynenilsen/power-pro-v3/internal/api/prescription_handler.go:286.2,287.16 2 1
github.com/waynenilsen/power-pro-v3/internal/api/prescription_handler.go:287.16,290.3 2 0
github.com/waynenilsen/power-pro-v3/internal/api/prescription_handler.go:292.2,292.40 1 1
github.com/waynenilsen/power-pro-v3/internal/api/prescription_handler.go:296.78,298.14 2 1
github.com/waynenilsen/power-pro-v3/internal/api/prescription_handler.go:298.14,301.3 2 0
github.com/waynenilsen/power-pro-v3/internal/api/prescription_handler.go:304.2,305.16 2 1
github.com/waynenilsen/power-pro-v3/internal/api/prescription_handler.go:305.16,308.3 2 0
github.com/waynenilsen/power-pro-v3/internal/api/prescription_handler.go:309.2,309.21 1 1
github.com/waynenilsen/power-pro-v3/internal/api/prescription_handler.go:309.21,312.3 2 1
github.com/waynenilsen/power-pro-v3/internal/api/prescription_handler.go:314.2,315.42 2 1
github.com/waynenilsen/power-pro-v3/internal/api/prescription_handler.go:315.42,318.3 2 0
github.com/waynenilsen/power-pro-v3/internal/api/prescription_handler.go:321.2,322.31 2 1
github.com/waynenilsen/power-pro-v3/internal/api/prescription_handler.go:322.31,324.17 2 1
github.com/waynenilsen/power-pro-v3/internal/api/prescription_handler.go:324.17,327.4 2 1
github.com/waynenilsen/power-pro-v3/internal/api/prescription_handler.go:331.2,332.28 2 1
github.com/waynenilsen/power-pro-v3/internal/api/prescription_handler.go:332.28,334.17 2 1
github.com/waynenilsen/power-pro-v3/internal/api/prescription_handler.go:334.17,337.4 2 1
github.com/waynenilsen/power-pro-v3/internal/api/prescription_handler.go:341.2,341.23 1 1
github.com/waynenilsen/power-pro-v3/internal/api/prescription_handler.go:341.23,343.17 2 1
github.com/waynenilsen/power-pro-v3/internal/api/prescription_handler.go:343.17,346.4 2 0
github.com/waynenilsen/power-pro-v3/internal/api/prescription_handler.go:347.3,347.18 1 1
github.com/waynenilsen/power-pro-v3/internal/api/prescription_handler.go:347.18,350.4 2 1
github.com/waynenilsen/power-pro-v3/internal/api/prescription_handler.go:354.2,365.19 3 1
github.com/waynenilsen/power-pro-v3/internal/api/prescription_handler.go:365.19,367.37 2 1
github.com/waynenilsen/power-pro-v3/internal/api/prescription_handler.go:367.37,369.4 1 1
github.com/waynenilsen/power-pro-v3/internal/api/prescription_handler.go:370.3,371.9 2 1
github.com/waynenilsen/power-pro-v3/internal/api/prescription_handler.go:375.2,375.48 1 1
github.com/waynenilsen/power-pro-v3/internal/api/prescription_handler.go:375.48,378.3 2 0
github.com/waynenilsen/power-pro-v3/internal/api/prescription_handler.go:380.2,381.16 2 1
github.com/waynenilsen/power-pro-v3/internal/api/prescription_handler.go:381.16,384.3 2 0
github.com/waynenilsen/power-pro-v3/internal/api/prescription_handler.go:386.2,386.35 1 1
github.com/waynenilsen/power-pro-v3/internal/api/prescription_handler.go:390.78,392.14 2 1
github.com/waynenilsen/power-pro-v3/internal/api/prescription_handler.go:392.14,395.3 2 0
github.com/waynenilsen/power-pro-v3/internal/api/prescription_handler.go:398.2,399.16 2 1
github.com/waynenilsen/power-pro-v3/internal/api/prescription_handler.go:399.16,402.3 2 0
github.com/waynenilsen/power-pro-v3/internal/api/prescription_handler.go:403.2,403.21 1 1
github.com/waynenilsen/power-pro-v3/internal/api/prescription_handler.go:403.21,406.3 2 1
github.com/waynenilsen/power-pro-v3/internal/api/prescription_handler.go:409.2,409.42 1 1
github.com/waynenilsen/power-pro-v3/internal/api/prescription_handler.go:409.42,412.3 2 0
github.com/waynenilsen/power-pro-v3/internal/api/prescription_handler.go:414.2,414.37 1 1
github.com/waynenilsen/power-pro-v3/internal/api/prescription_handler.go:456.109,458.16 2 1
github.com/waynenilsen/power-pro-v3/internal/api/prescription_handler.go:458.16,460.3 1 0
github.com/waynenilsen/power-pro-v3/internal/api/prescription_handler.go:461.2,461.17 1 1
github.com/waynenilsen/power-pro-v3/internal/api/prescription_handler.go:461.17,463.3 1 0
github.com/waynenilsen/power-pro-v3/internal/api/prescription_handler.go:464.2,468.8 1 1
github.com/waynenilsen/power-pro-v3/internal/api/prescription_handler.go:477.127,479.16 2 1
github.com/waynenilsen/power-pro-v3/internal/api/prescription_handler.go:479.16,481.3 1 0
github.com/waynenilsen/power-pro-v3/internal/api/prescription_handler.go:482.2,482.16 1 1
github.com/waynenilsen/power-pro-v3/internal/api/prescription_handler.go:482.16,484.3 1 1
github.com/waynenilsen/power-pro-v3/internal/api/prescription_handler.go:485.2,488.8 1 1
github.com/waynenilsen/power-pro-v3/internal/api/prescription_handler.go:499.77,504.2 1 1
github.com/waynenilsen/power-pro-v3/internal/api/prescription_handler.go:507.126,512.33 3 1
github.com/waynenilsen/power-pro-v3/internal/api/prescription_handler.go:512.33,515.3 2 1
github.com/waynenilsen/power-pro-v3/internal/api/prescription_handler.go:516.2,520.16 3 1
github.com/waynenilsen/power-pro-v3/internal/api/prescription_handler.go:520.16,522.3 1 0
github.com/waynenilsen/power-pro-v3/internal/api/prescription_handler.go:525.2,529.17 4 1
github.com/waynenilsen/power-pro-v3/internal/api/prescription_handler.go:533.79,535.14 2 1
github.com/waynenilsen/power-pro-v3/internal/api/prescription_handler.go:535.14,538.3 2 0
github.com/waynenilsen/power-pro-v3/internal/api/prescription_handler.go:540.2,541.42 2 1
github.com/waynenilsen/power-pro-v3/internal/api/prescription_handler.go:541.42,544.3 2 1
github.com/waynenilsen/power-pro-v3/internal/api/prescription_handler.go:546.2,546.41 1 1
github.com/waynenilsen/power-pro-v3/internal/api/prescription_handler.go:546.41,549.3 2 1
github.com/waynenilsen/power-pro-v3/internal/api/prescription_handler.go:552.2,553.16 2 1
github.com/waynenilsen/power-pro-v3/internal/api/prescription_handler.go:553.16,556.3 2 0
github.com/waynenilsen/power-pro-v3/internal/api/prescription_handler.go:557.2,557.14 1 1
github.com/waynenilsen/power-pro-v3/internal/api/prescription_handler.go:557.14,560.3 2 1
github.com/waynenilsen/power-pro-v3/internal/api/prescription_handler.go:563.2,574.16 7 1
github.com/waynenilsen/power-pro-v3/internal/api/prescription_handler.go:574.16,576.51 1 1
github.com/waynenilsen/power-pro-v3/internal/api/prescription_handler.go:576.51,579.4 2 0
github.com/waynenilsen/power-pro-v3/internal/api/prescription_handler.go:580.3,580.97 1 1
github.com/waynenilsen/power-pro-v3/internal/api/prescription_handler.go:580.97,583.4 2 1
github.com/waynenilsen/power-pro-v3/internal/api/prescription_handler.go:584.3,585.9 2 0
github.com/waynenilsen/power-pro-v3/internal/api/prescription_handler.go:588.2,596.35 2 1
github.com/waynenilsen/power-pro-v3/internal/api/prescription_handler.go:600.84,602.42 2 1
github.com/waynenilsen/power-pro-v3/internal/api/prescription_handler.go:602.42,605.3 2 1
github.com/waynenilsen/power-pro-v3/internal/api/prescription_handler.go:607.2,607.41 1 1
github.com/waynenilsen/power-pro-v3/internal/api/prescription_handler.go:607.41,610.3 2 1
github.com/waynenilsen/power-pro-v3/internal/api/prescription_handler.go:612.2,612.35 1 1
github.com/waynenilsen/power-pro-v3/internal/api/prescription_handler.go:612.35,615.3 2 1
github.com/waynenilsen/power-pro-v3/internal/api/prescription_handler.go:618.2,627.53 7 1
github.com/waynenilsen/power-pro-v3/internal/api/prescription_handler.go:627.53,634.17 3 1
github.com/waynenilsen/power-pro-v3/internal/api/prescription_handler.go:634.17,638.12 4 0
github.com/waynenilsen/power-pro-v3/internal/api/prescription_handler.go:640.3,640.15 1 1
github.com/waynenilsen/power-pro-v3/internal/api/prescription_handler.go:640.15,644.12 4 1
github.com/waynenilsen/power-pro-v3/internal/api/prescription_handler.go:648.3,652.17 3 1
github.com/waynenilsen/power-pro-v3/internal/api/prescription_handler.go:652.17,654.98 2 1
github.com/waynenilsen/power-pro-v3/internal/api/prescription_handler.go:654.98,656.5 1 1
github.com/waynenilsen/power-pro-v3/internal/api/prescription_handler.go:656.10,656.59 1 0
github.com/waynenilsen/power-pro-v3/internal/api/prescription_handler.go:656.59,658.5 1 0
github.com/waynenilsen/power-pro-v3/internal/api/prescription_handler.go:658.10,660.5 1 0
github.com/waynenilsen/power-pro-v3/internal/api/prescription_handler.go:661.4,662.12 2 1
github.com/waynenilsen/power-pro-v3/internal/api/prescription_handler.go:665.3,673.22 3 1
github.com/waynenilsen/power-pro-v3/internal/api/prescription_handler.go:676.2,680.35 2 1
github.com/waynenilsen/power-pro-v3/internal/api/prescription_handler.go:684.117,686.84 1 1
github.com/waynenilsen/power-pro-v3/internal/api/prescription_handler.go:686.84,688.3 1 1
github.com/waynenilsen/power-pro-v3/internal/api/program_handler.go:21.115,26.2 1 1
github.com/waynenilsen/power-pro-v3/internal/api/program_handler.go:98.60,111.2 1 1
github.com/waynenilsen/power-pro-v3/internal/api/program_handler.go:113.178,115.18 2 1
github.com/waynenilsen/power-pro-v3/internal/api/program_handler.go:115.18,117.33 2 1
github.com/waynenilsen/power-pro-v3/internal/api/program_handler.go:117.33,122.4 1 0
github.com/waynenilsen/power-pro-v3/internal/api/program_handler.go:123.3,128.4 1 1
github.com/waynenilsen/power-pro-v3/internal/api/program_handler.go:131.2,132.25 2 1
github.com/waynenilsen/power-pro-v3/internal/api/program_handler.go:132.25,137.3 1 0
github.com/waynenilsen/power-pro-v3/internal/api/program_handler.go:139.2,140.24 2 1
github.com/waynenilsen/power-pro-v3/internal/api/program_handler.go:140.24,145.3 1 0
github.com/waynenilsen/power-pro-v3/internal/api/program_handler.go:147.2,158.3 1 1
github.com/waynenilsen/power-pro-v3/internal/api/program_handler.go:162.71,169.37 4 1
github.com/waynenilsen/power-pro-v3/internal/api/program_handler.go:169.37,170.63 1 1
github.com/waynenilsen/power-pro-v3/internal/api/program_handler.go:170.63,172.4 1 1
github.com/waynenilsen/power-pro-v3/internal/api/program_handler.go:174.2,174.43 1 1
github.com/waynenilsen/power-pro-v3/internal/api/program_handler.go:174.43,175.81 1 1
github.com/waynenilsen/power-pro-v3/internal/api/program_handler.go:175.81,177.4 1 1
github.com/waynenilsen/power-pro-v3/internal/api/program_handler.go:181.2,183.39 3 1
github.com/waynenilsen/power-pro-v3/internal/api/program_handler.go:183.39,184.29 1 1
github.com/waynenilsen/power-pro-v3/internal/api/program_handler.go:185.15,186.41 1 1
github.com/waynenilsen/power-pro-v3/internal/api/program_handler.go:187.34,188.46 1 0
github.com/waynenilsen/power-pro-v3/internal/api/program_handler.go:191.2,191.42 1 1
github.com/waynenilsen/power-pro-v3/internal/api/program_handler.go:191.42,192.29 1 1
github.com/waynenilsen/power-pro-v3/internal/api/program_handler.go:193.14,194.34 1 0
github.com/waynenilsen/power-pro-v3/internal/api/program_handler.go:195.15,196.35 1 1
github.com/waynenilsen/power-pro-v3/internal/api/program_handler.go:200.2,208.16 3 1
github.com/waynenilsen/power-pro-v3/internal/api/program_handler.go:208.16,211.3 2 0
github.com/waynenilsen/power-pro-v3/internal/api/program_handler.go:214.2,215.29 2 1
github.com/waynenilsen/power-pro-v3/internal/api/program_handler.go:215.29,217.3 1 1
github.com/waynenilsen/power-pro-v3/internal/api/program_handler.go:220.2,221.31 2 1
github.com/waynenilsen/power-pro-v3/internal/api/program_handler.go:221.31,223.3 1 1
github.com/waynenilsen/power-pro-v3/internal/api/program_handler.go:225.2,233.35 2 1
github.com/waynenilsen/power-pro-v3/internal/api/program_handler.go:237.70,239.14 2 1
github.com/waynenilsen/power-pro-v3/internal/api/program_handler.go:239.14,242.3 2 0
github.com/waynenilsen/power-pro-v3/internal/api/program_handler.go:244.2,245.16 2 1
github.com/waynenilsen/power-pro-v3/internal/api/program_handler.go:245.16,248.3 2 0
github.com/waynenilsen/power-pro-v3/internal/api/program_handler.go:249.2,249.14 1 1
github.com/waynenilsen/power-pro-v3/internal/api/program_handler.go:249.14,252.3 2 1
github.com/waynenilsen/power-pro-v3/internal/api/program_handler.go:255.2,256.16 2 1
github.com/waynenilsen/power-pro-v3/internal/api/program_handler.go:256.16,259.3 2 0
github.com/waynenilsen/power-pro-v3/internal/api/program_handler.go:262.2,263.29 2 1
github.com/waynenilsen/power-pro-v3/internal/api/program_handler.go:263.29,265.17 2 0
github.com/waynenilsen/power-pro-v3/internal/api/program_handler.go:265.17,268.4 2 0
github.com/waynenilsen/power-pro-v3/internal/api/program_handler.go:271.2,272.28 2 1
github.com/waynenilsen/power-pro-v3/internal/api/program_handler.go:272.28,274.17 2 0
github.com/waynenilsen/power-pro-v3/internal/api/program_handler.go:274.17,277.4 2 0
github.com/waynenilsen/power-pro-v3/internal/api/program_handler.go:280.2,280.91 1 1
github.com/waynenilsen/power-pro-v3/internal/api/program_handler.go:284.73,286.42 2 1
github.com/waynenilsen/power-pro-v3/internal/api/program_handler.go:286.42,289.3 2 0
github.com/waynenilsen/power-pro-v3/internal/api/program_handler.go:292.2,293.16 2 1
github.com/waynenilsen/power-pro-v3/internal/api/program_handler.go:293.16,296.3 2 0
github.com/waynenilsen/power-pro-v3/internal/api/program_handler.go:297.2,297.18 1 1
github.com/waynenilsen/power-pro-v3/internal/api/program_handler.go:297.18,300.3 2 1
github.com/waynenilsen/power-pro-v3/internal/api/program_handler.go:303.2,304.16 2 1
github.com/waynenilsen/power-pro-v3/internal/api/program_handler.go:304.16,307.3 2 0
github.com/waynenilsen/power-pro-v3/internal/api/program_handler.go:308.2,308.16 1 1
github.com/waynenilsen/power-pro-v3/internal/api/program_handler.go:308.16,311.3 2 1
github.com/waynenilsen/power-pro-v3/internal/api/program_handler.go:314.2,328.19 4 1
github.com/waynenilsen/power-pro-v3/internal/api/program_handler.go:328.19,330.37 2 1
github.com/waynenilsen/power-pro-v3/internal/api/program_handler.go:330.37,332.4 1 1
github.com/waynenilsen/power-pro-v3/internal/api/program_handler.go:333.3,334.9 2 1
github.com/waynenilsen/power-pro-v3/internal/api/program_handler.go:338.2,338.50 1 1
github.com/waynenilsen/power-pro-v3/internal/api/program_handler.go:338.50,341.3 2 0
github.com/waynenilsen/power-pro-v3/internal/api/program_handler.go:343.2,343.65 1 1
github.com/waynenilsen/power-pro-v3/internal/api/program_handler.go:347.73,349.14 2 1
github.com/waynenilsen/power-pro-v3/internal/api/program_handler.go:349.14,352.3 2 0
github.com/waynenilsen/power-pro-v3/internal/api/program_handler.go:355.2,356.16 2 1
github.com/waynenilsen/power-pro-v3/internal/api/program_handler.go:356.16,359.3 2 0
github.com/waynenilsen/power-pro-v3/internal/api/program_handler.go:360.2,360.21 1 1
github.com/waynenilsen/power-pro-v3/internal/api/program_handler.go:360.21,363.3 2 1
github.com/waynenilsen/power-pro-v3/internal/api/program_handler.go:365.2,366.42 2 1
github.com/waynenilsen/power-pro-v3/internal/api/program_handler.go:366.42,369.3 2 0
github.com/waynenilsen/power-pro-v3/internal/api/program_handler.go:372.2,372.24 1 1
github.com/waynenilsen/power-pro-v3/internal/api/program_handler.go:372.24,374.17 2 0
github.com/waynenilsen/power-pro-v3/internal/api/program_handler.go:374.17,377.4 2 0
github.com/waynenilsen/power-pro-v3/internal/api/program_handler.go:378.3,378.19 1 0
github.com/waynenilsen/power-pro-v3/internal/api/program_handler.go:378.19,381.4 2 0
github.com/waynenilsen/power-pro-v3/internal/api/program_handler.go:385.2,385.51 1 1
github.com/waynenilsen/power-pro-v3/internal/api/program_handler.go:385.51,387.17 2 1
github.com/waynenilsen/power-pro-v3/internal/api/program_handler.go:387.17,390.4 2 0
github.com/waynenilsen/power-pro-v3/internal/api/program_handler.go:391.3,391.17 1 1
github.com/waynenilsen/power-pro-v3/internal/api/program_handler.go:391.17,394.4 2 1
github.com/waynenilsen/power-pro-v3/internal/api/program_handler.go:398.2,409.19 3 1
github.com/waynenilsen/power-pro-v3/internal/api/program_handler.go:409.19,411.37 2 0
github.com/waynenilsen/power-pro-v3/internal/api/program_handler.go:411.37,413.4 1 0
github.com/waynenilsen/power-pro-v3/internal/api/program_handler.go:414.3,415.9 2 0
github.com/waynenilsen/power-pro-v3/internal/api/program_handler.go:419.2,419.48 1 1
github.com/waynenilsen/power-pro-v3/internal/api/program_handler.go:419.48,422.3 2 0
github.com/waynenilsen/power-pro-v3/internal/api/program_handler.go:424.2,424.58 1 1
github.com/waynenilsen/power-pro-v3/internal/api/program_handler.go:428.73,430.14 2 1
github.com/waynenilsen/power-pro-v3/internal/api/program_handler.go:430.14,433.3 2 0
github.com/waynenilsen/power-pro-v3/internal/api/program_handler.go:436.2,437.16 2 1
github.com/waynenilsen/power-pro-v3/internal/api/program_handler.go:437.16,440.3 2 0
github.com/waynenilsen/power-pro-v3/internal/api/program_handler.go:441.2,441.21 1 1
github.com/waynenilsen/power-pro-v3/internal/api/program_handler.go:441.21,444.3 2 1
github.com/waynenilsen/power-pro-v3/internal/api/program_handler.go:447.2,448.16 2 1
github.com/waynenilsen/power-pro-v3/internal/api/program_handler.go:448.16,451.3 2 0
github.com/waynenilsen/power-pro-v3/internal/api/program_handler.go:452.2,452.17 1 1
github.com/waynenilsen/power-pro-v3/internal/api/program_handler.go:452.17,455.3 2 0
github.com/waynenilsen/power-pro-v3/internal/api/program_handler.go:458.2,458.42 1 1
github.com/waynenilsen/power-pro-v3/internal/api/program_handler.go:458.42,461.3 2 0
github.com/waynenilsen/power-pro-v3/internal/api/program_handler.go:463.2,463.37 1 1
github.com/waynenilsen/power-pro-v3/internal/api/response.go:32.69,36.2 3 1
github.com/waynenilsen/power-pro-v3/internal/api/response.go:39.87,45.2 2 1
github.com/waynenilsen/power-pro-v3/internal/api/response.go:48.68,50.2 1 1
github.com/waynenilsen/power-pro-v3/internal/api/response.go:53.53,55.2 1 1
github.com/waynenilsen/power-pro-v3/internal/api/week_handler.go:20.67,24.2 1 1
github.com/waynenilsen/power-pro-v3/internal/api/week_handler.go:76.48,85.2 1 1
github.com/waynenilsen/power-pro-v3/internal/api/week_handler.go:87.85,89.25 2 1
github.com/waynenilsen/power-pro-v3/internal/api/week_handler.go:89.25,96.3 1 1
github.com/waynenilsen/power-pro-v3/internal/api/week_handler.go:98.2,106.3 1 1
github.com/waynenilsen/power-pro-v3/internal/api/week_handler.go:110.68,117.37 4 1
github.com/waynenilsen/power-pro-v3/internal/api/week_handler.go:117.37,118.63 1 0
github.com/waynenilsen/power-pro-v3/internal/api/week_handler.go:118.63,120.4 1 0
github.com/waynenilsen/power-pro-v3/internal/api/week_handler.go:122.2,122.43 1 1
github.com/waynenilsen/power-pro-v3/internal/api/week_handler.go:122.43,123.81 1 0
github.com/waynenilsen/power-pro-v3/internal/api/week_handler.go:123.81,125.4 1 0
github.com/waynenilsen/power-pro-v3/internal/api/week_handler.go:129.2,131.39 3 1
github.com/waynenilsen/power-pro-v3/internal/api/week_handler.go:131.39,132.29 1 1
github.com/waynenilsen/power-pro-v3/internal/api/week_handler.go:133.36,134.44 1 1
github.com/waynenilsen/power-pro-v3/internal/api/week_handler.go:135.34,136.43 1 0
github.com/waynenilsen/power-pro-v3/internal/api/week_handler.go:139.2,139.42 1 1
github.com/waynenilsen/power-pro-v3/internal/api/week_handler.go:139.42,140.29 1 1
github.com/waynenilsen/power-pro-v3/internal/api/week_handler.go:141.14,142.34 1 0
github.com/waynenilsen/power-pro-v3/internal/api/week_handler.go:143.15,144.35 1 1
github.com/waynenilsen/power-pro-v3/internal/api/week_handler.go:149.2,150.53 2 1
github.com/waynenilsen/power-pro-v3/internal/api/week_handler.go:150.53,152.3 1 1
github.com/waynenilsen/power-pro-v3/internal/api/week_handler.go:154.2,163.16 3 1
github.com/waynenilsen/power-pro-v3/internal/api/week_handler.go:163.16,166.3 2 0
github.com/waynenilsen/power-pro-v3/internal/api/week_handler.go:169.2,170.27 2 1
github.com/waynenilsen/power-pro-v3/internal/api/week_handler.go:170.27,172.3 1 1
github.com/waynenilsen/power-pro-v3/internal/api/week_handler.go:175.2,176.31 2 1
github.com/waynenilsen/power-pro-v3/internal/api/week_handler.go:176.31,178.3 1 1
github.com/waynenilsen/power-pro-v3/internal/api/week_handler.go:180.2,188.35 2 1
github.com/waynenilsen/power-pro-v3/internal/api/week_handler.go:192.67,194.14 2 1
github.com/waynenilsen/power-pro-v3/internal/api/week_handler.go:194.14,197.3 2 0
github.com/waynenilsen/power-pro-v3/internal/api/week_handler.go:199.2,200.16 2 1
github.com/waynenilsen/power-pro-v3/internal/api/week_handler.go:200.16,203.3 2 0
github.com/waynenilsen/power-pro-v3/internal/api/week_handler.go:204.2,204.15 1 1
github.com/waynenilsen/power-pro-v3/internal/api/week_handler.go:204.15,207.3 2 1
github.com/waynenilsen/power-pro-v3/internal/api/week_handler.go:210.2,211.16 2 1
github.com/waynenilsen/power-pro-v3/internal/api/week_handler.go:211.16,214.3 2 0
github.com/waynenilsen/power-pro-v3/internal/api/week_handler.go:216.2,216.63 1 1
github.com/waynenilsen/power-pro-v3/internal/api/week_handler.go:220.70,222.42 2 1
github.com/waynenilsen/power-pro-v3/internal/api/week_handler.go:222.42,225.3 2 0
github.com/waynenilsen/power-pro-v3/internal/api/week_handler.go:228.2,229.16 2 1
github.com/waynenilsen/power-pro-v3/internal/api/week_handler.go:229.16,232.3 2 0
github.com/waynenilsen/power-pro-v3/internal/api/week_handler.go:233.2,233.18 1 1
github.com/waynenilsen/power-pro-v3/internal/api/week_handler.go:233.18,236.3 2 1
github.com/waynenilsen/power-pro-v3/internal/api/week_handler.go:239.2,249.19 4 1
github.com/waynenilsen/power-pro-v3/internal/api/week_handler.go:249.19,251.37 2 1
github.com/waynenilsen/power-pro-v3/internal/api/week_handler.go:251.37,253.4 1 1
github.com/waynenilsen/power-pro-v3/internal/api/week_handler.go:254.3,255.9 2 1
github.com/waynenilsen/power-pro-v3/internal/api/week_handler.go:259.2,260.16 2 1
github.com/waynenilsen/power-pro-v3/internal/api/week_handler.go:260.16,263.3 2 0
github.com/waynenilsen/power-pro-v3/internal/api/week_handler.go:264.2,264.12 1 1
github.com/waynenilsen/power-pro-v3/internal/api/week_handler.go:264.12,267.3 2 1
github.com/waynenilsen/power-pro-v3/internal/api/week_handler.go:270.2,270.47 1 1
github.com/waynenilsen/power-pro-v3/internal/api/week_handler.go:270.47,273.3 2 0
github.com/waynenilsen/power-pro-v3/internal/api/week_handler.go:275.2,275.59 1 1
github.com/waynenilsen/power-pro-v3/internal/api/week_handler.go:279.70,281.14 2 1
github.com/waynenilsen/power-pro-v3/internal/api/week_handler.go:281.14,284.3 2 0
github.com/waynenilsen/power-pro-v3/internal/api/week_handler.go:287.2,288.16 2 1
github.com/waynenilsen/power-pro-v3/internal/api/week_handler.go:288.16,291.3 2 0
github.com/waynenilsen/power-pro-v3/internal/api/week_handler.go:292.2,292.21 1 1
github.com/waynenilsen/power-pro-v3/internal/api/week_handler.go:292.21,295.3 2 0
github.com/waynenilsen/power-pro-v3/internal/api/week_handler.go:297.2,298.42 2 1
github.com/waynenilsen/power-pro-v3/internal/api/week_handler.go:298.42,301.3 2 0
github.com/waynenilsen/power-pro-v3/internal/api/week_handler.go:304.2,305.24 2 1
github.com/waynenilsen/power-pro-v3/internal/api/week_handler.go:305.24,307.17 2 0
github.com/waynenilsen/power-pro-v3/internal/api/week_handler.go:307.17,310.4 2 0
github.com/waynenilsen/power-pro-v3/internal/api/week_handler.go:311.3,311.19 1 0
github.com/waynenilsen/power-pro-v3/internal/api/week_handler.go:311.19,314.4 2 0
github.com/waynenilsen/power-pro-v3/internal/api/week_handler.go:315.3,315.28 1 0
github.com/waynenilsen/power-pro-v3/internal/api/week_handler.go:319.2,320.27 2 1
github.com/waynenilsen/power-pro-v3/internal/api/week_handler.go:320.27,322.3 1 1
github.com/waynenilsen/power-pro-v3/internal/api/week_handler.go:323.2,323.76 1 1
github.com/waynenilsen/power-pro-v3/internal/api/week_handler.go:323.76,325.17 2 1
github.com/waynenilsen/power-pro-v3/internal/api/week_handler.go:325.17,328.4 2 0
github.com/waynenilsen/power-pro-v3/internal/api/week_handler.go:329.3,329.13 1 1
github.com/waynenilsen/power-pro-v3/internal/api/week_handler.go:329.13,332.4 2 0
github.com/waynenilsen/power-pro-v3/internal/api/week_handler.go:336.2,344.19 3 1
github.com/waynenilsen/power-pro-v3/internal/api/week_handler.go:344.19,346.37 2 0
github.com/waynenilsen/power-pro-v3/internal/api/week_handler.go:346.37,348.4 1 0
github.com/waynenilsen/power-pro-v3/internal/api/week_handler.go:349.3,350.9 2 0
github.com/waynenilsen/power-pro-v3/internal/api/week_handler.go:354.2,354.48 1 1
github.com/waynenilsen/power-pro-v3/internal/api/week_handler.go:354.48,357.3 2 0
github.com/waynenilsen/power-pro-v3/internal/api/week_handler.go:359.2,359.55 1 1
github.com/waynenilsen/power-pro-v3/internal/api/week_handler.go:363.70,365.14 2 1
github.com/waynenilsen/power-pro-v3/internal/api/week_handler.go:365.14,368.3 2 0
github.com/waynenilsen/power-pro-v3/internal/api/week_handler.go:371.2,372.16 2 1
github.com/waynenilsen/power-pro-v3/internal/api/week_handler.go:372.16,375.3 2 0
github.com/waynenilsen/power-pro-v3/internal/api/week_handler.go:376.2,376.21 1 1
github.com/waynenilsen/power-pro-v3/internal/api/week_handler.go:376.21,379.3 2 0
github.com/waynenilsen/power-pro-v3/internal/api/week_handler.go:382.2,383.16 2 1
github.com/waynenilsen/power-pro-v3/internal/api/week_handler.go:383.16,386.3 2 0
github.com/waynenilsen/power-pro-v3/internal/api/week_handler.go:387.2,387.12 1 1
github.com/waynenilsen/power-pro-v3/internal/api/week_handler.go:387.12,390.3 2 0
github.com/waynenilsen/power-pro-v3/internal/api/week_handler.go:393.2,393.42 1 1
github.com/waynenilsen/power-pro-v3/internal/api/week_handler.go:393.42,396.3 2 0
github.com/waynenilsen/power-pro-v3/internal/api/week_handler.go:398.2,398.37 1 1
github.com/waynenilsen/power-pro-v3/internal/api/week_handler.go:402.70,404.18 2 1
github.com/waynenilsen/power-pro-v3/internal/api/week_handler.go:404.18,407.3 2 0
github.com/waynenilsen/power-pro-v3/internal/api/week_handler.go:410.2,411.16 2 1
github.com/waynenilsen/power-pro-v3/internal/api/week_handler.go:411.16,414.3 2 0
github.com/waynenilsen/power-pro-v3/internal/api/week_handler.go:415.2,415.15 1 1
github.com/waynenilsen/power-pro-v3/internal/api/week_handler.go:415.15,418.3 2 0
github.com/waynenilsen/power-pro-v3/internal/api/week_handler.go:420.2,421.42 2 1
github.com/waynenilsen/power-pro-v3/internal/api/week_handler.go:421.42,424.3 2 0
github.com/waynenilsen/power-pro-v3/internal/api/week_handler.go:426.2,426.40 1 1
github.com/waynenilsen/power-pro-v3/internal/api/week_handler.go:426.40,429.3 2 0
github.com/waynenilsen/power-pro-v3/internal/api/week_handler.go:431.2,431.44 1 1
github.com/waynenilsen/power-pro-v3/internal/api/week_handler.go:431.44,434.3 2 0
github.com/waynenilsen/power-pro-v3/internal/api/week_handler.go:437.2,438.16 2 1
github.com/waynenilsen/power-pro-v3/internal/api/week_handler.go:438.16,441.3 2 0
github.com/waynenilsen/power-pro-v3/internal/api/week_handler.go:442.2,442.16 1 1
github.com/waynenilsen/power-pro-v3/internal/api/week_handler.go:442.16,445.3 2 1
github.com/waynenilsen/power-pro-v3/internal/api/week_handler.go:448.2,458.19 4 1
github.com/waynenilsen/power-pro-v3/internal/api/week_handler.go:458.19,460.37 2 1
github.com/waynenilsen/power-pro-v3/internal/api/week_handler.go:460.37,462.4 1 1
github.com/waynenilsen/power-pro-v3/internal/api/week_handler.go:463.3,464.9 2 1
github.com/waynenilsen/power-pro-v3/internal/api/week_handler.go:468.2,468.57 1 1
github.com/waynenilsen/power-pro-v3/internal/api/week_handler.go:468.57,471.3 2 0
github.com/waynenilsen/power-pro-v3/internal/api/week_handler.go:473.2,480.40 2 1
github.com/waynenilsen/power-pro-v3/internal/api/week_handler.go:484.73,488.18 3 1
github.com/waynenilsen/power-pro-v3/internal/api/week_handler.go:488.18,491.3 2 0
github.com/waynenilsen/power-pro-v3/internal/api/week_handler.go:492.2,492.17 1 1
github.com/waynenilsen/power-pro-v3/internal/api/week_handler.go:492.17,495.3 2 0
github.com/waynenilsen/power-pro-v3/internal/api/week_handler.go:499.2,500.21 2 1
github.com/waynenilsen/power-pro-v3/internal/api/week_handler.go:500.21,503.3 2 1
github.com/waynenilsen/power-pro-v3/internal/api/week_handler.go:506.2,507.16 2 1
github.com/waynenilsen/power-pro-v3/internal/api/week_handler.go:507.16,510.3 2 0
github.com/waynenilsen/power-pro-v3/internal/api/week_handler.go:511.2,511.15 1 1
github.com/waynenilsen/power-pro-v3/internal/api/week_handler.go:511.15,514.3 2 0
github.com/waynenilsen/power-pro-v3/internal/api/week_handler.go:517.2,518.16 2 1
github.com/waynenilsen/power-pro-v3/internal/api/week_handler.go:518.16,521.3 2 0
github.com/waynenilsen/power-pro-v3/internal/api/week_handler.go:522.2,522.21 1 1
github.com/waynenilsen/power-pro-v3/internal/api/week_handler.go:522.21,525.3 2 0
github.com/waynenilsen/power-pro-v3/internal/api/week_handler.go:528.2,528.58 1 1
github.com/waynenilsen/power-pro-v3/internal/api/week_handler.go:528.58,531.3 2 0
github.com/waynenilsen/power-pro-v3/internal/api/week_handler.go:533.2,533.37 1 1
github.com/waynenilsen/power-pro-v3/internal/api/weekly_lookup_handler.go:20.91,24.2 1 1
github.com/waynenilsen/power-pro-v3/internal/api/weekly_lookup_handler.go:66.80,68.30 2 1
github.com/waynenilsen/power-pro-v3/internal/api/weekly_lookup_handler.go:68.30,75.3 1 1
github.com/waynenilsen/power-pro-v3/internal/api/weekly_lookup_handler.go:77.2,84.3 1 1
github.com/waynenilsen/power-pro-v3/internal/api/weekly_lookup_handler.go:87.98,89.28 2 1
github.com/waynenilsen/power-pro-v3/internal/api/weekly_lookup_handler.go:89.28,96.3 1 1
github.com/waynenilsen/power-pro-v3/internal/api/weekly_lookup_handler.go:97.2,97.15 1 1
github.com/waynenilsen/power-pro-v3/internal/api/weekly_lookup_handler.go:101.76,108.37 4 1
github.com/waynenilsen/power-pro-v3/internal/api/weekly_lookup_handler.go:108.37,109.63 1 0
github.com/waynenilsen/power-pro-v3/internal/api/weekly_lookup_handler.go:109.63,111.4 1 0
github.com/waynenilsen/power-pro-v3/internal/api/weekly_lookup_handler.go:113.2,113.43 1 1
github.com/waynenilsen/power-pro-v3/internal/api/weekly_lookup_handler.go:113.43,114.81 1 0
github.com/waynenilsen/power-pro-v3/internal/api/weekly_lookup_handler.go:114.81,116.4 1 0
github.com/waynenilsen/power-pro-v3/internal/api/weekly_lookup_handler.go:120.2,122.39 3 1
github.com/waynenilsen/power-pro-v3/internal/api/weekly_lookup_handler.go:122.39,123.29 1 0
github.com/waynenilsen/power-pro-v3/internal/api/weekly_lookup_handler.go:124.15,125.46 1 0
github.com/waynenilsen/power-pro-v3/internal/api/weekly_lookup_handler.go:126.34,127.51 1 0
github.com/waynenilsen/power-pro-v3/internal/api/weekly_lookup_handler.go:130.2,130.42 1 1
github.com/waynenilsen/power-pro-v3/internal/api/weekly_lookup_handler.go:130.42,131.29 1 0
github.com/waynenilsen/power-pro-v3/internal/api/weekly_lookup_handler.go:132.14,133.34 1 0
github.com/waynenilsen/power-pro-v3/internal/api/weekly_lookup_handler.go:134.15,135.35 1 0
github.com/waynenilsen/power-pro-v3/internal/api/weekly_lookup_handler.go:139.2,147.16 3 1
github.com/waynenilsen/power-pro-v3/internal/api/weekly_lookup_handler.go:147.16,150.3 2 0
github.com/waynenilsen/power-pro-v3/internal/api/weekly_lookup_handler.go:153.2,154.28 2 1
github.com/waynenilsen/power-pro-v3/internal/api/weekly_lookup_handler.go:154.28,156.3 1 1
github.com/waynenilsen/power-pro-v3/internal/api/weekly_lookup_handler.go:159.2,160.31 2 1
github.com/waynenilsen/power-pro-v3/internal/api/weekly_lookup_handler.go:160.31,162.3 1 1
github.com/waynenilsen/power-pro-v3/internal/api/weekly_lookup_handler.go:164.2,172.35 2 1
github.com/waynenilsen/power-pro-v3/internal/api/weekly_lookup_handler.go:176.75,178.14 2 1
github.com/waynenilsen/power-pro-v3/internal/api/weekly_lookup_handler.go:178.14,181.3 2 0
github.com/waynenilsen/power-pro-v3/internal/api/weekly_lookup_handler.go:183.2,184.16 2 1
github.com/waynenilsen/power-pro-v3/internal/api/weekly_lookup_handler.go:184.16,187.3 2 0
github.com/waynenilsen/power-pro-v3/internal/api/weekly_lookup_handler.go:188.2,188.19 1 1
github.com/waynenilsen/power-pro-v3/internal/api/weekly_lookup_handler.go:188.19,191.3 2 1
github.com/waynenilsen/power-pro-v3/internal/api/weekly_lookup_handler.go:193.2,193.61 1 1
github.com/waynenilsen/power-pro-v3/internal/api/weekly_lookup_handler.go:197.78,199.42 2 1
github.com/waynenilsen/power-pro-v3/internal/api/weekly_lookup_handler.go:199.42,202.3 2 0
github.com/waynenilsen/power-pro-v3/internal/api/weekly_lookup_handler.go:205.2,215.19 4 1
github.com/waynenilsen/power-pro-v3/internal/api/weekly_lookup_handler.go:215.19,217.37 2 1
github.com/waynenilsen/power-pro-v3/internal/api/weekly_lookup_handler.go:217.37,219.4 1 1
github.com/waynenilsen/power-pro-v3/internal/api/weekly_lookup_handler.go:220.3,221.9 2 1
github.com/waynenilsen/power-pro-v3/internal/api/weekly_lookup_handler.go:225.2,225.49 1 1
github.com/waynenilsen/power-pro-v3/internal/api/weekly_lookup_handler.go:225.49,228.3 2 0
github.com/waynenilsen/power-pro-v3/internal/api/weekly_lookup_handler.go:230.2,230.69 1 1
github.com/waynenilsen/power-pro-v3/internal/api/weekly_lookup_handler.go:234.78,236.14 2 1
github.com/waynenilsen/power-pro-v3/internal/api/weekly_lookup_handler.go:236.14,239.3 2 0
github.com/waynenilsen/power-pro-v3/internal/api/weekly_lookup_handler.go:242.2,243.16 2 1
github.com/waynenilsen/power-pro-v3/internal/api/weekly_lookup_handler.go:243.16,246.3 2 0
github.com/waynenilsen/power-pro-v3/internal/api/weekly_lookup_handler.go:247.2,247.21 1 1
github.com/waynenilsen/power-pro-v3/internal/api/weekly_lookup_handler.go:247.21,250.3 2 1
github.com/waynenilsen/power-pro-v3/internal/api/weekly_lookup_handler.go:252.2,253.42 2 1
github.com/waynenilsen/power-pro-v3/internal/api/weekly_lookup_handler.go:253.42,256.3 2 0
github.com/waynenilsen/power-pro-v3/internal/api/weekly_lookup_handler.go:259.2,263.24 2 1
github.com/waynenilsen/power-pro-v3/internal/api/weekly_lookup_handler.go:263.24,266.3 2 1
github.com/waynenilsen/power-pro-v3/internal/api/weekly_lookup_handler.go:268.2,269.19 2 1
github.com/waynenilsen/power-pro-v3/internal/api/weekly_lookup_handler.go:269.19,271.37 2 0
github.com/waynenilsen/power-pro-v3/internal/api/weekly_lookup_handler.go:271.37,273.4 1 0
github.com/waynenilsen/power-pro-v3/internal/api/weekly_lookup_handler.go:274.3,275.9 2 0
github.com/waynenilsen/power-pro-v3/internal/api/weekly_lookup_handler.go:279.2,279.48 1 1
github.com/waynenilsen/power-pro-v3/internal/api/weekly_lookup_handler.go:279.48,282.3 2 0
github.com/waynenilsen/power-pro-v3/internal/api/weekly_lookup_handler.go:284.2,284.63 1 1
github.com/waynenilsen/power-pro-v3/internal/api/weekly_lookup_handler.go:288.78,290.14 2 1
github.com/waynenilsen/power-pro-v3/internal/api/weekly_lookup_handler.go:290.14,293.3 2 0
github.com/waynenilsen/power-pro-v3/internal/api/weekly_lookup_handler.go:296.2,297.16 2 1
github.com/waynenilsen/power-pro-v3/internal/api/weekly_lookup_handler.go:297.16,300.3 2 0
github.com/waynenilsen/power-pro-v3/internal/api/weekly_lookup_handler.go:301.2,301.21 1 1
github.com/waynenilsen/power-pro-v3/internal/api/weekly_lookup_handler.go:301.21,304.3 2 1
github.com/waynenilsen/power-pro-v3/internal/api/weekly_lookup_handler.go:307.2,308.16 2 1
github.com/waynenilsen/power-pro-v3/internal/api/weekly_lookup_handler.go:308.16,311.3 2 0
github.com/waynenilsen/power-pro-v3/internal/api/weekly_lookup_handler.go:312.2,312.12 1 1
github.com/waynenilsen/power-pro-v3/internal/api/weekly_lookup_handler.go:312.12,315.3 2 0
github.com/waynenilsen/power-pro-v3/internal/api/weekly_lookup_handler.go:318.2,318.42 1 1
github.com/waynenilsen/power-pro-v3/internal/api/weekly_lookup_handler.go:318.42,321.3 2 0
github.com/waynenilsen/power-pro-v3/internal/api/weekly_lookup_handler.go:323.2,323.37 1 1
